<?xml version="1.0" encoding="UTF-8"?>
<!-- Generated by org.testng.reporters.JUnitReportReporter -->
<testsuite hostname="LAPTOP-D354NA9R" failures="0" tests="3" name="com.OrangeHRMApplicationWebPagesTest.LogInPageTest" time="4.921" errors="1" timestamp="2024-05-16T19:24:09 IST" skipped="0">
  <testcase classname="com.OrangeHRMApplicationWebPagesTest.LogInPageTest" name="orangeHRMApplication_LogInPage_LogInPanelValidationTest" time="1.929"/>
  <system-out/>
  <testcase classname="com.OrangeHRMApplicationWebPagesTest.LogInPageTest" name="orangeHRMApplication_LogInPageLogoValidationTest" time="1.335"/>
  <system-out/>
  <testcase classname="com.OrangeHRMApplicationWebPagesTest.LogInPageTest" name="logInValidationTest" time="1.657">
    <error type="java.lang.StackOverflowError">
      <![CDATA[java.lang.StackOverflowError
at java.base/java.util.HashMap.hash(HashMap.java:338)
at java.base/java.util.HashMap.put(HashMap.java:610)
at java.base/java.util.HashSet.add(HashSet.java:221)
at org.openqa.selenium.support.AbstractFindByBuilder.assertValidFindBy(AbstractFindByBuilder.java:100)
at org.openqa.selenium.support.FindBy$FindByBuilder.buildIt(FindBy.java:82)
at org.openqa.selenium.support.pagefactory.Annotations.buildBy(Annotations.java:77)
at org.openqa.selenium.support.pagefactory.DefaultElementLocator.<init>(DefaultElementLocator.java:58)
at org.openqa.selenium.support.pagefactory.DefaultElementLocator.<init>(DefaultElementLocator.java:46)
at org.openqa.selenium.support.pagefactory.DefaultElementLocatorFactory.createLocator(DefaultElementLocatorFactory.java:32)
at org.openqa.selenium.support.pagefactory.DefaultFieldDecorator.decorate(DefaultFieldDecorator.java:56)
at org.openqa.selenium.support.PageFactory.proxyFields(PageFactory.java:113)
at org.openqa.selenium.support.PageFactory.initElements(PageFactory.java:105)
at org.openqa.selenium.support.PageFactory.initElements(PageFactory.java:92)
at org.openqa.selenium.support.PageFactory.initElements(PageFactory.java:79)
at com.OrangeHRMApplicationWebPages.LogInPage.<init>(LogInPage.java:31)
at com.OrangeHRMApplicationWebPagesTest.LogInPageTest.<init>(LogInPageTest.java:8)
at com.OrangeHRMApplicationWebPagesTest.LogInPageTest.logInValidationTest(LogInPageTest.java:31)
at com.OrangeHRMApplicationWebPagesTest.LogInPageTest.logInValidationTest(LogInPageTest.java:32)
at com.OrangeHRMApplicationWebPagesTest.LogInPageTest.logInValidationTest(LogInPageTest.java:32)
at com.OrangeHRMApplicationWebPagesTest.LogInPageTest.logInValidationTest(LogInPageTest.java:32)
at com.OrangeHRMApplicationWebPagesTest.LogInPageTest.logInValidationTest(LogInPageTest.java:32)
at com.OrangeHRMApplicationWebPagesTest.LogInPageTest.logInValidationTest(LogInPageTest.java:32)
at com.OrangeHRMApplicationWebPagesTest.LogInPageTest.logInValidationTest(LogInPageTest.java:32)
at com.OrangeHRMApplicationWebPagesTest.LogInPageTest.logInValidationTest(LogInPageTest.java:32)
at com.OrangeHRMApplicationWebPagesTest.LogInPageTest.logInValidationTest(LogInPageTest.java:32)
at com.OrangeHRMApplicationWebPagesTest.LogInPageTest.logInValidationTest(LogInPageTest.java:32)
at com.OrangeHRMApplicationWebPagesTest.LogInPageTest.logInValidationTest(LogInPageTest.java:32)
at com.OrangeHRMApplicationWebPagesTest.LogInPageTest.logInValidationTest(LogInPageTest.java:32)
at com.OrangeHRMApplicationWebPagesTest.LogInPageTest.logInValidationTest(LogInPageTest.java:32)
at com.OrangeHRMApplicationWebPagesTest.LogInPageTest.logInValidationTest(LogInPageTest.java:32)
at com.OrangeHRMApplicationWebPagesTest.LogInPageTest.logInValidationTest(LogInPageTest.java:32)
at com.OrangeHRMApplicationWebPagesTest.LogInPageTest.logInValidationTest(LogInPageTest.java:32)
at com.OrangeHRMApplicationWebPagesTest.LogInPageTest.logInValidationTest(LogInPageTest.java:32)
at com.OrangeHRMApplicationWebPagesTest.LogInPageTest.logInValidationTest(LogInPageTest.java:32)
at com.OrangeHRMApplicationWebPagesTest.LogInPageTest.logInValidationTest(LogInPageTest.java:32)
at com.OrangeHRMApplicationWebPagesTest.LogInPageTest.logInValidationTest(LogInPageTest.java:32)
at com.OrangeHRMApplicationWebPagesTest.LogInPageTest.logInValidationTest(LogInPageTest.java:32)
at com.OrangeHRMApplicationWebPagesTest.LogInPageTest.logInValidationTest(LogInPageTest.java:32)
at com.OrangeHRMApplicationWebPagesTest.LogInPageTest.logInValidationTest(LogInPageTest.java:32)
at com.OrangeHRMApplicationWebPagesTest.LogInPageTest.logInValidationTest(LogInPageTest.java:32)
at com.OrangeHRMApplicationWebPagesTest.LogInPageTest.logInValidationTest(LogInPageTest.java:32)
at com.OrangeHRMApplicationWebPagesTest.LogInPageTest.logInValidationTest(LogInPageTest.java:32)
at com.OrangeHRMApplicationWebPagesTest.LogInPageTest.logInValidationTest(LogInPageTest.java:32)
at com.OrangeHRMApplicationWebPagesTest.LogInPageTest.logInValidationTest(LogInPageTest.java:32)
at com.OrangeHRMApplicationWebPagesTest.LogInPageTest.logInValidationTest(LogInPageTest.java:32)
at com.OrangeHRMApplicationWebPagesTest.LogInPageTest.logInValidationTest(LogInPageTest.java:32)
at com.OrangeHRMApplicationWebPagesTest.LogInPageTest.logInValidationTest(LogInPageTest.java:32)
at com.OrangeHRMApplicationWebPagesTest.LogInPageTest.logInValidationTest(LogInPageTest.java:32)
at com.OrangeHRMApplicationWebPagesTest.LogInPageTest.logInValidationTest(LogInPageTest.java:32)
at com.OrangeHRMApplicationWebPagesTest.LogInPageTest.logInValidationTest(LogInPageTest.java:32)
at com.OrangeHRMApplicationWebPagesTest.LogInPageTest.logInValidationTest(LogInPageTest.java:32)
at com.OrangeHRMApplicationWebPagesTest.LogInPageTest.logInValidationTest(LogInPageTest.java:32)
at com.OrangeHRMApplicationWebPagesTest.LogInPageTest.logInValidationTest(LogInPageTest.java:32)
at com.OrangeHRMApplicationWebPagesTest.LogInPageTest.logInValidationTest(LogInPageTest.java:32)
at com.OrangeHRMApplicationWebPagesTest.LogInPageTest.logInValidationTest(LogInPageTest.java:32)
at com.OrangeHRMApplicationWebPagesTest.LogInPageTest.logInValidationTest(LogInPageTest.java:32)
at com.OrangeHRMApplicationWebPagesTest.LogInPageTest.logInValidationTest(LogInPageTest.java:32)
at com.OrangeHRMApplicationWebPagesTest.LogInPageTest.logInValidationTest(LogInPageTest.java:32)
at com.OrangeHRMApplicationWebPagesTest.LogInPageTest.logInValidationTest(LogInPageTest.java:32)
at com.OrangeHRMApplicationWebPagesTest.LogInPageTest.logInValidationTest(LogInPageTest.java:32)
at com.OrangeHRMApplicationWebPagesTest.LogInPageTest.logInValidationTest(LogInPageTest.java:32)
at com.OrangeHRMApplicationWebPagesTest.LogInPageTest.logInValidationTest(LogInPageTest.java:32)
at com.OrangeHRMApplicationWebPagesTest.LogInPageTest.logInValidationTest(LogInPageTest.java:32)
at com.OrangeHRMApplicationWebPagesTest.LogInPageTest.logInValidationTest(LogInPageTest.java:32)
at com.OrangeHRMApplicationWebPagesTest.LogInPageTest.logInValidationTest(LogInPageTest.java:32)
at com.OrangeHRMApplicationWebPagesTest.LogInPageTest.logInValidationTest(LogInPageTest.java:32)
at com.OrangeHRMApplicationWebPagesTest.LogInPageTest.logInValidationTest(LogInPageTest.java:32)
at com.OrangeHRMApplicationWebPagesTest.LogInPageTest.logInValidationTest(LogInPageTest.java:32)
at com.OrangeHRMApplicationWebPagesTest.LogInPageTest.logInValidationTest(LogInPageTest.java:32)
at com.OrangeHRMApplicationWebPagesTest.LogInPageTest.logInValidationTest(LogInPageTest.java:32)
at com.OrangeHRMApplicationWebPagesTest.LogInPageTest.logInValidationTest(LogInPageTest.java:32)
at com.OrangeHRMApplicationWebPagesTest.LogInPageTest.logInValidationTest(LogInPageTest.java:32)
at com.OrangeHRMApplicationWebPagesTest.LogInPageTest.logInValidationTest(LogInPageTest.java:32)
at com.OrangeHRMApplicationWebPagesTest.LogInPageTest.logInValidationTest(LogInPageTest.java:32)
at com.OrangeHRMApplicationWebPagesTest.LogInPageTest.logInValidationTest(LogInPageTest.java:32)
at com.OrangeHRMApplicationWebPagesTest.LogInPageTest.logInValidationTest(LogInPageTest.java:32)
at com.OrangeHRMApplicationWebPagesTest.LogInPageTest.logInValidationTest(LogInPageTest.java:32)
at com.OrangeHRMApplicationWebPagesTest.LogInPageTest.logInValidationTest(LogInPageTest.java:32)
at com.OrangeHRMApplicationWebPagesTest.LogInPageTest.logInValidationTest(LogInPageTest.java:32)
at com.OrangeHRMApplicationWebPagesTest.LogInPageTest.logInValidationTest(LogInPageTest.java:32)
at com.OrangeHRMApplicationWebPagesTest.LogInPageTest.logInValidationTest(LogInPageTest.java:32)
at com.OrangeHRMApplicationWebPagesTest.LogInPageTest.logInValidationTest(LogInPageTest.java:32)
at com.OrangeHRMApplicationWebPagesTest.LogInPageTest.logInValidationTest(LogInPageTest.java:32)
at com.OrangeHRMApplicationWebPagesTest.LogInPageTest.logInValidationTest(LogInPageTest.java:32)
at com.OrangeHRMApplicationWebPagesTest.LogInPageTest.logInValidationTest(LogInPageTest.java:32)
at com.OrangeHRMApplicationWebPagesTest.LogInPageTest.logInValidationTest(LogInPageTest.java:32)
at com.OrangeHRMApplicationWebPagesTest.LogInPageTest.logInValidationTest(LogInPageTest.java:32)
at com.OrangeHRMApplicationWebPagesTest.LogInPageTest.logInValidationTest(LogInPageTest.java:32)
at com.OrangeHRMApplicationWebPagesTest.LogInPageTest.logInValidationTest(LogInPageTest.java:32)
at com.OrangeHRMApplicationWebPagesTest.LogInPageTest.logInValidationTest(LogInPageTest.java:32)
at com.OrangeHRMApplicationWebPagesTest.LogInPageTest.logInValidationTest(LogInPageTest.java:32)
at com.OrangeHRMApplicationWebPagesTest.LogInPageTest.logInValidationTest(LogInPageTest.java:32)
at com.OrangeHRMApplicationWebPagesTest.LogInPageTest.logInValidationTest(LogInPageTest.java:32)
at com.OrangeHRMApplicationWebPagesTest.LogInPageTest.logInValidationTest(LogInPageTest.java:32)
at com.OrangeHRMApplicationWebPagesTest.LogInPageTest.logInValidationTest(LogInPageTest.java:32)
at com.OrangeHRMApplicationWebPagesTest.LogInPageTest.logInValidationTest(LogInPageTest.java:32)
at com.OrangeHRMApplicationWebPagesTest.LogInPageTest.logInValidationTest(LogInPageTest.java:32)
at com.OrangeHRMApplicationWebPagesTest.LogInPageTest.logInValidationTest(LogInPageTest.java:32)
at com.OrangeHRMApplicationWebPagesTest.LogInPageTest.logInValidationTest(LogInPageTest.java:32)
at com.OrangeHRMApplicationWebPagesTest.LogInPageTest.logInValidationTest(LogInPageTest.java:32)
at com.OrangeHRMApplicationWebPagesTest.LogInPageTest.logInValidationTest(LogInPageTest.java:32)
at com.OrangeHRMApplicationWebPagesTest.LogInPageTest.logInValidationTest(LogInPageTest.java:32)
at com.OrangeHRMApplicationWebPagesTest.LogInPageTest.logInValidationTest(LogInPageTest.java:32)
at com.OrangeHRMApplicationWebPagesTest.LogInPageTest.logInValidationTest(LogInPageTest.java:32)
at com.OrangeHRMApplicationWebPagesTest.LogInPageTest.logInValidationTest(LogInPageTest.java:32)
at com.OrangeHRMApplicationWebPagesTest.LogInPageTest.logInValidationTest(LogInPageTest.java:32)
at com.OrangeHRMApplicationWebPagesTest.LogInPageTest.logInValidationTest(LogInPageTest.java:32)
at com.OrangeHRMApplicationWebPagesTest.LogInPageTest.logInValidationTest(LogInPageTest.java:32)
at com.OrangeHRMApplicationWebPagesTest.LogInPageTest.logInValidationTest(LogInPageTest.java:32)
at com.OrangeHRMApplicationWebPagesTest.LogInPageTest.logInValidationTest(LogInPageTest.java:32)
at com.OrangeHRMApplicationWebPagesTest.LogInPageTest.logInValidationTest(LogInPageTest.java:32)
at com.OrangeHRMApplicationWebPagesTest.LogInPageTest.logInValidationTest(LogInPageTest.java:32)
at com.OrangeHRMApplicationWebPagesTest.LogInPageTest.logInValidationTest(LogInPageTest.java:32)
at com.OrangeHRMApplicationWebPagesTest.LogInPageTest.logInValidationTest(LogInPageTest.java:32)
at com.OrangeHRMApplicationWebPagesTest.LogInPageTest.logInValidationTest(LogInPageTest.java:32)
at com.OrangeHRMApplicationWebPagesTest.LogInPageTest.logInValidationTest(LogInPageTest.java:32)
at com.OrangeHRMApplicationWebPagesTest.LogInPageTest.logInValidationTest(LogInPageTest.java:32)
at com.OrangeHRMApplicationWebPagesTest.LogInPageTest.logInValidationTest(LogInPageTest.java:32)
at com.OrangeHRMApplicationWebPagesTest.LogInPageTest.logInValidationTest(LogInPageTest.java:32)
at com.OrangeHRMApplicationWebPagesTest.LogInPageTest.logInValidationTest(LogInPageTest.java:32)
at com.OrangeHRMApplicationWebPagesTest.LogInPageTest.logInValidationTest(LogInPageTest.java:32)
at com.OrangeHRMApplicationWebPagesTest.LogInPageTest.logInValidationTest(LogInPageTest.java:32)
at com.OrangeHRMApplicationWebPagesTest.LogInPageTest.logInValidationTest(LogInPageTest.java:32)
at com.OrangeHRMApplicationWebPagesTest.LogInPageTest.logInValidationTest(LogInPageTest.java:32)
at com.OrangeHRMApplicationWebPagesTest.LogInPageTest.logInValidationTest(LogInPageTest.java:32)
at com.OrangeHRMApplicationWebPagesTest.LogInPageTest.logInValidationTest(LogInPageTest.java:32)
at com.OrangeHRMApplicationWebPagesTest.LogInPageTest.logInValidationTest(LogInPageTest.java:32)
at com.OrangeHRMApplicationWebPagesTest.LogInPageTest.logInValidationTest(LogInPageTest.java:32)
at com.OrangeHRMApplicationWebPagesTest.LogInPageTest.logInValidationTest(LogInPageTest.java:32)
at com.OrangeHRMApplicationWebPagesTest.LogInPageTest.logInValidationTest(LogInPageTest.java:32)
at com.OrangeHRMApplicationWebPagesTest.LogInPageTest.logInValidationTest(LogInPageTest.java:32)
at com.OrangeHRMApplicationWebPagesTest.LogInPageTest.logInValidationTest(LogInPageTest.java:32)
at com.OrangeHRMApplicationWebPagesTest.LogInPageTest.logInValidationTest(LogInPageTest.java:32)
at com.OrangeHRMApplicationWebPagesTest.LogInPageTest.logInValidationTest(LogInPageTest.java:32)
at com.OrangeHRMApplicationWebPagesTest.LogInPageTest.logInValidationTest(LogInPageTest.java:32)
at com.OrangeHRMApplicationWebPagesTest.LogInPageTest.logInValidationTest(LogInPageTest.java:32)
at com.OrangeHRMApplicationWebPagesTest.LogInPageTest.logInValidationTest(LogInPageTest.java:32)
at com.OrangeHRMApplicationWebPagesTest.LogInPageTest.logInValidationTest(LogInPageTest.java:32)
at com.OrangeHRMApplicationWebPagesTest.LogInPageTest.logInValidationTest(LogInPageTest.java:32)
at com.OrangeHRMApplicationWebPagesTest.LogInPageTest.logInValidationTest(LogInPageTest.java:32)
at com.OrangeHRMApplicationWebPagesTest.LogInPageTest.logInValidationTest(LogInPageTest.java:32)
at com.OrangeHRMApplicationWebPagesTest.LogInPageTest.logInValidationTest(LogInPageTest.java:32)
at com.OrangeHRMApplicationWebPagesTest.LogInPageTest.logInValidationTest(LogInPageTest.java:32)
at com.OrangeHRMApplicationWebPagesTest.LogInPageTest.logInValidationTest(LogInPageTest.java:32)
at com.OrangeHRMApplicationWebPagesTest.LogInPageTest.logInValidationTest(LogInPageTest.java:32)
at com.OrangeHRMApplicationWebPagesTest.LogInPageTest.logInValidationTest(LogInPageTest.java:32)
at com.OrangeHRMApplicationWebPagesTest.LogInPageTest.logInValidationTest(LogInPageTest.java:32)
at com.OrangeHRMApplicationWebPagesTest.LogInPageTest.logInValidationTest(LogInPageTest.java:32)
at com.OrangeHRMApplicationWebPagesTest.LogInPageTest.logInValidationTest(LogInPageTest.java:32)
at com.OrangeHRMApplicationWebPagesTest.LogInPageTest.logInValidationTest(LogInPageTest.java:32)
at com.OrangeHRMApplicationWebPagesTest.LogInPageTest.logInValidationTest(LogInPageTest.java:32)
at com.OrangeHRMApplicationWebPagesTest.LogInPageTest.logInValidationTest(LogInPageTest.java:32)
at com.OrangeHRMApplicationWebPagesTest.LogInPageTest.logInValidationTest(LogInPageTest.java:32)
at com.OrangeHRMApplicationWebPagesTest.LogInPageTest.logInValidationTest(LogInPageTest.java:32)
at com.OrangeHRMApplicationWebPagesTest.LogInPageTest.logInValidationTest(LogInPageTest.java:32)
at com.OrangeHRMApplicationWebPagesTest.LogInPageTest.logInValidationTest(LogInPageTest.java:32)
at com.OrangeHRMApplicationWebPagesTest.LogInPageTest.logInValidationTest(LogInPageTest.java:32)
at com.OrangeHRMApplicationWebPagesTest.LogInPageTest.logInValidationTest(LogInPageTest.java:32)
at com.OrangeHRMApplicationWebPagesTest.LogInPageTest.logInValidationTest(LogInPageTest.java:32)
at com.OrangeHRMApplicationWebPagesTest.LogInPageTest.logInValidationTest(LogInPageTest.java:32)
at com.OrangeHRMApplicationWebPagesTest.LogInPageTest.logInValidationTest(LogInPageTest.java:32)
at com.OrangeHRMApplicationWebPagesTest.LogInPageTest.logInValidationTest(LogInPageTest.java:32)
at com.OrangeHRMApplicationWebPagesTest.LogInPageTest.logInValidationTest(LogInPageTest.java:32)
at com.OrangeHRMApplicationWebPagesTest.LogInPageTest.logInValidationTest(LogInPageTest.java:32)
at com.OrangeHRMApplicationWebPagesTest.LogInPageTest.logInValidationTest(LogInPageTest.java:32)
at com.OrangeHRMApplicationWebPagesTest.LogInPageTest.logInValidationTest(LogInPageTest.java:32)
at com.OrangeHRMApplicationWebPagesTest.LogInPageTest.logInValidationTest(LogInPageTest.java:32)
at com.OrangeHRMApplicationWebPagesTest.LogInPageTest.logInValidationTest(LogInPageTest.java:32)
at com.OrangeHRMApplicationWebPagesTest.LogInPageTest.logInValidationTest(LogInPageTest.java:32)
at com.OrangeHRMApplicationWebPagesTest.LogInPageTest.logInValidationTest(LogInPageTest.java:32)
at com.OrangeHRMApplicationWebPagesTest.LogInPageTest.logInValidationTest(LogInPageTest.java:32)
at com.OrangeHRMApplicationWebPagesTest.LogInPageTest.logInValidationTest(LogInPageTest.java:32)
at com.OrangeHRMApplicationWebPagesTest.LogInPageTest.logInValidationTest(LogInPageTest.java:32)
at com.OrangeHRMApplicationWebPagesTest.LogInPageTest.logInValidationTest(LogInPageTest.java:32)
at com.OrangeHRMApplicationWebPagesTest.LogInPageTest.logInValidationTest(LogInPageTest.java:32)
at com.OrangeHRMApplicationWebPagesTest.LogInPageTest.logInValidationTest(LogInPageTest.java:32)
at com.OrangeHRMApplicationWebPagesTest.LogInPageTest.logInValidationTest(LogInPageTest.java:32)
at com.OrangeHRMApplicationWebPagesTest.LogInPageTest.logInValidationTest(LogInPageTest.java:32)
at com.OrangeHRMApplicationWebPagesTest.LogInPageTest.logInValidationTest(LogInPageTest.java:32)
at com.OrangeHRMApplicationWebPagesTest.LogInPageTest.logInValidationTest(LogInPageTest.java:32)
at com.OrangeHRMApplicationWebPagesTest.LogInPageTest.logInValidationTest(LogInPageTest.java:32)
at com.OrangeHRMApplicationWebPagesTest.LogInPageTest.logInValidationTest(LogInPageTest.java:32)
at com.OrangeHRMApplicationWebPagesTest.LogInPageTest.logInValidationTest(LogInPageTest.java:32)
at com.OrangeHRMApplicationWebPagesTest.LogInPageTest.logInValidationTest(LogInPageTest.java:32)
at com.OrangeHRMApplicationWebPagesTest.LogInPageTest.logInValidationTest(LogInPageTest.java:32)
at com.OrangeHRMApplicationWebPagesTest.LogInPageTest.logInValidationTest(LogInPageTest.java:32)
at com.OrangeHRMApplicationWebPagesTest.LogInPageTest.logInValidationTest(LogInPageTest.java:32)
at com.OrangeHRMApplicationWebPagesTest.LogInPageTest.logInValidationTest(LogInPageTest.java:32)
at com.OrangeHRMApplicationWebPagesTest.LogInPageTest.logInValidationTest(LogInPageTest.java:32)
at com.OrangeHRMApplicationWebPagesTest.LogInPageTest.logInValidationTest(LogInPageTest.java:32)
at com.OrangeHRMApplicationWebPagesTest.LogInPageTest.logInValidationTest(LogInPageTest.java:32)
at com.OrangeHRMApplicationWebPagesTest.LogInPageTest.logInValidationTest(LogInPageTest.java:32)
at com.OrangeHRMApplicationWebPagesTest.LogInPageTest.logInValidationTest(LogInPageTest.java:32)
at com.OrangeHRMApplicationWebPagesTest.LogInPageTest.logInValidationTest(LogInPageTest.java:32)
at com.OrangeHRMApplicationWebPagesTest.LogInPageTest.logInValidationTest(LogInPageTest.java:32)
at com.OrangeHRMApplicationWebPagesTest.LogInPageTest.logInValidationTest(LogInPageTest.java:32)
at com.OrangeHRMApplicationWebPagesTest.LogInPageTest.logInValidationTest(LogInPageTest.java:32)
at com.OrangeHRMApplicationWebPagesTest.LogInPageTest.logInValidationTest(LogInPageTest.java:32)
at com.OrangeHRMApplicationWebPagesTest.LogInPageTest.logInValidationTest(LogInPageTest.java:32)
at com.OrangeHRMApplicationWebPagesTest.LogInPageTest.logInValidationTest(LogInPageTest.java:32)
at com.OrangeHRMApplicationWebPagesTest.LogInPageTest.logInValidationTest(LogInPageTest.java:32)
at com.OrangeHRMApplicationWebPagesTest.LogInPageTest.logInValidationTest(LogInPageTest.java:32)
at com.OrangeHRMApplicationWebPagesTest.LogInPageTest.logInValidationTest(LogInPageTest.java:32)
at com.OrangeHRMApplicationWebPagesTest.LogInPageTest.logInValidationTest(LogInPageTest.java:32)
at com.OrangeHRMApplicationWebPagesTest.LogInPageTest.logInValidationTest(LogInPageTest.java:32)
at com.OrangeHRMApplicationWebPagesTest.LogInPageTest.logInValidationTest(LogInPageTest.java:32)
at com.OrangeHRMApplicationWebPagesTest.LogInPageTest.logInValidationTest(LogInPageTest.java:32)
at com.OrangeHRMApplicationWebPagesTest.LogInPageTest.logInValidationTest(LogInPageTest.java:32)
at com.OrangeHRMApplicationWebPagesTest.LogInPageTest.logInValidationTest(LogInPageTest.java:32)
at com.OrangeHRMApplicationWebPagesTest.LogInPageTest.logInValidationTest(LogInPageTest.java:32)
at com.OrangeHRMApplicationWebPagesTest.LogInPageTest.logInValidationTest(LogInPageTest.java:32)
at com.OrangeHRMApplicationWebPagesTest.LogInPageTest.logInValidationTest(LogInPageTest.java:32)
at com.OrangeHRMApplicationWebPagesTest.LogInPageTest.logInValidationTest(LogInPageTest.java:32)
at com.OrangeHRMApplicationWebPagesTest.LogInPageTest.logInValidationTest(LogInPageTest.java:32)
at com.OrangeHRMApplicationWebPagesTest.LogInPageTest.logInValidationTest(LogInPageTest.java:32)
at com.OrangeHRMApplicationWebPagesTest.LogInPageTest.logInValidationTest(LogInPageTest.java:32)
at com.OrangeHRMApplicationWebPagesTest.LogInPageTest.logInValidationTest(LogInPageTest.java:32)
at com.OrangeHRMApplicationWebPagesTest.LogInPageTest.logInValidationTest(LogInPageTest.java:32)
at com.OrangeHRMApplicationWebPagesTest.LogInPageTest.logInValidationTest(LogInPageTest.java:32)
at com.OrangeHRMApplicationWebPagesTest.LogInPageTest.logInValidationTest(LogInPageTest.java:32)
at com.OrangeHRMApplicationWebPagesTest.LogInPageTest.logInValidationTest(LogInPageTest.java:32)
at com.OrangeHRMApplicationWebPagesTest.LogInPageTest.logInValidationTest(LogInPageTest.java:32)
at com.OrangeHRMApplicationWebPagesTest.LogInPageTest.logInValidationTest(LogInPageTest.java:32)
at com.OrangeHRMApplicationWebPagesTest.LogInPageTest.logInValidationTest(LogInPageTest.java:32)
at com.OrangeHRMApplicationWebPagesTest.LogInPageTest.logInValidationTest(LogInPageTest.java:32)
at com.OrangeHRMApplicationWebPagesTest.LogInPageTest.logInValidationTest(LogInPageTest.java:32)
at com.OrangeHRMApplicationWebPagesTest.LogInPageTest.logInValidationTest(LogInPageTest.java:32)
at com.OrangeHRMApplicationWebPagesTest.LogInPageTest.logInValidationTest(LogInPageTest.java:32)
at com.OrangeHRMApplicationWebPagesTest.LogInPageTest.logInValidationTest(LogInPageTest.java:32)
at com.OrangeHRMApplicationWebPagesTest.LogInPageTest.logInValidationTest(LogInPageTest.java:32)
at com.OrangeHRMApplicationWebPagesTest.LogInPageTest.logInValidationTest(LogInPageTest.java:32)
at com.OrangeHRMApplicationWebPagesTest.LogInPageTest.logInValidationTest(LogInPageTest.java:32)
at com.OrangeHRMApplicationWebPagesTest.LogInPageTest.logInValidationTest(LogInPageTest.java:32)
at com.OrangeHRMApplicationWebPagesTest.LogInPageTest.logInValidationTest(LogInPageTest.java:32)
at com.OrangeHRMApplicationWebPagesTest.LogInPageTest.logInValidationTest(LogInPageTest.java:32)
at com.OrangeHRMApplicationWebPagesTest.LogInPageTest.logInValidationTest(LogInPageTest.java:32)
at com.OrangeHRMApplicationWebPagesTest.LogInPageTest.logInValidationTest(LogInPageTest.java:32)
at com.OrangeHRMApplicationWebPagesTest.LogInPageTest.logInValidationTest(LogInPageTest.java:32)
at com.OrangeHRMApplicationWebPagesTest.LogInPageTest.logInValidationTest(LogInPageTest.java:32)
at com.OrangeHRMApplicationWebPagesTest.LogInPageTest.logInValidationTest(LogInPageTest.java:32)
at com.OrangeHRMApplicationWebPagesTest.LogInPageTest.logInValidationTest(LogInPageTest.java:32)
at com.OrangeHRMApplicationWebPagesTest.LogInPageTest.logInValidationTest(LogInPageTest.java:32)
at com.OrangeHRMApplicationWebPagesTest.LogInPageTest.logInValidationTest(LogInPageTest.java:32)
at com.OrangeHRMApplicationWebPagesTest.LogInPageTest.logInValidationTest(LogInPageTest.java:32)
at com.OrangeHRMApplicationWebPagesTest.LogInPageTest.logInValidationTest(LogInPageTest.java:32)
at com.OrangeHRMApplicationWebPagesTest.LogInPageTest.logInValidationTest(LogInPageTest.java:32)
at com.OrangeHRMApplicationWebPagesTest.LogInPageTest.logInValidationTest(LogInPageTest.java:32)
at com.OrangeHRMApplicationWebPagesTest.LogInPageTest.logInValidationTest(LogInPageTest.java:32)
at com.OrangeHRMApplicationWebPagesTest.LogInPageTest.logInValidationTest(LogInPageTest.java:32)
at com.OrangeHRMApplicationWebPagesTest.LogInPageTest.logInValidationTest(LogInPageTest.java:32)
at com.OrangeHRMApplicationWebPagesTest.LogInPageTest.logInValidationTest(LogInPageTest.java:32)
at com.OrangeHRMApplicationWebPagesTest.LogInPageTest.logInValidationTest(LogInPageTest.java:32)
at com.OrangeHRMApplicationWebPagesTest.LogInPageTest.logInValidationTest(LogInPageTest.java:32)
at com.OrangeHRMApplicationWebPagesTest.LogInPageTest.logInValidationTest(LogInPageTest.java:32)
at com.OrangeHRMApplicationWebPagesTest.LogInPageTest.logInValidationTest(LogInPageTest.java:32)
at com.OrangeHRMApplicationWebPagesTest.LogInPageTest.logInValidationTest(LogInPageTest.java:32)
at com.OrangeHRMApplicationWebPagesTest.LogInPageTest.logInValidationTest(LogInPageTest.java:32)
at com.OrangeHRMApplicationWebPagesTest.LogInPageTest.logInValidationTest(LogInPageTest.java:32)
at com.OrangeHRMApplicationWebPagesTest.LogInPageTest.logInValidationTest(LogInPageTest.java:32)
at com.OrangeHRMApplicationWebPagesTest.LogInPageTest.logInValidationTest(LogInPageTest.java:32)
at com.OrangeHRMApplicationWebPagesTest.LogInPageTest.logInValidationTest(LogInPageTest.java:32)
at com.OrangeHRMApplicationWebPagesTest.LogInPageTest.logInValidationTest(LogInPageTest.java:32)
at com.OrangeHRMApplicationWebPagesTest.LogInPageTest.logInValidationTest(LogInPageTest.java:32)
at com.OrangeHRMApplicationWebPagesTest.LogInPageTest.logInValidationTest(LogInPageTest.java:32)
at com.OrangeHRMApplicationWebPagesTest.LogInPageTest.logInValidationTest(LogInPageTest.java:32)
at com.OrangeHRMApplicationWebPagesTest.LogInPageTest.logInValidationTest(LogInPageTest.java:32)
at com.OrangeHRMApplicationWebPagesTest.LogInPageTest.logInValidationTest(LogInPageTest.java:32)
at com.OrangeHRMApplicationWebPagesTest.LogInPageTest.logInValidationTest(LogInPageTest.java:32)
at com.OrangeHRMApplicationWebPagesTest.LogInPageTest.logInValidationTest(LogInPageTest.java:32)
at com.OrangeHRMApplicationWebPagesTest.LogInPageTest.logInValidationTest(LogInPageTest.java:32)
at com.OrangeHRMApplicationWebPagesTest.LogInPageTest.logInValidationTest(LogInPageTest.java:32)
at com.OrangeHRMApplicationWebPagesTest.LogInPageTest.logInValidationTest(LogInPageTest.java:32)
at com.OrangeHRMApplicationWebPagesTest.LogInPageTest.logInValidationTest(LogInPageTest.java:32)
at com.OrangeHRMApplicationWebPagesTest.LogInPageTest.logInValidationTest(LogInPageTest.java:32)
at com.OrangeHRMApplicationWebPagesTest.LogInPageTest.logInValidationTest(LogInPageTest.java:32)
at com.OrangeHRMApplicationWebPagesTest.LogInPageTest.logInValidationTest(LogInPageTest.java:32)
at com.OrangeHRMApplicationWebPagesTest.LogInPageTest.logInValidationTest(LogInPageTest.java:32)
at com.OrangeHRMApplicationWebPagesTest.LogInPageTest.logInValidationTest(LogInPageTest.java:32)
at com.OrangeHRMApplicationWebPagesTest.LogInPageTest.logInValidationTest(LogInPageTest.java:32)
at com.OrangeHRMApplicationWebPagesTest.LogInPageTest.logInValidationTest(LogInPageTest.java:32)
at com.OrangeHRMApplicationWebPagesTest.LogInPageTest.logInValidationTest(LogInPageTest.java:32)
at com.OrangeHRMApplicationWebPagesTest.LogInPageTest.logInValidationTest(LogInPageTest.java:32)
at com.OrangeHRMApplicationWebPagesTest.LogInPageTest.logInValidationTest(LogInPageTest.java:32)
at com.OrangeHRMApplicationWebPagesTest.LogInPageTest.logInValidationTest(LogInPageTest.java:32)
at com.OrangeHRMApplicationWebPagesTest.LogInPageTest.logInValidationTest(LogInPageTest.java:32)
at com.OrangeHRMApplicationWebPagesTest.LogInPageTest.logInValidationTest(LogInPageTest.java:32)
at com.OrangeHRMApplicationWebPagesTest.LogInPageTest.logInValidationTest(LogInPageTest.java:32)
at com.OrangeHRMApplicationWebPagesTest.LogInPageTest.logInValidationTest(LogInPageTest.java:32)
at com.OrangeHRMApplicationWebPagesTest.LogInPageTest.logInValidationTest(LogInPageTest.java:32)
at com.OrangeHRMApplicationWebPagesTest.LogInPageTest.logInValidationTest(LogInPageTest.java:32)
at com.OrangeHRMApplicationWebPagesTest.LogInPageTest.logInValidationTest(LogInPageTest.java:32)
at com.OrangeHRMApplicationWebPagesTest.LogInPageTest.logInValidationTest(LogInPageTest.java:32)
at com.OrangeHRMApplicationWebPagesTest.LogInPageTest.logInValidationTest(LogInPageTest.java:32)
at com.OrangeHRMApplicationWebPagesTest.LogInPageTest.logInValidationTest(LogInPageTest.java:32)
at com.OrangeHRMApplicationWebPagesTest.LogInPageTest.logInValidationTest(LogInPageTest.java:32)
at com.OrangeHRMApplicationWebPagesTest.LogInPageTest.logInValidationTest(LogInPageTest.java:32)
at com.OrangeHRMApplicationWebPagesTest.LogInPageTest.logInValidationTest(LogInPageTest.java:32)
at com.OrangeHRMApplicationWebPagesTest.LogInPageTest.logInValidationTest(LogInPageTest.java:32)
at com.OrangeHRMApplicationWebPagesTest.LogInPageTest.logInValidationTest(LogInPageTest.java:32)
at com.OrangeHRMApplicationWebPagesTest.LogInPageTest.logInValidationTest(LogInPageTest.java:32)
at com.OrangeHRMApplicationWebPagesTest.LogInPageTest.logInValidationTest(LogInPageTest.java:32)
at com.OrangeHRMApplicationWebPagesTest.LogInPageTest.logInValidationTest(LogInPageTest.java:32)
at com.OrangeHRMApplicationWebPagesTest.LogInPageTest.logInValidationTest(LogInPageTest.java:32)
at com.OrangeHRMApplicationWebPagesTest.LogInPageTest.logInValidationTest(LogInPageTest.java:32)
at com.OrangeHRMApplicationWebPagesTest.LogInPageTest.logInValidationTest(LogInPageTest.java:32)
at com.OrangeHRMApplicationWebPagesTest.LogInPageTest.logInValidationTest(LogInPageTest.java:32)
at com.OrangeHRMApplicationWebPagesTest.LogInPageTest.logInValidationTest(LogInPageTest.java:32)
at com.OrangeHRMApplicationWebPagesTest.LogInPageTest.logInValidationTest(LogInPageTest.java:32)
at com.OrangeHRMApplicationWebPagesTest.LogInPageTest.logInValidationTest(LogInPageTest.java:32)
at com.OrangeHRMApplicationWebPagesTest.LogInPageTest.logInValidationTest(LogInPageTest.java:32)
at com.OrangeHRMApplicationWebPagesTest.LogInPageTest.logInValidationTest(LogInPageTest.java:32)
at com.OrangeHRMApplicationWebPagesTest.LogInPageTest.logInValidationTest(LogInPageTest.java:32)
at com.OrangeHRMApplicationWebPagesTest.LogInPageTest.logInValidationTest(LogInPageTest.java:32)
at com.OrangeHRMApplicationWebPagesTest.LogInPageTest.logInValidationTest(LogInPageTest.java:32)
at com.OrangeHRMApplicationWebPagesTest.LogInPageTest.logInValidationTest(LogInPageTest.java:32)
at com.OrangeHRMApplicationWebPagesTest.LogInPageTest.logInValidationTest(LogInPageTest.java:32)
at com.OrangeHRMApplicationWebPagesTest.LogInPageTest.logInValidationTest(LogInPageTest.java:32)
at com.OrangeHRMApplicationWebPagesTest.LogInPageTest.logInValidationTest(LogInPageTest.java:32)
at com.OrangeHRMApplicationWebPagesTest.LogInPageTest.logInValidationTest(LogInPageTest.java:32)
at com.OrangeHRMApplicationWebPagesTest.LogInPageTest.logInValidationTest(LogInPageTest.java:32)
at com.OrangeHRMApplicationWebPagesTest.LogInPageTest.logInValidationTest(LogInPageTest.java:32)
at com.OrangeHRMApplicationWebPagesTest.LogInPageTest.logInValidationTest(LogInPageTest.java:32)
at com.OrangeHRMApplicationWebPagesTest.LogInPageTest.logInValidationTest(LogInPageTest.java:32)
at com.OrangeHRMApplicationWebPagesTest.LogInPageTest.logInValidationTest(LogInPageTest.java:32)
at com.OrangeHRMApplicationWebPagesTest.LogInPageTest.logInValidationTest(LogInPageTest.java:32)
at com.OrangeHRMApplicationWebPagesTest.LogInPageTest.logInValidationTest(LogInPageTest.java:32)
at com.OrangeHRMApplicationWebPagesTest.LogInPageTest.logInValidationTest(LogInPageTest.java:32)
at com.OrangeHRMApplicationWebPagesTest.LogInPageTest.logInValidationTest(LogInPageTest.java:32)
at com.OrangeHRMApplicationWebPagesTest.LogInPageTest.logInValidationTest(LogInPageTest.java:32)
at com.OrangeHRMApplicationWebPagesTest.LogInPageTest.logInValidationTest(LogInPageTest.java:32)
at com.OrangeHRMApplicationWebPagesTest.LogInPageTest.logInValidationTest(LogInPageTest.java:32)
at com.OrangeHRMApplicationWebPagesTest.LogInPageTest.logInValidationTest(LogInPageTest.java:32)
at com.OrangeHRMApplicationWebPagesTest.LogInPageTest.logInValidationTest(LogInPageTest.java:32)
at com.OrangeHRMApplicationWebPagesTest.LogInPageTest.logInValidationTest(LogInPageTest.java:32)
at com.OrangeHRMApplicationWebPagesTest.LogInPageTest.logInValidationTest(LogInPageTest.java:32)
at com.OrangeHRMApplicationWebPagesTest.LogInPageTest.logInValidationTest(LogInPageTest.java:32)
at com.OrangeHRMApplicationWebPagesTest.LogInPageTest.logInValidationTest(LogInPageTest.java:32)
at com.OrangeHRMApplicationWebPagesTest.LogInPageTest.logInValidationTest(LogInPageTest.java:32)
at com.OrangeHRMApplicationWebPagesTest.LogInPageTest.logInValidationTest(LogInPageTest.java:32)
at com.OrangeHRMApplicationWebPagesTest.LogInPageTest.logInValidationTest(LogInPageTest.java:32)
at com.OrangeHRMApplicationWebPagesTest.LogInPageTest.logInValidationTest(LogInPageTest.java:32)
at com.OrangeHRMApplicationWebPagesTest.LogInPageTest.logInValidationTest(LogInPageTest.java:32)
at com.OrangeHRMApplicationWebPagesTest.LogInPageTest.logInValidationTest(LogInPageTest.java:32)
at com.OrangeHRMApplicationWebPagesTest.LogInPageTest.logInValidationTest(LogInPageTest.java:32)
at com.OrangeHRMApplicationWebPagesTest.LogInPageTest.logInValidationTest(LogInPageTest.java:32)
at com.OrangeHRMApplicationWebPagesTest.LogInPageTest.logInValidationTest(LogInPageTest.java:32)
at com.OrangeHRMApplicationWebPagesTest.LogInPageTest.logInValidationTest(LogInPageTest.java:32)
at com.OrangeHRMApplicationWebPagesTest.LogInPageTest.logInValidationTest(LogInPageTest.java:32)
at com.OrangeHRMApplicationWebPagesTest.LogInPageTest.logInValidationTest(LogInPageTest.java:32)
at com.OrangeHRMApplicationWebPagesTest.LogInPageTest.logInValidationTest(LogInPageTest.java:32)
at com.OrangeHRMApplicationWebPagesTest.LogInPageTest.logInValidationTest(LogInPageTest.java:32)
at com.OrangeHRMApplicationWebPagesTest.LogInPageTest.logInValidationTest(LogInPageTest.java:32)
at com.OrangeHRMApplicationWebPagesTest.LogInPageTest.logInValidationTest(LogInPageTest.java:32)
at com.OrangeHRMApplicationWebPagesTest.LogInPageTest.logInValidationTest(LogInPageTest.java:32)
at com.OrangeHRMApplicationWebPagesTest.LogInPageTest.logInValidationTest(LogInPageTest.java:32)
at com.OrangeHRMApplicationWebPagesTest.LogInPageTest.logInValidationTest(LogInPageTest.java:32)
at com.OrangeHRMApplicationWebPagesTest.LogInPageTest.logInValidationTest(LogInPageTest.java:32)
at com.OrangeHRMApplicationWebPagesTest.LogInPageTest.logInValidationTest(LogInPageTest.java:32)
at com.OrangeHRMApplicationWebPagesTest.LogInPageTest.logInValidationTest(LogInPageTest.java:32)
at com.OrangeHRMApplicationWebPagesTest.LogInPageTest.logInValidationTest(LogInPageTest.java:32)
at com.OrangeHRMApplicationWebPagesTest.LogInPageTest.logInValidationTest(LogInPageTest.java:32)
at com.OrangeHRMApplicationWebPagesTest.LogInPageTest.logInValidationTest(LogInPageTest.java:32)
at com.OrangeHRMApplicationWebPagesTest.LogInPageTest.logInValidationTest(LogInPageTest.java:32)
at com.OrangeHRMApplicationWebPagesTest.LogInPageTest.logInValidationTest(LogInPageTest.java:32)
at com.OrangeHRMApplicationWebPagesTest.LogInPageTest.logInValidationTest(LogInPageTest.java:32)
at com.OrangeHRMApplicationWebPagesTest.LogInPageTest.logInValidationTest(LogInPageTest.java:32)
at com.OrangeHRMApplicationWebPagesTest.LogInPageTest.logInValidationTest(LogInPageTest.java:32)
at com.OrangeHRMApplicationWebPagesTest.LogInPageTest.logInValidationTest(LogInPageTest.java:32)
at com.OrangeHRMApplicationWebPagesTest.LogInPageTest.logInValidationTest(LogInPageTest.java:32)
at com.OrangeHRMApplicationWebPagesTest.LogInPageTest.logInValidationTest(LogInPageTest.java:32)
at com.OrangeHRMApplicationWebPagesTest.LogInPageTest.logInValidationTest(LogInPageTest.java:32)
at com.OrangeHRMApplicationWebPagesTest.LogInPageTest.logInValidationTest(LogInPageTest.java:32)
at com.OrangeHRMApplicationWebPagesTest.LogInPageTest.logInValidationTest(LogInPageTest.java:32)
at com.OrangeHRMApplicationWebPagesTest.LogInPageTest.logInValidationTest(LogInPageTest.java:32)
at com.OrangeHRMApplicationWebPagesTest.LogInPageTest.logInValidationTest(LogInPageTest.java:32)
at com.OrangeHRMApplicationWebPagesTest.LogInPageTest.logInValidationTest(LogInPageTest.java:32)
at com.OrangeHRMApplicationWebPagesTest.LogInPageTest.logInValidationTest(LogInPageTest.java:32)
at com.OrangeHRMApplicationWebPagesTest.LogInPageTest.logInValidationTest(LogInPageTest.java:32)
at com.OrangeHRMApplicationWebPagesTest.LogInPageTest.logInValidationTest(LogInPageTest.java:32)
at com.OrangeHRMApplicationWebPagesTest.LogInPageTest.logInValidationTest(LogInPageTest.java:32)
at com.OrangeHRMApplicationWebPagesTest.LogInPageTest.logInValidationTest(LogInPageTest.java:32)
at com.OrangeHRMApplicationWebPagesTest.LogInPageTest.logInValidationTest(LogInPageTest.java:32)
at com.OrangeHRMApplicationWebPagesTest.LogInPageTest.logInValidationTest(LogInPageTest.java:32)
at com.OrangeHRMApplicationWebPagesTest.LogInPageTest.logInValidationTest(LogInPageTest.java:32)
at com.OrangeHRMApplicationWebPagesTest.LogInPageTest.logInValidationTest(LogInPageTest.java:32)
at com.OrangeHRMApplicationWebPagesTest.LogInPageTest.logInValidationTest(LogInPageTest.java:32)
at com.OrangeHRMApplicationWebPagesTest.LogInPageTest.logInValidationTest(LogInPageTest.java:32)
at com.OrangeHRMApplicationWebPagesTest.LogInPageTest.logInValidationTest(LogInPageTest.java:32)
at com.OrangeHRMApplicationWebPagesTest.LogInPageTest.logInValidationTest(LogInPageTest.java:32)
at com.OrangeHRMApplicationWebPagesTest.LogInPageTest.logInValidationTest(LogInPageTest.java:32)
at com.OrangeHRMApplicationWebPagesTest.LogInPageTest.logInValidationTest(LogInPageTest.java:32)
at com.OrangeHRMApplicationWebPagesTest.LogInPageTest.logInValidationTest(LogInPageTest.java:32)
at com.OrangeHRMApplicationWebPagesTest.LogInPageTest.logInValidationTest(LogInPageTest.java:32)
at com.OrangeHRMApplicationWebPagesTest.LogInPageTest.logInValidationTest(LogInPageTest.java:32)
at com.OrangeHRMApplicationWebPagesTest.LogInPageTest.logInValidationTest(LogInPageTest.java:32)
at com.OrangeHRMApplicationWebPagesTest.LogInPageTest.logInValidationTest(LogInPageTest.java:32)
at com.OrangeHRMApplicationWebPagesTest.LogInPageTest.logInValidationTest(LogInPageTest.java:32)
at com.OrangeHRMApplicationWebPagesTest.LogInPageTest.logInValidationTest(LogInPageTest.java:32)
at com.OrangeHRMApplicationWebPagesTest.LogInPageTest.logInValidationTest(LogInPageTest.java:32)
at com.OrangeHRMApplicationWebPagesTest.LogInPageTest.logInValidationTest(LogInPageTest.java:32)
at com.OrangeHRMApplicationWebPagesTest.LogInPageTest.logInValidationTest(LogInPageTest.java:32)
at com.OrangeHRMApplicationWebPagesTest.LogInPageTest.logInValidationTest(LogInPageTest.java:32)
at com.OrangeHRMApplicationWebPagesTest.LogInPageTest.logInValidationTest(LogInPageTest.java:32)
at com.OrangeHRMApplicationWebPagesTest.LogInPageTest.logInValidationTest(LogInPageTest.java:32)
at com.OrangeHRMApplicationWebPagesTest.LogInPageTest.logInValidationTest(LogInPageTest.java:32)
at com.OrangeHRMApplicationWebPagesTest.LogInPageTest.logInValidationTest(LogInPageTest.java:32)
at com.OrangeHRMApplicationWebPagesTest.LogInPageTest.logInValidationTest(LogInPageTest.java:32)
at com.OrangeHRMApplicationWebPagesTest.LogInPageTest.logInValidationTest(LogInPageTest.java:32)
at com.OrangeHRMApplicationWebPagesTest.LogInPageTest.logInValidationTest(LogInPageTest.java:32)
at com.OrangeHRMApplicationWebPagesTest.LogInPageTest.logInValidationTest(LogInPageTest.java:32)
at com.OrangeHRMApplicationWebPagesTest.LogInPageTest.logInValidationTest(LogInPageTest.java:32)
at com.OrangeHRMApplicationWebPagesTest.LogInPageTest.logInValidationTest(LogInPageTest.java:32)
at com.OrangeHRMApplicationWebPagesTest.LogInPageTest.logInValidationTest(LogInPageTest.java:32)
at com.OrangeHRMApplicationWebPagesTest.LogInPageTest.logInValidationTest(LogInPageTest.java:32)
at com.OrangeHRMApplicationWebPagesTest.LogInPageTest.logInValidationTest(LogInPageTest.java:32)
at com.OrangeHRMApplicationWebPagesTest.LogInPageTest.logInValidationTest(LogInPageTest.java:32)
at com.OrangeHRMApplicationWebPagesTest.LogInPageTest.logInValidationTest(LogInPageTest.java:32)
at com.OrangeHRMApplicationWebPagesTest.LogInPageTest.logInValidationTest(LogInPageTest.java:32)
at com.OrangeHRMApplicationWebPagesTest.LogInPageTest.logInValidationTest(LogInPageTest.java:32)
at com.OrangeHRMApplicationWebPagesTest.LogInPageTest.logInValidationTest(LogInPageTest.java:32)
at com.OrangeHRMApplicationWebPagesTest.LogInPageTest.logInValidationTest(LogInPageTest.java:32)
at com.OrangeHRMApplicationWebPagesTest.LogInPageTest.logInValidationTest(LogInPageTest.java:32)
at com.OrangeHRMApplicationWebPagesTest.LogInPageTest.logInValidationTest(LogInPageTest.java:32)
at com.OrangeHRMApplicationWebPagesTest.LogInPageTest.logInValidationTest(LogInPageTest.java:32)
at com.OrangeHRMApplicationWebPagesTest.LogInPageTest.logInValidationTest(LogInPageTest.java:32)
at com.OrangeHRMApplicationWebPagesTest.LogInPageTest.logInValidationTest(LogInPageTest.java:32)
at com.OrangeHRMApplicationWebPagesTest.LogInPageTest.logInValidationTest(LogInPageTest.java:32)
at com.OrangeHRMApplicationWebPagesTest.LogInPageTest.logInValidationTest(LogInPageTest.java:32)
at com.OrangeHRMApplicationWebPagesTest.LogInPageTest.logInValidationTest(LogInPageTest.java:32)
at com.OrangeHRMApplicationWebPagesTest.LogInPageTest.logInValidationTest(LogInPageTest.java:32)
at com.OrangeHRMApplicationWebPagesTest.LogInPageTest.logInValidationTest(LogInPageTest.java:32)
at com.OrangeHRMApplicationWebPagesTest.LogInPageTest.logInValidationTest(LogInPageTest.java:32)
at com.OrangeHRMApplicationWebPagesTest.LogInPageTest.logInValidationTest(LogInPageTest.java:32)
at com.OrangeHRMApplicationWebPagesTest.LogInPageTest.logInValidationTest(LogInPageTest.java:32)
at com.OrangeHRMApplicationWebPagesTest.LogInPageTest.logInValidationTest(LogInPageTest.java:32)
at com.OrangeHRMApplicationWebPagesTest.LogInPageTest.logInValidationTest(LogInPageTest.java:32)
at com.OrangeHRMApplicationWebPagesTest.LogInPageTest.logInValidationTest(LogInPageTest.java:32)
at com.OrangeHRMApplicationWebPagesTest.LogInPageTest.logInValidationTest(LogInPageTest.java:32)
at com.OrangeHRMApplicationWebPagesTest.LogInPageTest.logInValidationTest(LogInPageTest.java:32)
at com.OrangeHRMApplicationWebPagesTest.LogInPageTest.logInValidationTest(LogInPageTest.java:32)
at com.OrangeHRMApplicationWebPagesTest.LogInPageTest.logInValidationTest(LogInPageTest.java:32)
at com.OrangeHRMApplicationWebPagesTest.LogInPageTest.logInValidationTest(LogInPageTest.java:32)
at com.OrangeHRMApplicationWebPagesTest.LogInPageTest.logInValidationTest(LogInPageTest.java:32)
at com.OrangeHRMApplicationWebPagesTest.LogInPageTest.logInValidationTest(LogInPageTest.java:32)
at com.OrangeHRMApplicationWebPagesTest.LogInPageTest.logInValidationTest(LogInPageTest.java:32)
at com.OrangeHRMApplicationWebPagesTest.LogInPageTest.logInValidationTest(LogInPageTest.java:32)
at com.OrangeHRMApplicationWebPagesTest.LogInPageTest.logInValidationTest(LogInPageTest.java:32)
at com.OrangeHRMApplicationWebPagesTest.LogInPageTest.logInValidationTest(LogInPageTest.java:32)
at com.OrangeHRMApplicationWebPagesTest.LogInPageTest.logInValidationTest(LogInPageTest.java:32)
at com.OrangeHRMApplicationWebPagesTest.LogInPageTest.logInValidationTest(LogInPageTest.java:32)
at com.OrangeHRMApplicationWebPagesTest.LogInPageTest.logInValidationTest(LogInPageTest.java:32)
at com.OrangeHRMApplicationWebPagesTest.LogInPageTest.logInValidationTest(LogInPageTest.java:32)
at com.OrangeHRMApplicationWebPagesTest.LogInPageTest.logInValidationTest(LogInPageTest.java:32)
at com.OrangeHRMApplicationWebPagesTest.LogInPageTest.logInValidationTest(LogInPageTest.java:32)
at com.OrangeHRMApplicationWebPagesTest.LogInPageTest.logInValidationTest(LogInPageTest.java:32)
at com.OrangeHRMApplicationWebPagesTest.LogInPageTest.logInValidationTest(LogInPageTest.java:32)
at com.OrangeHRMApplicationWebPagesTest.LogInPageTest.logInValidationTest(LogInPageTest.java:32)
at com.OrangeHRMApplicationWebPagesTest.LogInPageTest.logInValidationTest(LogInPageTest.java:32)
at com.OrangeHRMApplicationWebPagesTest.LogInPageTest.logInValidationTest(LogInPageTest.java:32)
at com.OrangeHRMApplicationWebPagesTest.LogInPageTest.logInValidationTest(LogInPageTest.java:32)
at com.OrangeHRMApplicationWebPagesTest.LogInPageTest.logInValidationTest(LogInPageTest.java:32)
at com.OrangeHRMApplicationWebPagesTest.LogInPageTest.logInValidationTest(LogInPageTest.java:32)
at com.OrangeHRMApplicationWebPagesTest.LogInPageTest.logInValidationTest(LogInPageTest.java:32)
at com.OrangeHRMApplicationWebPagesTest.LogInPageTest.logInValidationTest(LogInPageTest.java:32)
at com.OrangeHRMApplicationWebPagesTest.LogInPageTest.logInValidationTest(LogInPageTest.java:32)
at com.OrangeHRMApplicationWebPagesTest.LogInPageTest.logInValidationTest(LogInPageTest.java:32)
at com.OrangeHRMApplicationWebPagesTest.LogInPageTest.logInValidationTest(LogInPageTest.java:32)
at com.OrangeHRMApplicationWebPagesTest.LogInPageTest.logInValidationTest(LogInPageTest.java:32)
at com.OrangeHRMApplicationWebPagesTest.LogInPageTest.logInValidationTest(LogInPageTest.java:32)
at com.OrangeHRMApplicationWebPagesTest.LogInPageTest.logInValidationTest(LogInPageTest.java:32)
at com.OrangeHRMApplicationWebPagesTest.LogInPageTest.logInValidationTest(LogInPageTest.java:32)
at com.OrangeHRMApplicationWebPagesTest.LogInPageTest.logInValidationTest(LogInPageTest.java:32)
at com.OrangeHRMApplicationWebPagesTest.LogInPageTest.logInValidationTest(LogInPageTest.java:32)
at com.OrangeHRMApplicationWebPagesTest.LogInPageTest.logInValidationTest(LogInPageTest.java:32)
at com.OrangeHRMApplicationWebPagesTest.LogInPageTest.logInValidationTest(LogInPageTest.java:32)
at com.OrangeHRMApplicationWebPagesTest.LogInPageTest.logInValidationTest(LogInPageTest.java:32)
at com.OrangeHRMApplicationWebPagesTest.LogInPageTest.logInValidationTest(LogInPageTest.java:32)
at com.OrangeHRMApplicationWebPagesTest.LogInPageTest.logInValidationTest(LogInPageTest.java:32)
at com.OrangeHRMApplicationWebPagesTest.LogInPageTest.logInValidationTest(LogInPageTest.java:32)
at com.OrangeHRMApplicationWebPagesTest.LogInPageTest.logInValidationTest(LogInPageTest.java:32)
at com.OrangeHRMApplicationWebPagesTest.LogInPageTest.logInValidationTest(LogInPageTest.java:32)
at com.OrangeHRMApplicationWebPagesTest.LogInPageTest.logInValidationTest(LogInPageTest.java:32)
at com.OrangeHRMApplicationWebPagesTest.LogInPageTest.logInValidationTest(LogInPageTest.java:32)
at com.OrangeHRMApplicationWebPagesTest.LogInPageTest.logInValidationTest(LogInPageTest.java:32)
at com.OrangeHRMApplicationWebPagesTest.LogInPageTest.logInValidationTest(LogInPageTest.java:32)
at com.OrangeHRMApplicationWebPagesTest.LogInPageTest.logInValidationTest(LogInPageTest.java:32)
at com.OrangeHRMApplicationWebPagesTest.LogInPageTest.logInValidationTest(LogInPageTest.java:32)
at com.OrangeHRMApplicationWebPagesTest.LogInPageTest.logInValidationTest(LogInPageTest.java:32)
at com.OrangeHRMApplicationWebPagesTest.LogInPageTest.logInValidationTest(LogInPageTest.java:32)
at com.OrangeHRMApplicationWebPagesTest.LogInPageTest.logInValidationTest(LogInPageTest.java:32)
at com.OrangeHRMApplicationWebPagesTest.LogInPageTest.logInValidationTest(LogInPageTest.java:32)
at com.OrangeHRMApplicationWebPagesTest.LogInPageTest.logInValidationTest(LogInPageTest.java:32)
at com.OrangeHRMApplicationWebPagesTest.LogInPageTest.logInValidationTest(LogInPageTest.java:32)
at com.OrangeHRMApplicationWebPagesTest.LogInPageTest.logInValidationTest(LogInPageTest.java:32)
at com.OrangeHRMApplicationWebPagesTest.LogInPageTest.logInValidationTest(LogInPageTest.java:32)
at com.OrangeHRMApplicationWebPagesTest.LogInPageTest.logInValidationTest(LogInPageTest.java:32)
at com.OrangeHRMApplicationWebPagesTest.LogInPageTest.logInValidationTest(LogInPageTest.java:32)
at com.OrangeHRMApplicationWebPagesTest.LogInPageTest.logInValidationTest(LogInPageTest.java:32)
at com.OrangeHRMApplicationWebPagesTest.LogInPageTest.logInValidationTest(LogInPageTest.java:32)
at com.OrangeHRMApplicationWebPagesTest.LogInPageTest.logInValidationTest(LogInPageTest.java:32)
at com.OrangeHRMApplicationWebPagesTest.LogInPageTest.logInValidationTest(LogInPageTest.java:32)
at com.OrangeHRMApplicationWebPagesTest.LogInPageTest.logInValidationTest(LogInPageTest.java:32)
at com.OrangeHRMApplicationWebPagesTest.LogInPageTest.logInValidationTest(LogInPageTest.java:32)
at com.OrangeHRMApplicationWebPagesTest.LogInPageTest.logInValidationTest(LogInPageTest.java:32)
at com.OrangeHRMApplicationWebPagesTest.LogInPageTest.logInValidationTest(LogInPageTest.java:32)
at com.OrangeHRMApplicationWebPagesTest.LogInPageTest.logInValidationTest(LogInPageTest.java:32)
at com.OrangeHRMApplicationWebPagesTest.LogInPageTest.logInValidationTest(LogInPageTest.java:32)
at com.OrangeHRMApplicationWebPagesTest.LogInPageTest.logInValidationTest(LogInPageTest.java:32)
at com.OrangeHRMApplicationWebPagesTest.LogInPageTest.logInValidationTest(LogInPageTest.java:32)
at com.OrangeHRMApplicationWebPagesTest.LogInPageTest.logInValidationTest(LogInPageTest.java:32)
at com.OrangeHRMApplicationWebPagesTest.LogInPageTest.logInValidationTest(LogInPageTest.java:32)
at com.OrangeHRMApplicationWebPagesTest.LogInPageTest.logInValidationTest(LogInPageTest.java:32)
at com.OrangeHRMApplicationWebPagesTest.LogInPageTest.logInValidationTest(LogInPageTest.java:32)
at com.OrangeHRMApplicationWebPagesTest.LogInPageTest.logInValidationTest(LogInPageTest.java:32)
at com.OrangeHRMApplicationWebPagesTest.LogInPageTest.logInValidationTest(LogInPageTest.java:32)
at com.OrangeHRMApplicationWebPagesTest.LogInPageTest.logInValidationTest(LogInPageTest.java:32)
at com.OrangeHRMApplicationWebPagesTest.LogInPageTest.logInValidationTest(LogInPageTest.java:32)
at com.OrangeHRMApplicationWebPagesTest.LogInPageTest.logInValidationTest(LogInPageTest.java:32)
at com.OrangeHRMApplicationWebPagesTest.LogInPageTest.logInValidationTest(LogInPageTest.java:32)
at com.OrangeHRMApplicationWebPagesTest.LogInPageTest.logInValidationTest(LogInPageTest.java:32)
at com.OrangeHRMApplicationWebPagesTest.LogInPageTest.logInValidationTest(LogInPageTest.java:32)
at com.OrangeHRMApplicationWebPagesTest.LogInPageTest.logInValidationTest(LogInPageTest.java:32)
at com.OrangeHRMApplicationWebPagesTest.LogInPageTest.logInValidationTest(LogInPageTest.java:32)
at com.OrangeHRMApplicationWebPagesTest.LogInPageTest.logInValidationTest(LogInPageTest.java:32)
at com.OrangeHRMApplicationWebPagesTest.LogInPageTest.logInValidationTest(LogInPageTest.java:32)
at com.OrangeHRMApplicationWebPagesTest.LogInPageTest.logInValidationTest(LogInPageTest.java:32)
at com.OrangeHRMApplicationWebPagesTest.LogInPageTest.logInValidationTest(LogInPageTest.java:32)
at com.OrangeHRMApplicationWebPagesTest.LogInPageTest.logInValidationTest(LogInPageTest.java:32)
at com.OrangeHRMApplicationWebPagesTest.LogInPageTest.logInValidationTest(LogInPageTest.java:32)
at com.OrangeHRMApplicationWebPagesTest.LogInPageTest.logInValidationTest(LogInPageTest.java:32)
at com.OrangeHRMApplicationWebPagesTest.LogInPageTest.logInValidationTest(LogInPageTest.java:32)
at com.OrangeHRMApplicationWebPagesTest.LogInPageTest.logInValidationTest(LogInPageTest.java:32)
at com.OrangeHRMApplicationWebPagesTest.LogInPageTest.logInValidationTest(LogInPageTest.java:32)
at com.OrangeHRMApplicationWebPagesTest.LogInPageTest.logInValidationTest(LogInPageTest.java:32)
at com.OrangeHRMApplicationWebPagesTest.LogInPageTest.logInValidationTest(LogInPageTest.java:32)
at com.OrangeHRMApplicationWebPagesTest.LogInPageTest.logInValidationTest(LogInPageTest.java:32)
at com.OrangeHRMApplicationWebPagesTest.LogInPageTest.logInValidationTest(LogInPageTest.java:32)
at com.OrangeHRMApplicationWebPagesTest.LogInPageTest.logInValidationTest(LogInPageTest.java:32)
at com.OrangeHRMApplicationWebPagesTest.LogInPageTest.logInValidationTest(LogInPageTest.java:32)
at com.OrangeHRMApplicationWebPagesTest.LogInPageTest.logInValidationTest(LogInPageTest.java:32)
at com.OrangeHRMApplicationWebPagesTest.LogInPageTest.logInValidationTest(LogInPageTest.java:32)
at com.OrangeHRMApplicationWebPagesTest.LogInPageTest.logInValidationTest(LogInPageTest.java:32)
at com.OrangeHRMApplicationWebPagesTest.LogInPageTest.logInValidationTest(LogInPageTest.java:32)
at com.OrangeHRMApplicationWebPagesTest.LogInPageTest.logInValidationTest(LogInPageTest.java:32)
at com.OrangeHRMApplicationWebPagesTest.LogInPageTest.logInValidationTest(LogInPageTest.java:32)
at com.OrangeHRMApplicationWebPagesTest.LogInPageTest.logInValidationTest(LogInPageTest.java:32)
at com.OrangeHRMApplicationWebPagesTest.LogInPageTest.logInValidationTest(LogInPageTest.java:32)
at com.OrangeHRMApplicationWebPagesTest.LogInPageTest.logInValidationTest(LogInPageTest.java:32)
at com.OrangeHRMApplicationWebPagesTest.LogInPageTest.logInValidationTest(LogInPageTest.java:32)
at com.OrangeHRMApplicationWebPagesTest.LogInPageTest.logInValidationTest(LogInPageTest.java:32)
at com.OrangeHRMApplicationWebPagesTest.LogInPageTest.logInValidationTest(LogInPageTest.java:32)
at com.OrangeHRMApplicationWebPagesTest.LogInPageTest.logInValidationTest(LogInPageTest.java:32)
at com.OrangeHRMApplicationWebPagesTest.LogInPageTest.logInValidationTest(LogInPageTest.java:32)
at com.OrangeHRMApplicationWebPagesTest.LogInPageTest.logInValidationTest(LogInPageTest.java:32)
at com.OrangeHRMApplicationWebPagesTest.LogInPageTest.logInValidationTest(LogInPageTest.java:32)
at com.OrangeHRMApplicationWebPagesTest.LogInPageTest.logInValidationTest(LogInPageTest.java:32)
at com.OrangeHRMApplicationWebPagesTest.LogInPageTest.logInValidationTest(LogInPageTest.java:32)
at com.OrangeHRMApplicationWebPagesTest.LogInPageTest.logInValidationTest(LogInPageTest.java:32)
at com.OrangeHRMApplicationWebPagesTest.LogInPageTest.logInValidationTest(LogInPageTest.java:32)
at com.OrangeHRMApplicationWebPagesTest.LogInPageTest.logInValidationTest(LogInPageTest.java:32)
at com.OrangeHRMApplicationWebPagesTest.LogInPageTest.logInValidationTest(LogInPageTest.java:32)
at com.OrangeHRMApplicationWebPagesTest.LogInPageTest.logInValidationTest(LogInPageTest.java:32)
at com.OrangeHRMApplicationWebPagesTest.LogInPageTest.logInValidationTest(LogInPageTest.java:32)
at com.OrangeHRMApplicationWebPagesTest.LogInPageTest.logInValidationTest(LogInPageTest.java:32)
at com.OrangeHRMApplicationWebPagesTest.LogInPageTest.logInValidationTest(LogInPageTest.java:32)
at com.OrangeHRMApplicationWebPagesTest.LogInPageTest.logInValidationTest(LogInPageTest.java:32)
at com.OrangeHRMApplicationWebPagesTest.LogInPageTest.logInValidationTest(LogInPageTest.java:32)
at com.OrangeHRMApplicationWebPagesTest.LogInPageTest.logInValidationTest(LogInPageTest.java:32)
at com.OrangeHRMApplicationWebPagesTest.LogInPageTest.logInValidationTest(LogInPageTest.java:32)
at com.OrangeHRMApplicationWebPagesTest.LogInPageTest.logInValidationTest(LogInPageTest.java:32)
at com.OrangeHRMApplicationWebPagesTest.LogInPageTest.logInValidationTest(LogInPageTest.java:32)
at com.OrangeHRMApplicationWebPagesTest.LogInPageTest.logInValidationTest(LogInPageTest.java:32)
at com.OrangeHRMApplicationWebPagesTest.LogInPageTest.logInValidationTest(LogInPageTest.java:32)
at com.OrangeHRMApplicationWebPagesTest.LogInPageTest.logInValidationTest(LogInPageTest.java:32)
at com.OrangeHRMApplicationWebPagesTest.LogInPageTest.logInValidationTest(LogInPageTest.java:32)
at com.OrangeHRMApplicationWebPagesTest.LogInPageTest.logInValidationTest(LogInPageTest.java:32)
at com.OrangeHRMApplicationWebPagesTest.LogInPageTest.logInValidationTest(LogInPageTest.java:32)
at com.OrangeHRMApplicationWebPagesTest.LogInPageTest.logInValidationTest(LogInPageTest.java:32)
at com.OrangeHRMApplicationWebPagesTest.LogInPageTest.logInValidationTest(LogInPageTest.java:32)
at com.OrangeHRMApplicationWebPagesTest.LogInPageTest.logInValidationTest(LogInPageTest.java:32)
at com.OrangeHRMApplicationWebPagesTest.LogInPageTest.logInValidationTest(LogInPageTest.java:32)
at com.OrangeHRMApplicationWebPagesTest.LogInPageTest.logInValidationTest(LogInPageTest.java:32)
at com.OrangeHRMApplicationWebPagesTest.LogInPageTest.logInValidationTest(LogInPageTest.java:32)
at com.OrangeHRMApplicationWebPagesTest.LogInPageTest.logInValidationTest(LogInPageTest.java:32)
at com.OrangeHRMApplicationWebPagesTest.LogInPageTest.logInValidationTest(LogInPageTest.java:32)
at com.OrangeHRMApplicationWebPagesTest.LogInPageTest.logInValidationTest(LogInPageTest.java:32)
at com.OrangeHRMApplicationWebPagesTest.LogInPageTest.logInValidationTest(LogInPageTest.java:32)
at com.OrangeHRMApplicationWebPagesTest.LogInPageTest.logInValidationTest(LogInPageTest.java:32)
at com.OrangeHRMApplicationWebPagesTest.LogInPageTest.logInValidationTest(LogInPageTest.java:32)
at com.OrangeHRMApplicationWebPagesTest.LogInPageTest.logInValidationTest(LogInPageTest.java:32)
at com.OrangeHRMApplicationWebPagesTest.LogInPageTest.logInValidationTest(LogInPageTest.java:32)
at com.OrangeHRMApplicationWebPagesTest.LogInPageTest.logInValidationTest(LogInPageTest.java:32)
at com.OrangeHRMApplicationWebPagesTest.LogInPageTest.logInValidationTest(LogInPageTest.java:32)
at com.OrangeHRMApplicationWebPagesTest.LogInPageTest.logInValidationTest(LogInPageTest.java:32)
at com.OrangeHRMApplicationWebPagesTest.LogInPageTest.logInValidationTest(LogInPageTest.java:32)
at com.OrangeHRMApplicationWebPagesTest.LogInPageTest.logInValidationTest(LogInPageTest.java:32)
at com.OrangeHRMApplicationWebPagesTest.LogInPageTest.logInValidationTest(LogInPageTest.java:32)
at com.OrangeHRMApplicationWebPagesTest.LogInPageTest.logInValidationTest(LogInPageTest.java:32)
at com.OrangeHRMApplicationWebPagesTest.LogInPageTest.logInValidationTest(LogInPageTest.java:32)
at com.OrangeHRMApplicationWebPagesTest.LogInPageTest.logInValidationTest(LogInPageTest.java:32)
at com.OrangeHRMApplicationWebPagesTest.LogInPageTest.logInValidationTest(LogInPageTest.java:32)
at com.OrangeHRMApplicationWebPagesTest.LogInPageTest.logInValidationTest(LogInPageTest.java:32)
at com.OrangeHRMApplicationWebPagesTest.LogInPageTest.logInValidationTest(LogInPageTest.java:32)
at com.OrangeHRMApplicationWebPagesTest.LogInPageTest.logInValidationTest(LogInPageTest.java:32)
at com.OrangeHRMApplicationWebPagesTest.LogInPageTest.logInValidationTest(LogInPageTest.java:32)
at com.OrangeHRMApplicationWebPagesTest.LogInPageTest.logInValidationTest(LogInPageTest.java:32)
at com.OrangeHRMApplicationWebPagesTest.LogInPageTest.logInValidationTest(LogInPageTest.java:32)
at com.OrangeHRMApplicationWebPagesTest.LogInPageTest.logInValidationTest(LogInPageTest.java:32)
at com.OrangeHRMApplicationWebPagesTest.LogInPageTest.logInValidationTest(LogInPageTest.java:32)
at com.OrangeHRMApplicationWebPagesTest.LogInPageTest.logInValidationTest(LogInPageTest.java:32)
at com.OrangeHRMApplicationWebPagesTest.LogInPageTest.logInValidationTest(LogInPageTest.java:32)
at com.OrangeHRMApplicationWebPagesTest.LogInPageTest.logInValidationTest(LogInPageTest.java:32)
at com.OrangeHRMApplicationWebPagesTest.LogInPageTest.logInValidationTest(LogInPageTest.java:32)
at com.OrangeHRMApplicationWebPagesTest.LogInPageTest.logInValidationTest(LogInPageTest.java:32)
at com.OrangeHRMApplicationWebPagesTest.LogInPageTest.logInValidationTest(LogInPageTest.java:32)
at com.OrangeHRMApplicationWebPagesTest.LogInPageTest.logInValidationTest(LogInPageTest.java:32)
at com.OrangeHRMApplicationWebPagesTest.LogInPageTest.logInValidationTest(LogInPageTest.java:32)
at com.OrangeHRMApplicationWebPagesTest.LogInPageTest.logInValidationTest(LogInPageTest.java:32)
at com.OrangeHRMApplicationWebPagesTest.LogInPageTest.logInValidationTest(LogInPageTest.java:32)
at com.OrangeHRMApplicationWebPagesTest.LogInPageTest.logInValidationTest(LogInPageTest.java:32)
at com.OrangeHRMApplicationWebPagesTest.LogInPageTest.logInValidationTest(LogInPageTest.java:32)
at com.OrangeHRMApplicationWebPagesTest.LogInPageTest.logInValidationTest(LogInPageTest.java:32)
at com.OrangeHRMApplicationWebPagesTest.LogInPageTest.logInValidationTest(LogInPageTest.java:32)
at com.OrangeHRMApplicationWebPagesTest.LogInPageTest.logInValidationTest(LogInPageTest.java:32)
at com.OrangeHRMApplicationWebPagesTest.LogInPageTest.logInValidationTest(LogInPageTest.java:32)
at com.OrangeHRMApplicationWebPagesTest.LogInPageTest.logInValidationTest(LogInPageTest.java:32)
at com.OrangeHRMApplicationWebPagesTest.LogInPageTest.logInValidationTest(LogInPageTest.java:32)
at com.OrangeHRMApplicationWebPagesTest.LogInPageTest.logInValidationTest(LogInPageTest.java:32)
at com.OrangeHRMApplicationWebPagesTest.LogInPageTest.logInValidationTest(LogInPageTest.java:32)
at com.OrangeHRMApplicationWebPagesTest.LogInPageTest.logInValidationTest(LogInPageTest.java:32)
at com.OrangeHRMApplicationWebPagesTest.LogInPageTest.logInValidationTest(LogInPageTest.java:32)
at com.OrangeHRMApplicationWebPagesTest.LogInPageTest.logInValidationTest(LogInPageTest.java:32)
at com.OrangeHRMApplicationWebPagesTest.LogInPageTest.logInValidationTest(LogInPageTest.java:32)
at com.OrangeHRMApplicationWebPagesTest.LogInPageTest.logInValidationTest(LogInPageTest.java:32)
at com.OrangeHRMApplicationWebPagesTest.LogInPageTest.logInValidationTest(LogInPageTest.java:32)
at com.OrangeHRMApplicationWebPagesTest.LogInPageTest.logInValidationTest(LogInPageTest.java:32)
at com.OrangeHRMApplicationWebPagesTest.LogInPageTest.logInValidationTest(LogInPageTest.java:32)
at com.OrangeHRMApplicationWebPagesTest.LogInPageTest.logInValidationTest(LogInPageTest.java:32)
at com.OrangeHRMApplicationWebPagesTest.LogInPageTest.logInValidationTest(LogInPageTest.java:32)
at com.OrangeHRMApplicationWebPagesTest.LogInPageTest.logInValidationTest(LogInPageTest.java:32)
at com.OrangeHRMApplicationWebPagesTest.LogInPageTest.logInValidationTest(LogInPageTest.java:32)
at com.OrangeHRMApplicationWebPagesTest.LogInPageTest.logInValidationTest(LogInPageTest.java:32)
at com.OrangeHRMApplicationWebPagesTest.LogInPageTest.logInValidationTest(LogInPageTest.java:32)
at com.OrangeHRMApplicationWebPagesTest.LogInPageTest.logInValidationTest(LogInPageTest.java:32)
at com.OrangeHRMApplicationWebPagesTest.LogInPageTest.logInValidationTest(LogInPageTest.java:32)
at com.OrangeHRMApplicationWebPagesTest.LogInPageTest.logInValidationTest(LogInPageTest.java:32)
at com.OrangeHRMApplicationWebPagesTest.LogInPageTest.logInValidationTest(LogInPageTest.java:32)
at com.OrangeHRMApplicationWebPagesTest.LogInPageTest.logInValidationTest(LogInPageTest.java:32)
at com.OrangeHRMApplicationWebPagesTest.LogInPageTest.logInValidationTest(LogInPageTest.java:32)
at com.OrangeHRMApplicationWebPagesTest.LogInPageTest.logInValidationTest(LogInPageTest.java:32)
at com.OrangeHRMApplicationWebPagesTest.LogInPageTest.logInValidationTest(LogInPageTest.java:32)
at com.OrangeHRMApplicationWebPagesTest.LogInPageTest.logInValidationTest(LogInPageTest.java:32)
at com.OrangeHRMApplicationWebPagesTest.LogInPageTest.logInValidationTest(LogInPageTest.java:32)
at com.OrangeHRMApplicationWebPagesTest.LogInPageTest.logInValidationTest(LogInPageTest.java:32)
at com.OrangeHRMApplicationWebPagesTest.LogInPageTest.logInValidationTest(LogInPageTest.java:32)
at com.OrangeHRMApplicationWebPagesTest.LogInPageTest.logInValidationTest(LogInPageTest.java:32)
at com.OrangeHRMApplicationWebPagesTest.LogInPageTest.logInValidationTest(LogInPageTest.java:32)
at com.OrangeHRMApplicationWebPagesTest.LogInPageTest.logInValidationTest(LogInPageTest.java:32)
at com.OrangeHRMApplicationWebPagesTest.LogInPageTest.logInValidationTest(LogInPageTest.java:32)
at com.OrangeHRMApplicationWebPagesTest.LogInPageTest.logInValidationTest(LogInPageTest.java:32)
at com.OrangeHRMApplicationWebPagesTest.LogInPageTest.logInValidationTest(LogInPageTest.java:32)
at com.OrangeHRMApplicationWebPagesTest.LogInPageTest.logInValidationTest(LogInPageTest.java:32)
at com.OrangeHRMApplicationWebPagesTest.LogInPageTest.logInValidationTest(LogInPageTest.java:32)
at com.OrangeHRMApplicationWebPagesTest.LogInPageTest.logInValidationTest(LogInPageTest.java:32)
at com.OrangeHRMApplicationWebPagesTest.LogInPageTest.logInValidationTest(LogInPageTest.java:32)
at com.OrangeHRMApplicationWebPagesTest.LogInPageTest.logInValidationTest(LogInPageTest.java:32)
at com.OrangeHRMApplicationWebPagesTest.LogInPageTest.logInValidationTest(LogInPageTest.java:32)
at com.OrangeHRMApplicationWebPagesTest.LogInPageTest.logInValidationTest(LogInPageTest.java:32)
at com.OrangeHRMApplicationWebPagesTest.LogInPageTest.logInValidationTest(LogInPageTest.java:32)
at com.OrangeHRMApplicationWebPagesTest.LogInPageTest.logInValidationTest(LogInPageTest.java:32)
at com.OrangeHRMApplicationWebPagesTest.LogInPageTest.logInValidationTest(LogInPageTest.java:32)
at com.OrangeHRMApplicationWebPagesTest.LogInPageTest.logInValidationTest(LogInPageTest.java:32)
at com.OrangeHRMApplicationWebPagesTest.LogInPageTest.logInValidationTest(LogInPageTest.java:32)
at com.OrangeHRMApplicationWebPagesTest.LogInPageTest.logInValidationTest(LogInPageTest.java:32)
at com.OrangeHRMApplicationWebPagesTest.LogInPageTest.logInValidationTest(LogInPageTest.java:32)
at com.OrangeHRMApplicationWebPagesTest.LogInPageTest.logInValidationTest(LogInPageTest.java:32)
at com.OrangeHRMApplicationWebPagesTest.LogInPageTest.logInValidationTest(LogInPageTest.java:32)
at com.OrangeHRMApplicationWebPagesTest.LogInPageTest.logInValidationTest(LogInPageTest.java:32)
at com.OrangeHRMApplicationWebPagesTest.LogInPageTest.logInValidationTest(LogInPageTest.java:32)
at com.OrangeHRMApplicationWebPagesTest.LogInPageTest.logInValidationTest(LogInPageTest.java:32)
at com.OrangeHRMApplicationWebPagesTest.LogInPageTest.logInValidationTest(LogInPageTest.java:32)
at com.OrangeHRMApplicationWebPagesTest.LogInPageTest.logInValidationTest(LogInPageTest.java:32)
at com.OrangeHRMApplicationWebPagesTest.LogInPageTest.logInValidationTest(LogInPageTest.java:32)
at com.OrangeHRMApplicationWebPagesTest.LogInPageTest.logInValidationTest(LogInPageTest.java:32)
at com.OrangeHRMApplicationWebPagesTest.LogInPageTest.logInValidationTest(LogInPageTest.java:32)
at com.OrangeHRMApplicationWebPagesTest.LogInPageTest.logInValidationTest(LogInPageTest.java:32)
at com.OrangeHRMApplicationWebPagesTest.LogInPageTest.logInValidationTest(LogInPageTest.java:32)
at com.OrangeHRMApplicationWebPagesTest.LogInPageTest.logInValidationTest(LogInPageTest.java:32)
at com.OrangeHRMApplicationWebPagesTest.LogInPageTest.logInValidationTest(LogInPageTest.java:32)
at com.OrangeHRMApplicationWebPagesTest.LogInPageTest.logInValidationTest(LogInPageTest.java:32)
at com.OrangeHRMApplicationWebPagesTest.LogInPageTest.logInValidationTest(LogInPageTest.java:32)
at com.OrangeHRMApplicationWebPagesTest.LogInPageTest.logInValidationTest(LogInPageTest.java:32)
at com.OrangeHRMApplicationWebPagesTest.LogInPageTest.logInValidationTest(LogInPageTest.java:32)
at com.OrangeHRMApplicationWebPagesTest.LogInPageTest.logInValidationTest(LogInPageTest.java:32)
at com.OrangeHRMApplicationWebPagesTest.LogInPageTest.logInValidationTest(LogInPageTest.java:32)
at com.OrangeHRMApplicationWebPagesTest.LogInPageTest.logInValidationTest(LogInPageTest.java:32)
at com.OrangeHRMApplicationWebPagesTest.LogInPageTest.logInValidationTest(LogInPageTest.java:32)
at com.OrangeHRMApplicationWebPagesTest.LogInPageTest.logInValidationTest(LogInPageTest.java:32)
at com.OrangeHRMApplicationWebPagesTest.LogInPageTest.logInValidationTest(LogInPageTest.java:32)
at com.OrangeHRMApplicationWebPagesTest.LogInPageTest.logInValidationTest(LogInPageTest.java:32)
at com.OrangeHRMApplicationWebPagesTest.LogInPageTest.logInValidationTest(LogInPageTest.java:32)
at com.OrangeHRMApplicationWebPagesTest.LogInPageTest.logInValidationTest(LogInPageTest.java:32)
at com.OrangeHRMApplicationWebPagesTest.LogInPageTest.logInValidationTest(LogInPageTest.java:32)
at com.OrangeHRMApplicationWebPagesTest.LogInPageTest.logInValidationTest(LogInPageTest.java:32)
at com.OrangeHRMApplicationWebPagesTest.LogInPageTest.logInValidationTest(LogInPageTest.java:32)
at com.OrangeHRMApplicationWebPagesTest.LogInPageTest.logInValidationTest(LogInPageTest.java:32)
at com.OrangeHRMApplicationWebPagesTest.LogInPageTest.logInValidationTest(LogInPageTest.java:32)
at com.OrangeHRMApplicationWebPagesTest.LogInPageTest.logInValidationTest(LogInPageTest.java:32)
at com.OrangeHRMApplicationWebPagesTest.LogInPageTest.logInValidationTest(LogInPageTest.java:32)
at com.OrangeHRMApplicationWebPagesTest.LogInPageTest.logInValidationTest(LogInPageTest.java:32)
at com.OrangeHRMApplicationWebPagesTest.LogInPageTest.logInValidationTest(LogInPageTest.java:32)
at com.OrangeHRMApplicationWebPagesTest.LogInPageTest.logInValidationTest(LogInPageTest.java:32)
at com.OrangeHRMApplicationWebPagesTest.LogInPageTest.logInValidationTest(LogInPageTest.java:32)
at com.OrangeHRMApplicationWebPagesTest.LogInPageTest.logInValidationTest(LogInPageTest.java:32)
at com.OrangeHRMApplicationWebPagesTest.LogInPageTest.logInValidationTest(LogInPageTest.java:32)
at com.OrangeHRMApplicationWebPagesTest.LogInPageTest.logInValidationTest(LogInPageTest.java:32)
at com.OrangeHRMApplicationWebPagesTest.LogInPageTest.logInValidationTest(LogInPageTest.java:32)
at com.OrangeHRMApplicationWebPagesTest.LogInPageTest.logInValidationTest(LogInPageTest.java:32)
at com.OrangeHRMApplicationWebPagesTest.LogInPageTest.logInValidationTest(LogInPageTest.java:32)
at com.OrangeHRMApplicationWebPagesTest.LogInPageTest.logInValidationTest(LogInPageTest.java:32)
at com.OrangeHRMApplicationWebPagesTest.LogInPageTest.logInValidationTest(LogInPageTest.java:32)
at com.OrangeHRMApplicationWebPagesTest.LogInPageTest.logInValidationTest(LogInPageTest.java:32)
at com.OrangeHRMApplicationWebPagesTest.LogInPageTest.logInValidationTest(LogInPageTest.java:32)
at com.OrangeHRMApplicationWebPagesTest.LogInPageTest.logInValidationTest(LogInPageTest.java:32)
at com.OrangeHRMApplicationWebPagesTest.LogInPageTest.logInValidationTest(LogInPageTest.java:32)
at com.OrangeHRMApplicationWebPagesTest.LogInPageTest.logInValidationTest(LogInPageTest.java:32)
at com.OrangeHRMApplicationWebPagesTest.LogInPageTest.logInValidationTest(LogInPageTest.java:32)
at com.OrangeHRMApplicationWebPagesTest.LogInPageTest.logInValidationTest(LogInPageTest.java:32)
at com.OrangeHRMApplicationWebPagesTest.LogInPageTest.logInValidationTest(LogInPageTest.java:32)
at com.OrangeHRMApplicationWebPagesTest.LogInPageTest.logInValidationTest(LogInPageTest.java:32)
at com.OrangeHRMApplicationWebPagesTest.LogInPageTest.logInValidationTest(LogInPageTest.java:32)
at com.OrangeHRMApplicationWebPagesTest.LogInPageTest.logInValidationTest(LogInPageTest.java:32)
at com.OrangeHRMApplicationWebPagesTest.LogInPageTest.logInValidationTest(LogInPageTest.java:32)
at com.OrangeHRMApplicationWebPagesTest.LogInPageTest.logInValidationTest(LogInPageTest.java:32)
at com.OrangeHRMApplicationWebPagesTest.LogInPageTest.logInValidationTest(LogInPageTest.java:32)
at com.OrangeHRMApplicationWebPagesTest.LogInPageTest.logInValidationTest(LogInPageTest.java:32)
at com.OrangeHRMApplicationWebPagesTest.LogInPageTest.logInValidationTest(LogInPageTest.java:32)
at com.OrangeHRMApplicationWebPagesTest.LogInPageTest.logInValidationTest(LogInPageTest.java:32)
at com.OrangeHRMApplicationWebPagesTest.LogInPageTest.logInValidationTest(LogInPageTest.java:32)
at com.OrangeHRMApplicationWebPagesTest.LogInPageTest.logInValidationTest(LogInPageTest.java:32)
at com.OrangeHRMApplicationWebPagesTest.LogInPageTest.logInValidationTest(LogInPageTest.java:32)
at com.OrangeHRMApplicationWebPagesTest.LogInPageTest.logInValidationTest(LogInPageTest.java:32)
at com.OrangeHRMApplicationWebPagesTest.LogInPageTest.logInValidationTest(LogInPageTest.java:32)
at com.OrangeHRMApplicationWebPagesTest.LogInPageTest.logInValidationTest(LogInPageTest.java:32)
at com.OrangeHRMApplicationWebPagesTest.LogInPageTest.logInValidationTest(LogInPageTest.java:32)
at com.OrangeHRMApplicationWebPagesTest.LogInPageTest.logInValidationTest(LogInPageTest.java:32)
at com.OrangeHRMApplicationWebPagesTest.LogInPageTest.logInValidationTest(LogInPageTest.java:32)
at com.OrangeHRMApplicationWebPagesTest.LogInPageTest.logInValidationTest(LogInPageTest.java:32)
at com.OrangeHRMApplicationWebPagesTest.LogInPageTest.logInValidationTest(LogInPageTest.java:32)
at com.OrangeHRMApplicationWebPagesTest.LogInPageTest.logInValidationTest(LogInPageTest.java:32)
at com.OrangeHRMApplicationWebPagesTest.LogInPageTest.logInValidationTest(LogInPageTest.java:32)
at com.OrangeHRMApplicationWebPagesTest.LogInPageTest.logInValidationTest(LogInPageTest.java:32)
at com.OrangeHRMApplicationWebPagesTest.LogInPageTest.logInValidationTest(LogInPageTest.java:32)
at com.OrangeHRMApplicationWebPagesTest.LogInPageTest.logInValidationTest(LogInPageTest.java:32)
at com.OrangeHRMApplicationWebPagesTest.LogInPageTest.logInValidationTest(LogInPageTest.java:32)
at com.OrangeHRMApplicationWebPagesTest.LogInPageTest.logInValidationTest(LogInPageTest.java:32)
at com.OrangeHRMApplicationWebPagesTest.LogInPageTest.logInValidationTest(LogInPageTest.java:32)
at com.OrangeHRMApplicationWebPagesTest.LogInPageTest.logInValidationTest(LogInPageTest.java:32)
at com.OrangeHRMApplicationWebPagesTest.LogInPageTest.logInValidationTest(LogInPageTest.java:32)
at com.OrangeHRMApplicationWebPagesTest.LogInPageTest.logInValidationTest(LogInPageTest.java:32)
at com.OrangeHRMApplicationWebPagesTest.LogInPageTest.logInValidationTest(LogInPageTest.java:32)
at com.OrangeHRMApplicationWebPagesTest.LogInPageTest.logInValidationTest(LogInPageTest.java:32)
at com.OrangeHRMApplicationWebPagesTest.LogInPageTest.logInValidationTest(LogInPageTest.java:32)
at com.OrangeHRMApplicationWebPagesTest.LogInPageTest.logInValidationTest(LogInPageTest.java:32)
at com.OrangeHRMApplicationWebPagesTest.LogInPageTest.logInValidationTest(LogInPageTest.java:32)
at com.OrangeHRMApplicationWebPagesTest.LogInPageTest.logInValidationTest(LogInPageTest.java:32)
at com.OrangeHRMApplicationWebPagesTest.LogInPageTest.logInValidationTest(LogInPageTest.java:32)
at com.OrangeHRMApplicationWebPagesTest.LogInPageTest.logInValidationTest(LogInPageTest.java:32)
at com.OrangeHRMApplicationWebPagesTest.LogInPageTest.logInValidationTest(LogInPageTest.java:32)
at com.OrangeHRMApplicationWebPagesTest.LogInPageTest.logInValidationTest(LogInPageTest.java:32)
at com.OrangeHRMApplicationWebPagesTest.LogInPageTest.logInValidationTest(LogInPageTest.java:32)
at com.OrangeHRMApplicationWebPagesTest.LogInPageTest.logInValidationTest(LogInPageTest.java:32)
at com.OrangeHRMApplicationWebPagesTest.LogInPageTest.logInValidationTest(LogInPageTest.java:32)
at com.OrangeHRMApplicationWebPagesTest.LogInPageTest.logInValidationTest(LogInPageTest.java:32)
at com.OrangeHRMApplicationWebPagesTest.LogInPageTest.logInValidationTest(LogInPageTest.java:32)
at com.OrangeHRMApplicationWebPagesTest.LogInPageTest.logInValidationTest(LogInPageTest.java:32)
at com.OrangeHRMApplicationWebPagesTest.LogInPageTest.logInValidationTest(LogInPageTest.java:32)
at com.OrangeHRMApplicationWebPagesTest.LogInPageTest.logInValidationTest(LogInPageTest.java:32)
at com.OrangeHRMApplicationWebPagesTest.LogInPageTest.logInValidationTest(LogInPageTest.java:32)
at com.OrangeHRMApplicationWebPagesTest.LogInPageTest.logInValidationTest(LogInPageTest.java:32)
at com.OrangeHRMApplicationWebPagesTest.LogInPageTest.logInValidationTest(LogInPageTest.java:32)
at com.OrangeHRMApplicationWebPagesTest.LogInPageTest.logInValidationTest(LogInPageTest.java:32)
at com.OrangeHRMApplicationWebPagesTest.LogInPageTest.logInValidationTest(LogInPageTest.java:32)
at com.OrangeHRMApplicationWebPagesTest.LogInPageTest.logInValidationTest(LogInPageTest.java:32)
at com.OrangeHRMApplicationWebPagesTest.LogInPageTest.logInValidationTest(LogInPageTest.java:32)
at com.OrangeHRMApplicationWebPagesTest.LogInPageTest.logInValidationTest(LogInPageTest.java:32)
at com.OrangeHRMApplicationWebPagesTest.LogInPageTest.logInValidationTest(LogInPageTest.java:32)
at com.OrangeHRMApplicationWebPagesTest.LogInPageTest.logInValidationTest(LogInPageTest.java:32)
at com.OrangeHRMApplicationWebPagesTest.LogInPageTest.logInValidationTest(LogInPageTest.java:32)
at com.OrangeHRMApplicationWebPagesTest.LogInPageTest.logInValidationTest(LogInPageTest.java:32)
at com.OrangeHRMApplicationWebPagesTest.LogInPageTest.logInValidationTest(LogInPageTest.java:32)
at com.OrangeHRMApplicationWebPagesTest.LogInPageTest.logInValidationTest(LogInPageTest.java:32)
at com.OrangeHRMApplicationWebPagesTest.LogInPageTest.logInValidationTest(LogInPageTest.java:32)
at com.OrangeHRMApplicationWebPagesTest.LogInPageTest.logInValidationTest(LogInPageTest.java:32)
at com.OrangeHRMApplicationWebPagesTest.LogInPageTest.logInValidationTest(LogInPageTest.java:32)
at com.OrangeHRMApplicationWebPagesTest.LogInPageTest.logInValidationTest(LogInPageTest.java:32)
at com.OrangeHRMApplicationWebPagesTest.LogInPageTest.logInValidationTest(LogInPageTest.java:32)
at com.OrangeHRMApplicationWebPagesTest.LogInPageTest.logInValidationTest(LogInPageTest.java:32)
at com.OrangeHRMApplicationWebPagesTest.LogInPageTest.logInValidationTest(LogInPageTest.java:32)
at com.OrangeHRMApplicationWebPagesTest.LogInPageTest.logInValidationTest(LogInPageTest.java:32)
at com.OrangeHRMApplicationWebPagesTest.LogInPageTest.logInValidationTest(LogInPageTest.java:32)
at com.OrangeHRMApplicationWebPagesTest.LogInPageTest.logInValidationTest(LogInPageTest.java:32)
at com.OrangeHRMApplicationWebPagesTest.LogInPageTest.logInValidationTest(LogInPageTest.java:32)
at com.OrangeHRMApplicationWebPagesTest.LogInPageTest.logInValidationTest(LogInPageTest.java:32)
at com.OrangeHRMApplicationWebPagesTest.LogInPageTest.logInValidationTest(LogInPageTest.java:32)
at com.OrangeHRMApplicationWebPagesTest.LogInPageTest.logInValidationTest(LogInPageTest.java:32)
at com.OrangeHRMApplicationWebPagesTest.LogInPageTest.logInValidationTest(LogInPageTest.java:32)
at com.OrangeHRMApplicationWebPagesTest.LogInPageTest.logInValidationTest(LogInPageTest.java:32)
at com.OrangeHRMApplicationWebPagesTest.LogInPageTest.logInValidationTest(LogInPageTest.java:32)
at com.OrangeHRMApplicationWebPagesTest.LogInPageTest.logInValidationTest(LogInPageTest.java:32)
at com.OrangeHRMApplicationWebPagesTest.LogInPageTest.logInValidationTest(LogInPageTest.java:32)
at com.OrangeHRMApplicationWebPagesTest.LogInPageTest.logInValidationTest(LogInPageTest.java:32)
at com.OrangeHRMApplicationWebPagesTest.LogInPageTest.logInValidationTest(LogInPageTest.java:32)
at com.OrangeHRMApplicationWebPagesTest.LogInPageTest.logInValidationTest(LogInPageTest.java:32)
at com.OrangeHRMApplicationWebPagesTest.LogInPageTest.logInValidationTest(LogInPageTest.java:32)
at com.OrangeHRMApplicationWebPagesTest.LogInPageTest.logInValidationTest(LogInPageTest.java:32)
at com.OrangeHRMApplicationWebPagesTest.LogInPageTest.logInValidationTest(LogInPageTest.java:32)
at com.OrangeHRMApplicationWebPagesTest.LogInPageTest.logInValidationTest(LogInPageTest.java:32)
[...]
at com.OrangeHRMApplicationWebPagesTest.LogInPageTest.logInValidationTest(LogInPageTest.java:32)
at com.OrangeHRMApplicationWebPagesTest.LogInPageTest.logInValidationTest(LogInPageTest.java:32)
at com.OrangeHRMApplicationWebPagesTest.LogInPageTest.logInValidationTest(LogInPageTest.java:32)
at com.OrangeHRMApplicationWebPagesTest.LogInPageTest.logInValidationTest(LogInPageTest.java:32)
at com.OrangeHRMApplicationWebPagesTest.LogInPageTest.logInValidationTest(LogInPageTest.java:32)
at com.OrangeHRMApplicationWebPagesTest.LogInPageTest.logInValidationTest(LogInPageTest.java:32)
at com.OrangeHRMApplicationWebPagesTest.LogInPageTest.logInValidationTest(LogInPageTest.java:32)
at com.OrangeHRMApplicationWebPagesTest.LogInPageTest.logInValidationTest(LogInPageTest.java:32)
at com.OrangeHRMApplicationWebPagesTest.LogInPageTest.logInValidationTest(LogInPageTest.java:32)
at com.OrangeHRMApplicationWebPagesTest.LogInPageTest.logInValidationTest(LogInPageTest.java:32)
at com.OrangeHRMApplicationWebPagesTest.LogInPageTest.logInValidationTest(LogInPageTest.java:32)
at com.OrangeHRMApplicationWebPagesTest.LogInPageTest.logInValidationTest(LogInPageTest.java:32)
at com.OrangeHRMApplicationWebPagesTest.LogInPageTest.logInValidationTest(LogInPageTest.java:32)
at com.OrangeHRMApplicationWebPagesTest.LogInPageTest.logInValidationTest(LogInPageTest.java:32)
at com.OrangeHRMApplicationWebPagesTest.LogInPageTest.logInValidationTest(LogInPageTest.java:32)
at com.OrangeHRMApplicationWebPagesTest.LogInPageTest.logInValidationTest(LogInPageTest.java:32)
at com.OrangeHRMApplicationWebPagesTest.LogInPageTest.logInValidationTest(LogInPageTest.java:32)
at com.OrangeHRMApplicationWebPagesTest.LogInPageTest.logInValidationTest(LogInPageTest.java:32)
at com.OrangeHRMApplicationWebPagesTest.LogInPageTest.logInValidationTest(LogInPageTest.java:32)
at com.OrangeHRMApplicationWebPagesTest.LogInPageTest.logInValidationTest(LogInPageTest.java:32)
at com.OrangeHRMApplicationWebPagesTest.LogInPageTest.logInValidationTest(LogInPageTest.java:32)
at com.OrangeHRMApplicationWebPagesTest.LogInPageTest.logInValidationTest(LogInPageTest.java:32)
at com.OrangeHRMApplicationWebPagesTest.LogInPageTest.logInValidationTest(LogInPageTest.java:32)
at com.OrangeHRMApplicationWebPagesTest.LogInPageTest.logInValidationTest(LogInPageTest.java:32)
at com.OrangeHRMApplicationWebPagesTest.LogInPageTest.logInValidationTest(LogInPageTest.java:32)
at com.OrangeHRMApplicationWebPagesTest.LogInPageTest.logInValidationTest(LogInPageTest.java:32)
at com.OrangeHRMApplicationWebPagesTest.LogInPageTest.logInValidationTest(LogInPageTest.java:32)
at com.OrangeHRMApplicationWebPagesTest.LogInPageTest.logInValidationTest(LogInPageTest.java:32)
at com.OrangeHRMApplicationWebPagesTest.LogInPageTest.logInValidationTest(LogInPageTest.java:32)
at com.OrangeHRMApplicationWebPagesTest.LogInPageTest.logInValidationTest(LogInPageTest.java:32)
at com.OrangeHRMApplicationWebPagesTest.LogInPageTest.logInValidationTest(LogInPageTest.java:32)
at com.OrangeHRMApplicationWebPagesTest.LogInPageTest.logInValidationTest(LogInPageTest.java:32)
at com.OrangeHRMApplicationWebPagesTest.LogInPageTest.logInValidationTest(LogInPageTest.java:32)
at com.OrangeHRMApplicationWebPagesTest.LogInPageTest.logInValidationTest(LogInPageTest.java:32)
at com.OrangeHRMApplicationWebPagesTest.LogInPageTest.logInValidationTest(LogInPageTest.java:32)
at com.OrangeHRMApplicationWebPagesTest.LogInPageTest.logInValidationTest(LogInPageTest.java:32)
at com.OrangeHRMApplicationWebPagesTest.LogInPageTest.logInValidationTest(LogInPageTest.java:32)
at com.OrangeHRMApplicationWebPagesTest.LogInPageTest.logInValidationTest(LogInPageTest.java:32)
at com.OrangeHRMApplicationWebPagesTest.LogInPageTest.logInValidationTest(LogInPageTest.java:32)
at com.OrangeHRMApplicationWebPagesTest.LogInPageTest.logInValidationTest(LogInPageTest.java:32)
at com.OrangeHRMApplicationWebPagesTest.LogInPageTest.logInValidationTest(LogInPageTest.java:32)
at com.OrangeHRMApplicationWebPagesTest.LogInPageTest.logInValidationTest(LogInPageTest.java:32)
at com.OrangeHRMApplicationWebPagesTest.LogInPageTest.logInValidationTest(LogInPageTest.java:32)
at com.OrangeHRMApplicationWebPagesTest.LogInPageTest.logInValidationTest(LogInPageTest.java:32)
at com.OrangeHRMApplicationWebPagesTest.LogInPageTest.logInValidationTest(LogInPageTest.java:32)
at com.OrangeHRMApplicationWebPagesTest.LogInPageTest.logInValidationTest(LogInPageTest.java:32)
at com.OrangeHRMApplicationWebPagesTest.LogInPageTest.logInValidationTest(LogInPageTest.java:32)
at com.OrangeHRMApplicationWebPagesTest.LogInPageTest.logInValidationTest(LogInPageTest.java:32)
at com.OrangeHRMApplicationWebPagesTest.LogInPageTest.logInValidationTest(LogInPageTest.java:32)
at com.OrangeHRMApplicationWebPagesTest.LogInPageTest.logInValidationTest(LogInPageTest.java:32)
at com.OrangeHRMApplicationWebPagesTest.LogInPageTest.logInValidationTest(LogInPageTest.java:32)
at com.OrangeHRMApplicationWebPagesTest.LogInPageTest.logInValidationTest(LogInPageTest.java:32)
at com.OrangeHRMApplicationWebPagesTest.LogInPageTest.logInValidationTest(LogInPageTest.java:32)
at com.OrangeHRMApplicationWebPagesTest.LogInPageTest.logInValidationTest(LogInPageTest.java:32)
at com.OrangeHRMApplicationWebPagesTest.LogInPageTest.logInValidationTest(LogInPageTest.java:32)
at com.OrangeHRMApplicationWebPagesTest.LogInPageTest.logInValidationTest(LogInPageTest.java:32)
at com.OrangeHRMApplicationWebPagesTest.LogInPageTest.logInValidationTest(LogInPageTest.java:32)
at com.OrangeHRMApplicationWebPagesTest.LogInPageTest.logInValidationTest(LogInPageTest.java:32)
at com.OrangeHRMApplicationWebPagesTest.LogInPageTest.logInValidationTest(LogInPageTest.java:32)
at com.OrangeHRMApplicationWebPagesTest.LogInPageTest.logInValidationTest(LogInPageTest.java:32)
at com.OrangeHRMApplicationWebPagesTest.LogInPageTest.logInValidationTest(LogInPageTest.java:32)
at com.OrangeHRMApplicationWebPagesTest.LogInPageTest.logInValidationTest(LogInPageTest.java:32)
at com.OrangeHRMApplicationWebPagesTest.LogInPageTest.logInValidationTest(LogInPageTest.java:32)
at com.OrangeHRMApplicationWebPagesTest.LogInPageTest.logInValidationTest(LogInPageTest.java:32)
at com.OrangeHRMApplicationWebPagesTest.LogInPageTest.logInValidationTest(LogInPageTest.java:32)
at com.OrangeHRMApplicationWebPagesTest.LogInPageTest.logInValidationTest(LogInPageTest.java:32)
at com.OrangeHRMApplicationWebPagesTest.LogInPageTest.logInValidationTest(LogInPageTest.java:32)
at com.OrangeHRMApplicationWebPagesTest.LogInPageTest.logInValidationTest(LogInPageTest.java:32)
at com.OrangeHRMApplicationWebPagesTest.LogInPageTest.logInValidationTest(LogInPageTest.java:32)
at com.OrangeHRMApplicationWebPagesTest.LogInPageTest.logInValidationTest(LogInPageTest.java:32)
at com.OrangeHRMApplicationWebPagesTest.LogInPageTest.logInValidationTest(LogInPageTest.java:32)
at com.OrangeHRMApplicationWebPagesTest.LogInPageTest.logInValidationTest(LogInPageTest.java:32)
at com.OrangeHRMApplicationWebPagesTest.LogInPageTest.logInValidationTest(LogInPageTest.java:32)
at com.OrangeHRMApplicationWebPagesTest.LogInPageTest.logInValidationTest(LogInPageTest.java:32)
at com.OrangeHRMApplicationWebPagesTest.LogInPageTest.logInValidationTest(LogInPageTest.java:32)
at com.OrangeHRMApplicationWebPagesTest.LogInPageTest.logInValidationTest(LogInPageTest.java:32)
at com.OrangeHRMApplicationWebPagesTest.LogInPageTest.logInValidationTest(LogInPageTest.java:32)
at com.OrangeHRMApplicationWebPagesTest.LogInPageTest.logInValidationTest(LogInPageTest.java:32)
at com.OrangeHRMApplicationWebPagesTest.LogInPageTest.logInValidationTest(LogInPageTest.java:32)
at com.OrangeHRMApplicationWebPagesTest.LogInPageTest.logInValidationTest(LogInPageTest.java:32)
at com.OrangeHRMApplicationWebPagesTest.LogInPageTest.logInValidationTest(LogInPageTest.java:32)
at com.OrangeHRMApplicationWebPagesTest.LogInPageTest.logInValidationTest(LogInPageTest.java:32)
at com.OrangeHRMApplicationWebPagesTest.LogInPageTest.logInValidationTest(LogInPageTest.java:32)
at com.OrangeHRMApplicationWebPagesTest.LogInPageTest.logInValidationTest(LogInPageTest.java:32)
at com.OrangeHRMApplicationWebPagesTest.LogInPageTest.logInValidationTest(LogInPageTest.java:32)
at com.OrangeHRMApplicationWebPagesTest.LogInPageTest.logInValidationTest(LogInPageTest.java:32)
at com.OrangeHRMApplicationWebPagesTest.LogInPageTest.logInValidationTest(LogInPageTest.java:32)
at com.OrangeHRMApplicationWebPagesTest.LogInPageTest.logInValidationTest(LogInPageTest.java:32)
at com.OrangeHRMApplicationWebPagesTest.LogInPageTest.logInValidationTest(LogInPageTest.java:32)
at com.OrangeHRMApplicationWebPagesTest.LogInPageTest.logInValidationTest(LogInPageTest.java:32)
at com.OrangeHRMApplicationWebPagesTest.LogInPageTest.logInValidationTest(LogInPageTest.java:32)
at com.OrangeHRMApplicationWebPagesTest.LogInPageTest.logInValidationTest(LogInPageTest.java:32)
at com.OrangeHRMApplicationWebPagesTest.LogInPageTest.logInValidationTest(LogInPageTest.java:32)
at com.OrangeHRMApplicationWebPagesTest.LogInPageTest.logInValidationTest(LogInPageTest.java:32)
at com.OrangeHRMApplicationWebPagesTest.LogInPageTest.logInValidationTest(LogInPageTest.java:32)
at com.OrangeHRMApplicationWebPagesTest.LogInPageTest.logInValidationTest(LogInPageTest.java:32)
at com.OrangeHRMApplicationWebPagesTest.LogInPageTest.logInValidationTest(LogInPageTest.java:32)
at com.OrangeHRMApplicationWebPagesTest.LogInPageTest.logInValidationTest(LogInPageTest.java:32)
at com.OrangeHRMApplicationWebPagesTest.LogInPageTest.logInValidationTest(LogInPageTest.java:32)
at com.OrangeHRMApplicationWebPagesTest.LogInPageTest.logInValidationTest(LogInPageTest.java:32)
at com.OrangeHRMApplicationWebPagesTest.LogInPageTest.logInValidationTest(LogInPageTest.java:32)
at com.OrangeHRMApplicationWebPagesTest.LogInPageTest.logInValidationTest(LogInPageTest.java:32)
at com.OrangeHRMApplicationWebPagesTest.LogInPageTest.logInValidationTest(LogInPageTest.java:32)
at com.OrangeHRMApplicationWebPagesTest.LogInPageTest.logInValidationTest(LogInPageTest.java:32)
at com.OrangeHRMApplicationWebPagesTest.LogInPageTest.logInValidationTest(LogInPageTest.java:32)
at com.OrangeHRMApplicationWebPagesTest.LogInPageTest.logInValidationTest(LogInPageTest.java:32)
at com.OrangeHRMApplicationWebPagesTest.LogInPageTest.logInValidationTest(LogInPageTest.java:32)
at com.OrangeHRMApplicationWebPagesTest.LogInPageTest.logInValidationTest(LogInPageTest.java:32)
at com.OrangeHRMApplicationWebPagesTest.LogInPageTest.logInValidationTest(LogInPageTest.java:32)
at com.OrangeHRMApplicationWebPagesTest.LogInPageTest.logInValidationTest(LogInPageTest.java:32)
at com.OrangeHRMApplicationWebPagesTest.LogInPageTest.logInValidationTest(LogInPageTest.java:32)
at com.OrangeHRMApplicationWebPagesTest.LogInPageTest.logInValidationTest(LogInPageTest.java:32)
at com.OrangeHRMApplicationWebPagesTest.LogInPageTest.logInValidationTest(LogInPageTest.java:32)
at com.OrangeHRMApplicationWebPagesTest.LogInPageTest.logInValidationTest(LogInPageTest.java:32)
at com.OrangeHRMApplicationWebPagesTest.LogInPageTest.logInValidationTest(LogInPageTest.java:32)
at com.OrangeHRMApplicationWebPagesTest.LogInPageTest.logInValidationTest(LogInPageTest.java:32)
at com.OrangeHRMApplicationWebPagesTest.LogInPageTest.logInValidationTest(LogInPageTest.java:32)
at com.OrangeHRMApplicationWebPagesTest.LogInPageTest.logInValidationTest(LogInPageTest.java:32)
at com.OrangeHRMApplicationWebPagesTest.LogInPageTest.logInValidationTest(LogInPageTest.java:32)
at com.OrangeHRMApplicationWebPagesTest.LogInPageTest.logInValidationTest(LogInPageTest.java:32)
at com.OrangeHRMApplicationWebPagesTest.LogInPageTest.logInValidationTest(LogInPageTest.java:32)
at com.OrangeHRMApplicationWebPagesTest.LogInPageTest.logInValidationTest(LogInPageTest.java:32)
at com.OrangeHRMApplicationWebPagesTest.LogInPageTest.logInValidationTest(LogInPageTest.java:32)
at com.OrangeHRMApplicationWebPagesTest.LogInPageTest.logInValidationTest(LogInPageTest.java:32)
at com.OrangeHRMApplicationWebPagesTest.LogInPageTest.logInValidationTest(LogInPageTest.java:32)
at com.OrangeHRMApplicationWebPagesTest.LogInPageTest.logInValidationTest(LogInPageTest.java:32)
at com.OrangeHRMApplicationWebPagesTest.LogInPageTest.logInValidationTest(LogInPageTest.java:32)
at com.OrangeHRMApplicationWebPagesTest.LogInPageTest.logInValidationTest(LogInPageTest.java:32)
at com.OrangeHRMApplicationWebPagesTest.LogInPageTest.logInValidationTest(LogInPageTest.java:32)
at com.OrangeHRMApplicationWebPagesTest.LogInPageTest.logInValidationTest(LogInPageTest.java:32)
at com.OrangeHRMApplicationWebPagesTest.LogInPageTest.logInValidationTest(LogInPageTest.java:32)
at com.OrangeHRMApplicationWebPagesTest.LogInPageTest.logInValidationTest(LogInPageTest.java:32)
at com.OrangeHRMApplicationWebPagesTest.LogInPageTest.logInValidationTest(LogInPageTest.java:32)
at com.OrangeHRMApplicationWebPagesTest.LogInPageTest.logInValidationTest(LogInPageTest.java:32)
at com.OrangeHRMApplicationWebPagesTest.LogInPageTest.logInValidationTest(LogInPageTest.java:32)
at com.OrangeHRMApplicationWebPagesTest.LogInPageTest.logInValidationTest(LogInPageTest.java:32)
at com.OrangeHRMApplicationWebPagesTest.LogInPageTest.logInValidationTest(LogInPageTest.java:32)
at com.OrangeHRMApplicationWebPagesTest.LogInPageTest.logInValidationTest(LogInPageTest.java:32)
at com.OrangeHRMApplicationWebPagesTest.LogInPageTest.logInValidationTest(LogInPageTest.java:32)
at com.OrangeHRMApplicationWebPagesTest.LogInPageTest.logInValidationTest(LogInPageTest.java:32)
at com.OrangeHRMApplicationWebPagesTest.LogInPageTest.logInValidationTest(LogInPageTest.java:32)
at com.OrangeHRMApplicationWebPagesTest.LogInPageTest.logInValidationTest(LogInPageTest.java:32)
at com.OrangeHRMApplicationWebPagesTest.LogInPageTest.logInValidationTest(LogInPageTest.java:32)
at com.OrangeHRMApplicationWebPagesTest.LogInPageTest.logInValidationTest(LogInPageTest.java:32)
at com.OrangeHRMApplicationWebPagesTest.LogInPageTest.logInValidationTest(LogInPageTest.java:32)
at com.OrangeHRMApplicationWebPagesTest.LogInPageTest.logInValidationTest(LogInPageTest.java:32)
at com.OrangeHRMApplicationWebPagesTest.LogInPageTest.logInValidationTest(LogInPageTest.java:32)
at com.OrangeHRMApplicationWebPagesTest.LogInPageTest.logInValidationTest(LogInPageTest.java:32)
at com.OrangeHRMApplicationWebPagesTest.LogInPageTest.logInValidationTest(LogInPageTest.java:32)
at com.OrangeHRMApplicationWebPagesTest.LogInPageTest.logInValidationTest(LogInPageTest.java:32)
at com.OrangeHRMApplicationWebPagesTest.LogInPageTest.logInValidationTest(LogInPageTest.java:32)
at com.OrangeHRMApplicationWebPagesTest.LogInPageTest.logInValidationTest(LogInPageTest.java:32)
at com.OrangeHRMApplicationWebPagesTest.LogInPageTest.logInValidationTest(LogInPageTest.java:32)
at com.OrangeHRMApplicationWebPagesTest.LogInPageTest.logInValidationTest(LogInPageTest.java:32)
at com.OrangeHRMApplicationWebPagesTest.LogInPageTest.logInValidationTest(LogInPageTest.java:32)
at com.OrangeHRMApplicationWebPagesTest.LogInPageTest.logInValidationTest(LogInPageTest.java:32)
at com.OrangeHRMApplicationWebPagesTest.LogInPageTest.logInValidationTest(LogInPageTest.java:32)
at com.OrangeHRMApplicationWebPagesTest.LogInPageTest.logInValidationTest(LogInPageTest.java:32)
at com.OrangeHRMApplicationWebPagesTest.LogInPageTest.logInValidationTest(LogInPageTest.java:32)
at com.OrangeHRMApplicationWebPagesTest.LogInPageTest.logInValidationTest(LogInPageTest.java:32)
at com.OrangeHRMApplicationWebPagesTest.LogInPageTest.logInValidationTest(LogInPageTest.java:32)
at com.OrangeHRMApplicationWebPagesTest.LogInPageTest.logInValidationTest(LogInPageTest.java:32)
at com.OrangeHRMApplicationWebPagesTest.LogInPageTest.logInValidationTest(LogInPageTest.java:32)
at com.OrangeHRMApplicationWebPagesTest.LogInPageTest.logInValidationTest(LogInPageTest.java:32)
at com.OrangeHRMApplicationWebPagesTest.LogInPageTest.logInValidationTest(LogInPageTest.java:32)
at com.OrangeHRMApplicationWebPagesTest.LogInPageTest.logInValidationTest(LogInPageTest.java:32)
at com.OrangeHRMApplicationWebPagesTest.LogInPageTest.logInValidationTest(LogInPageTest.java:32)
at com.OrangeHRMApplicationWebPagesTest.LogInPageTest.logInValidationTest(LogInPageTest.java:32)
at com.OrangeHRMApplicationWebPagesTest.LogInPageTest.logInValidationTest(LogInPageTest.java:32)
at com.OrangeHRMApplicationWebPagesTest.LogInPageTest.logInValidationTest(LogInPageTest.java:32)
at com.OrangeHRMApplicationWebPagesTest.LogInPageTest.logInValidationTest(LogInPageTest.java:32)
at com.OrangeHRMApplicationWebPagesTest.LogInPageTest.logInValidationTest(LogInPageTest.java:32)
at com.OrangeHRMApplicationWebPagesTest.LogInPageTest.logInValidationTest(LogInPageTest.java:32)
at com.OrangeHRMApplicationWebPagesTest.LogInPageTest.logInValidationTest(LogInPageTest.java:32)
at com.OrangeHRMApplicationWebPagesTest.LogInPageTest.logInValidationTest(LogInPageTest.java:32)
at com.OrangeHRMApplicationWebPagesTest.LogInPageTest.logInValidationTest(LogInPageTest.java:32)
at com.OrangeHRMApplicationWebPagesTest.LogInPageTest.logInValidationTest(LogInPageTest.java:32)
at com.OrangeHRMApplicationWebPagesTest.LogInPageTest.logInValidationTest(LogInPageTest.java:32)
at com.OrangeHRMApplicationWebPagesTest.LogInPageTest.logInValidationTest(LogInPageTest.java:32)
at com.OrangeHRMApplicationWebPagesTest.LogInPageTest.logInValidationTest(LogInPageTest.java:32)
at com.OrangeHRMApplicationWebPagesTest.LogInPageTest.logInValidationTest(LogInPageTest.java:32)
at com.OrangeHRMApplicationWebPagesTest.LogInPageTest.logInValidationTest(LogInPageTest.java:32)
at com.OrangeHRMApplicationWebPagesTest.LogInPageTest.logInValidationTest(LogInPageTest.java:32)
at com.OrangeHRMApplicationWebPagesTest.LogInPageTest.logInValidationTest(LogInPageTest.java:32)
at com.OrangeHRMApplicationWebPagesTest.LogInPageTest.logInValidationTest(LogInPageTest.java:32)
at com.OrangeHRMApplicationWebPagesTest.LogInPageTest.logInValidationTest(LogInPageTest.java:32)
at com.OrangeHRMApplicationWebPagesTest.LogInPageTest.logInValidationTest(LogInPageTest.java:32)
at com.OrangeHRMApplicationWebPagesTest.LogInPageTest.logInValidationTest(LogInPageTest.java:32)
at com.OrangeHRMApplicationWebPagesTest.LogInPageTest.logInValidationTest(LogInPageTest.java:32)
at com.OrangeHRMApplicationWebPagesTest.LogInPageTest.logInValidationTest(LogInPageTest.java:32)
at com.OrangeHRMApplicationWebPagesTest.LogInPageTest.logInValidationTest(LogInPageTest.java:32)
at com.OrangeHRMApplicationWebPagesTest.LogInPageTest.logInValidationTest(LogInPageTest.java:32)
at com.OrangeHRMApplicationWebPagesTest.LogInPageTest.logInValidationTest(LogInPageTest.java:32)
at com.OrangeHRMApplicationWebPagesTest.LogInPageTest.logInValidationTest(LogInPageTest.java:32)
at com.OrangeHRMApplicationWebPagesTest.LogInPageTest.logInValidationTest(LogInPageTest.java:32)
at com.OrangeHRMApplicationWebPagesTest.LogInPageTest.logInValidationTest(LogInPageTest.java:32)
at com.OrangeHRMApplicationWebPagesTest.LogInPageTest.logInValidationTest(LogInPageTest.java:32)
at com.OrangeHRMApplicationWebPagesTest.LogInPageTest.logInValidationTest(LogInPageTest.java:32)
at com.OrangeHRMApplicationWebPagesTest.LogInPageTest.logInValidationTest(LogInPageTest.java:32)
at com.OrangeHRMApplicationWebPagesTest.LogInPageTest.logInValidationTest(LogInPageTest.java:32)
at com.OrangeHRMApplicationWebPagesTest.LogInPageTest.logInValidationTest(LogInPageTest.java:32)
at com.OrangeHRMApplicationWebPagesTest.LogInPageTest.logInValidationTest(LogInPageTest.java:32)
at com.OrangeHRMApplicationWebPagesTest.LogInPageTest.logInValidationTest(LogInPageTest.java:32)
at com.OrangeHRMApplicationWebPagesTest.LogInPageTest.logInValidationTest(LogInPageTest.java:32)
]]>
    </error>
  </testcase> <!-- logInValidationTest -->
  <system-out/>
</testsuite> <!-- com.OrangeHRMApplicationWebPagesTest.LogInPageTest -->
