!SESSION 2024-05-16 15:38:21.692 -----------------------------------------------
eclipse.buildId=4.31.0.20240307-1200
java.version=17.0.11
java.vendor=Eclipse Adoptium
BootLoader constants: OS=win32, ARCH=x86_64, WS=win32, NL=en_IN
Framework arguments:  -product org.eclipse.epp.package.committers.product
Command-line arguments:  -os win32 -ws win32 -arch x86_64 -product org.eclipse.epp.package.committers.product

!ENTRY org.eclipse.egit.ui 2 0 2024-05-16 15:38:52.021
!MESSAGE Warning: The environment variable HOME is not set. The following directory will be used to store the Git
user global configuration and to define the default location to store repositories: 'C:\Users\khyat'. If this is
not correct please set the HOME environment variable and restart Eclipse. Otherwise Git for Windows and
EGit might behave differently since they see different configuration options.
This warning can be switched off on the Team > Git > Confirmations and Warnings preference page.

!ENTRY org.eclipse.m2e.core.ui 4 0 2024-05-16 15:39:44.842
!MESSAGE Failed to create project.
!STACK 0
java.util.concurrent.ExecutionException: java.lang.IllegalStateException: Process exit value was 1. Console printout:
===============================================================
[INFO] Scanning for projects...
[90mDownloading from [0mcentral[90m: https://repo.maven.apache.org/maven2/[0morg/apache/maven/plugins/maven-metadata.xml
[90mDownloading from [0mcentral[90m: https://repo.maven.apache.org/maven2/[0morg/codehaus/mojo/maven-metadata.xml
[WARNING] Could not transfer metadata org.apache.maven.plugins/maven-metadata.xml from/to central (https://repo.maven.apache.org/maven2): No such host is known (repo.maven.apache.org)
[WARNING] Could not transfer metadata org.codehaus.mojo/maven-metadata.xml from/to central (https://repo.maven.apache.org/maven2): repo.maven.apache.org
[90mDownloading from [0mcentral[90m: https://repo.maven.apache.org/maven2/[0morg/apache/maven/plugins/maven-archetype-plugin/maven-metadata.xml
[WARNING] Could not transfer metadata org.apache.maven.plugins:maven-archetype-plugin/maven-metadata.xml from/to central (https://repo.maven.apache.org/maven2): repo.maven.apache.org
[INFO] 
[INFO] [1m------------------< [0;36morg.apache.maven:standalone-pom[0;1m >-------------------[m
[INFO] [1mBuilding Maven Stub Project (No POM) 1[m
[INFO] [1m--------------------------------[ pom ]---------------------------------[m
[WARNING] org.apache.maven.plugins/maven-metadata.xml failed to transfer from https://repo.maven.apache.org/maven2 during a previous attempt. This failure was cached in the local repository and resolution will not be reattempted until the update interval of central has elapsed or updates are forced. Original error: Could not transfer metadata org.apache.maven.plugins/maven-metadata.xml from/to central (https://repo.maven.apache.org/maven2): No such host is known (repo.maven.apache.org)
[WARNING] org.codehaus.mojo/maven-metadata.xml failed to transfer from https://repo.maven.apache.org/maven2 during a previous attempt. This failure was cached in the local repository and resolution will not be reattempted until the update interval of central has elapsed or updates are forced. Original error: Could not transfer metadata org.codehaus.mojo/maven-metadata.xml from/to central (https://repo.maven.apache.org/maven2): repo.maven.apache.org
[INFO] 
[INFO] [1m>>> [0;32marchetype:3.2.1:generate[m [1m(default-cli)[0;1m > [0;1mgenerate-sources[m @ [36mstandalone-pom[0;1m >>>[m
[INFO] 
[INFO] [1m<<< [0;32marchetype:3.2.1:generate[m [1m(default-cli)[0;1m < [0;1mgenerate-sources[m @ [36mstandalone-pom[0;1m <<<[m
[INFO] 
[INFO] 
[INFO] [1m--- [0;32marchetype:3.2.1:generate[m [1m(default-cli)[m @ [36mstandalone-pom[0;1m ---[m
[INFO] Generating project in Interactive mode
[WARNING] No archetype found in remote catalog. Defaulting to internal catalog
[INFO] Archetype repository not defined. Using the one from [org.apache.maven.archetypes:maven-archetype-quickstart:1.1] found in catalog internal
[INFO] Using property: groupId = com.BaseTest
[INFO] Using property: artifactId = OHRM
[INFO] Using property: version = 0.0.1-SNAPSHOT
[INFO] Using property: package = com.BaseTest.OHRM
Confirm properties configuration:
groupId: com.BaseTest
artifactId: OHRM
version: 0.0.1-SNAPSHOT
package: com.BaseTest.OHRM
 Y: : [INFO] ----------------------------------------------------------------------------
[INFO] Using following parameters for creating project from Old (1.x) Archetype: maven-archetype-quickstart:1.1
[INFO] ----------------------------------------------------------------------------
[INFO] Parameter: basedir, Value: C:\OrangeHRMApplication\OrangeHRM_MavenProject
[INFO] Parameter: package, Value: com.BaseTest.OHRM
[INFO] Parameter: groupId, Value: com.BaseTest
[INFO] Parameter: artifactId, Value: OHRM
[INFO] Parameter: packageName, Value: com.BaseTest.OHRM
[INFO] Parameter: version, Value: 0.0.1-SNAPSHOT
[INFO] [1m------------------------------------------------------------------------[m
[INFO] [1;31mBUILD FAILURE[m
[INFO] [1m------------------------------------------------------------------------[m
[INFO] Total time:  6.129 s
[INFO] Finished at: 2024-05-16T15:39:44+05:30
[INFO] [1m------------------------------------------------------------------------[m
[ERROR] Failed to execute goal [32morg.apache.maven.plugins:maven-archetype-plugin:3.2.1:generate[m [1m(default-cli)[m on project [36mstandalone-pom[m: [1;31mUnable to add module to the current project as it is not of packaging type 'pom'[m -> [1m[Help 1][m
[ERROR] 
[ERROR] To see the full stack trace of the errors, re-run Maven with the [1m-e[m switch.
[ERROR] Re-run Maven using the [1m-X[m switch to enable full debug logging.
[ERROR] 
[ERROR] For more information about the errors and possible solutions, please read the following articles:
[ERROR] [1m[Help 1][m http://cwiki.apache.org/confluence/display/MAVEN/MojoFailureException

"===============================================================
	at java.base/java.util.concurrent.CompletableFuture.reportGet(CompletableFuture.java:396)
	at java.base/java.util.concurrent.CompletableFuture.get(CompletableFuture.java:2073)
	at org.eclipse.m2e.core.ui.internal.archetype.ArchetypeGenerator.createArchetypeProjects(ArchetypeGenerator.java:164)
	at org.eclipse.m2e.core.ui.internal.wizards.MavenProjectWizard$3.doCreateMavenProjects(MavenProjectWizard.java:246)
	at org.eclipse.m2e.core.ui.internal.wizards.AbstractCreateMavenProjectJob$1.doCreateMavenProjects(AbstractCreateMavenProjectJob.java:51)
	at org.eclipse.m2e.core.ui.internal.wizards.AbstractCreateMavenProjectsOperation.run(AbstractCreateMavenProjectsOperation.java:56)
	at org.eclipse.m2e.core.ui.internal.wizards.AbstractCreateMavenProjectJob.runInWorkspace(AbstractCreateMavenProjectJob.java:55)
	at org.eclipse.core.internal.resources.InternalWorkspaceJob.run(InternalWorkspaceJob.java:43)
	at org.eclipse.core.internal.jobs.Worker.run(Worker.java:63)
Caused by: java.lang.IllegalStateException: Process exit value was 1. Console printout:
===============================================================
[INFO] Scanning for projects...
[90mDownloading from [0mcentral[90m: https://repo.maven.apache.org/maven2/[0morg/apache/maven/plugins/maven-metadata.xml
[90mDownloading from [0mcentral[90m: https://repo.maven.apache.org/maven2/[0morg/codehaus/mojo/maven-metadata.xml
[WARNING] Could not transfer metadata org.apache.maven.plugins/maven-metadata.xml from/to central (https://repo.maven.apache.org/maven2): No such host is known (repo.maven.apache.org)
[WARNING] Could not transfer metadata org.codehaus.mojo/maven-metadata.xml from/to central (https://repo.maven.apache.org/maven2): repo.maven.apache.org
[90mDownloading from [0mcentral[90m: https://repo.maven.apache.org/maven2/[0morg/apache/maven/plugins/maven-archetype-plugin/maven-metadata.xml
[WARNING] Could not transfer metadata org.apache.maven.plugins:maven-archetype-plugin/maven-metadata.xml from/to central (https://repo.maven.apache.org/maven2): repo.maven.apache.org
[INFO] 
[INFO] [1m------------------< [0;36morg.apache.maven:standalone-pom[0;1m >-------------------[m
[INFO] [1mBuilding Maven Stub Project (No POM) 1[m
[INFO] [1m--------------------------------[ pom ]---------------------------------[m
[WARNING] org.apache.maven.plugins/maven-metadata.xml failed to transfer from https://repo.maven.apache.org/maven2 during a previous attempt. This failure was cached in the local repository and resolution will not be reattempted until the update interval of central has elapsed or updates are forced. Original error: Could not transfer metadata org.apache.maven.plugins/maven-metadata.xml from/to central (https://repo.maven.apache.org/maven2): No such host is known (repo.maven.apache.org)
[WARNING] org.codehaus.mojo/maven-metadata.xml failed to transfer from https://repo.maven.apache.org/maven2 during a previous attempt. This failure was cached in the local repository and resolution will not be reattempted until the update interval of central has elapsed or updates are forced. Original error: Could not transfer metadata org.codehaus.mojo/maven-metadata.xml from/to central (https://repo.maven.apache.org/maven2): repo.maven.apache.org
[INFO] 
[INFO] [1m>>> [0;32marchetype:3.2.1:generate[m [1m(default-cli)[0;1m > [0;1mgenerate-sources[m @ [36mstandalone-pom[0;1m >>>[m
[INFO] 
[INFO] [1m<<< [0;32marchetype:3.2.1:generate[m [1m(default-cli)[0;1m < [0;1mgenerate-sources[m @ [36mstandalone-pom[0;1m <<<[m
[INFO] 
[INFO] 
[INFO] [1m--- [0;32marchetype:3.2.1:generate[m [1m(default-cli)[m @ [36mstandalone-pom[0;1m ---[m
[INFO] Generating project in Interactive mode
[WARNING] No archetype found in remote catalog. Defaulting to internal catalog
[INFO] Archetype repository not defined. Using the one from [org.apache.maven.archetypes:maven-archetype-quickstart:1.1] found in catalog internal
[INFO] Using property: groupId = com.BaseTest
[INFO] Using property: artifactId = OHRM
[INFO] Using property: version = 0.0.1-SNAPSHOT
[INFO] Using property: package = com.BaseTest.OHRM
Confirm properties configuration:
groupId: com.BaseTest
artifactId: OHRM
version: 0.0.1-SNAPSHOT
package: com.BaseTest.OHRM
 Y: : [INFO] ----------------------------------------------------------------------------
[INFO] Using following parameters for creating project from Old (1.x) Archetype: maven-archetype-quickstart:1.1
[INFO] ----------------------------------------------------------------------------
[INFO] Parameter: basedir, Value: C:\OrangeHRMApplication\OrangeHRM_MavenProject
[INFO] Parameter: package, Value: com.BaseTest.OHRM
[INFO] Parameter: groupId, Value: com.BaseTest
[INFO] Parameter: artifactId, Value: OHRM
[INFO] Parameter: packageName, Value: com.BaseTest.OHRM
[INFO] Parameter: version, Value: 0.0.1-SNAPSHOT
[INFO] [1m------------------------------------------------------------------------[m
[INFO] [1;31mBUILD FAILURE[m
[INFO] [1m------------------------------------------------------------------------[m
[INFO] Total time:  6.129 s
[INFO] Finished at: 2024-05-16T15:39:44+05:30
[INFO] [1m------------------------------------------------------------------------[m
[ERROR] Failed to execute goal [32morg.apache.maven.plugins:maven-archetype-plugin:3.2.1:generate[m [1m(default-cli)[m on project [36mstandalone-pom[m: [1;31mUnable to add module to the current project as it is not of packaging type 'pom'[m -> [1m[Help 1][m
[ERROR] 
[ERROR] To see the full stack trace of the errors, re-run Maven with the [1m-e[m switch.
[ERROR] Re-run Maven using the [1m-X[m switch to enable full debug logging.
[ERROR] 
[ERROR] For more information about the errors and possible solutions, please read the following articles:
[ERROR] [1m[Help 1][m http://cwiki.apache.org/confluence/display/MAVEN/MojoFailureException

"===============================================================
	at org.eclipse.m2e.internal.launch.EclipseMavenLauncher$1.lambda$4(EclipseMavenLauncher.java:120)
	at java.base/java.util.Optional.ifPresent(Optional.java:178)
	at org.eclipse.m2e.internal.launch.EclipseMavenLauncher$1.launchesTerminated(EclipseMavenLauncher.java:107)
	at org.eclipse.debug.internal.core.LaunchManager$LaunchesNotifier.run(LaunchManager.java:300)
	at org.eclipse.core.runtime.SafeRunner.run(SafeRunner.java:47)
	at org.eclipse.debug.internal.core.LaunchManager$LaunchesNotifier.notify(LaunchManager.java:257)
	at org.eclipse.debug.internal.core.LaunchManager.fireUpdate(LaunchManager.java:931)
	at org.eclipse.debug.core.Launch.fireTerminate(Launch.java:479)
	at org.eclipse.debug.core.Launch.handleDebugEvents(Launch.java:644)
	at org.eclipse.debug.core.DebugPlugin$EventNotifier.run(DebugPlugin.java:1263)
	at org.eclipse.core.runtime.SafeRunner.run(SafeRunner.java:47)
	at org.eclipse.debug.core.DebugPlugin$EventNotifier.dispatch(DebugPlugin.java:1297)
	at org.eclipse.debug.core.DebugPlugin$EventDispatchJob.run(DebugPlugin.java:498)
	... 1 more

!ENTRY org.eclipse.m2e.core.ui 4 0 2024-05-16 15:40:34.502
!MESSAGE Failed to create project.
!STACK 0
java.util.concurrent.ExecutionException: java.lang.IllegalStateException: Process exit value was 1. Console printout:
===============================================================
[INFO] Scanning for projects...
[90mDownloading from [0mcentral[90m: https://repo.maven.apache.org/maven2/[0morg/apache/maven/plugins/maven-metadata.xml
[90mDownloading from [0mcentral[90m: https://repo.maven.apache.org/maven2/[0morg/codehaus/mojo/maven-metadata.xml
[WARNING] Could not transfer metadata org.apache.maven.plugins/maven-metadata.xml from/to central (https://repo.maven.apache.org/maven2): No such host is known (repo.maven.apache.org)
[WARNING] Could not transfer metadata org.codehaus.mojo/maven-metadata.xml from/to central (https://repo.maven.apache.org/maven2): repo.maven.apache.org
[90mDownloading from [0mcentral[90m: https://repo.maven.apache.org/maven2/[0morg/apache/maven/plugins/maven-archetype-plugin/maven-metadata.xml
[WARNING] Could not transfer metadata org.apache.maven.plugins:maven-archetype-plugin/maven-metadata.xml from/to central (https://repo.maven.apache.org/maven2): repo.maven.apache.org
[INFO] 
[INFO] [1m------------------< [0;36morg.apache.maven:standalone-pom[0;1m >-------------------[m
[INFO] [1mBuilding Maven Stub Project (No POM) 1[m
[INFO] [1m--------------------------------[ pom ]---------------------------------[m
[WARNING] org.apache.maven.plugins/maven-metadata.xml failed to transfer from https://repo.maven.apache.org/maven2 during a previous attempt. This failure was cached in the local repository and resolution will not be reattempted until the update interval of central has elapsed or updates are forced. Original error: Could not transfer metadata org.apache.maven.plugins/maven-metadata.xml from/to central (https://repo.maven.apache.org/maven2): No such host is known (repo.maven.apache.org)
[WARNING] org.codehaus.mojo/maven-metadata.xml failed to transfer from https://repo.maven.apache.org/maven2 during a previous attempt. This failure was cached in the local repository and resolution will not be reattempted until the update interval of central has elapsed or updates are forced. Original error: Could not transfer metadata org.codehaus.mojo/maven-metadata.xml from/to central (https://repo.maven.apache.org/maven2): repo.maven.apache.org
[INFO] 
[INFO] [1m>>> [0;32marchetype:3.2.1:generate[m [1m(default-cli)[0;1m > [0;1mgenerate-sources[m @ [36mstandalone-pom[0;1m >>>[m
[INFO] 
[INFO] [1m<<< [0;32marchetype:3.2.1:generate[m [1m(default-cli)[0;1m < [0;1mgenerate-sources[m @ [36mstandalone-pom[0;1m <<<[m
[INFO] 
[INFO] 
[INFO] [1m--- [0;32marchetype:3.2.1:generate[m [1m(default-cli)[m @ [36mstandalone-pom[0;1m ---[m
[INFO] Generating project in Interactive mode
[WARNING] No archetype found in remote catalog. Defaulting to internal catalog
[INFO] Archetype repository not defined. Using the one from [org.apache.maven.archetypes:maven-archetype-quickstart:1.1] found in catalog internal
[INFO] Using property: groupId = com.BaseTest
[INFO] Using property: artifactId = OHRMMaven
[INFO] Using property: version = 0.0.1-SNAPSHOT
[INFO] Using property: package = com.BaseTest.OHRMMaven
Confirm properties configuration:
groupId: com.BaseTest
artifactId: OHRMMaven
version: 0.0.1-SNAPSHOT
package: com.BaseTest.OHRMMaven
 Y: : [INFO] ----------------------------------------------------------------------------
[INFO] Using following parameters for creating project from Old (1.x) Archetype: maven-archetype-quickstart:1.1
[INFO] ----------------------------------------------------------------------------
[INFO] Parameter: basedir, Value: C:\OrangeHRMApplication\OrangeHRM_MavenProject
[INFO] Parameter: package, Value: com.BaseTest.OHRMMaven
[INFO] Parameter: groupId, Value: com.BaseTest
[INFO] Parameter: artifactId, Value: OHRMMaven
[INFO] Parameter: packageName, Value: com.BaseTest.OHRMMaven
[INFO] Parameter: version, Value: 0.0.1-SNAPSHOT
[INFO] [1m------------------------------------------------------------------------[m
[INFO] [1;31mBUILD FAILURE[m
[INFO] [1m------------------------------------------------------------------------[m
[INFO] Total time:  6.346 s
[INFO] Finished at: 2024-05-16T15:40:34+05:30
[INFO] [1m------------------------------------------------------------------------[m
[ERROR] Failed to execute goal [32morg.apache.maven.plugins:maven-archetype-plugin:3.2.1:generate[m [1m(default-cli)[m on project [36mstandalone-pom[m: [1;31mUnable to add module to the current project as it is not of packaging type 'pom'[m -> [1m[Help 1][m
[ERROR] 
[ERROR] To see the full stack trace of the errors, re-run Maven with the [1m-e[m switch.
[ERROR] Re-run Maven using the [1m-X[m switch to enable full debug logging.
[ERROR] 
[ERROR] For more information about the errors and possible solutions, please read the following articles:
[ERROR] [1m[Help 1][m http://cwiki.apache.org/confluence/display/MAVEN/MojoFailureException

"===============================================================
	at java.base/java.util.concurrent.CompletableFuture.reportGet(CompletableFuture.java:396)
	at java.base/java.util.concurrent.CompletableFuture.get(CompletableFuture.java:2073)
	at org.eclipse.m2e.core.ui.internal.archetype.ArchetypeGenerator.createArchetypeProjects(ArchetypeGenerator.java:164)
	at org.eclipse.m2e.core.ui.internal.wizards.MavenProjectWizard$3.doCreateMavenProjects(MavenProjectWizard.java:246)
	at org.eclipse.m2e.core.ui.internal.wizards.AbstractCreateMavenProjectJob$1.doCreateMavenProjects(AbstractCreateMavenProjectJob.java:51)
	at org.eclipse.m2e.core.ui.internal.wizards.AbstractCreateMavenProjectsOperation.run(AbstractCreateMavenProjectsOperation.java:56)
	at org.eclipse.m2e.core.ui.internal.wizards.AbstractCreateMavenProjectJob.runInWorkspace(AbstractCreateMavenProjectJob.java:55)
	at org.eclipse.core.internal.resources.InternalWorkspaceJob.run(InternalWorkspaceJob.java:43)
	at org.eclipse.core.internal.jobs.Worker.run(Worker.java:63)
Caused by: java.lang.IllegalStateException: Process exit value was 1. Console printout:
===============================================================
[INFO] Scanning for projects...
[90mDownloading from [0mcentral[90m: https://repo.maven.apache.org/maven2/[0morg/apache/maven/plugins/maven-metadata.xml
[90mDownloading from [0mcentral[90m: https://repo.maven.apache.org/maven2/[0morg/codehaus/mojo/maven-metadata.xml
[WARNING] Could not transfer metadata org.apache.maven.plugins/maven-metadata.xml from/to central (https://repo.maven.apache.org/maven2): No such host is known (repo.maven.apache.org)
[WARNING] Could not transfer metadata org.codehaus.mojo/maven-metadata.xml from/to central (https://repo.maven.apache.org/maven2): repo.maven.apache.org
[90mDownloading from [0mcentral[90m: https://repo.maven.apache.org/maven2/[0morg/apache/maven/plugins/maven-archetype-plugin/maven-metadata.xml
[WARNING] Could not transfer metadata org.apache.maven.plugins:maven-archetype-plugin/maven-metadata.xml from/to central (https://repo.maven.apache.org/maven2): repo.maven.apache.org
[INFO] 
[INFO] [1m------------------< [0;36morg.apache.maven:standalone-pom[0;1m >-------------------[m
[INFO] [1mBuilding Maven Stub Project (No POM) 1[m
[INFO] [1m--------------------------------[ pom ]---------------------------------[m
[WARNING] org.apache.maven.plugins/maven-metadata.xml failed to transfer from https://repo.maven.apache.org/maven2 during a previous attempt. This failure was cached in the local repository and resolution will not be reattempted until the update interval of central has elapsed or updates are forced. Original error: Could not transfer metadata org.apache.maven.plugins/maven-metadata.xml from/to central (https://repo.maven.apache.org/maven2): No such host is known (repo.maven.apache.org)
[WARNING] org.codehaus.mojo/maven-metadata.xml failed to transfer from https://repo.maven.apache.org/maven2 during a previous attempt. This failure was cached in the local repository and resolution will not be reattempted until the update interval of central has elapsed or updates are forced. Original error: Could not transfer metadata org.codehaus.mojo/maven-metadata.xml from/to central (https://repo.maven.apache.org/maven2): repo.maven.apache.org
[INFO] 
[INFO] [1m>>> [0;32marchetype:3.2.1:generate[m [1m(default-cli)[0;1m > [0;1mgenerate-sources[m @ [36mstandalone-pom[0;1m >>>[m
[INFO] 
[INFO] [1m<<< [0;32marchetype:3.2.1:generate[m [1m(default-cli)[0;1m < [0;1mgenerate-sources[m @ [36mstandalone-pom[0;1m <<<[m
[INFO] 
[INFO] 
[INFO] [1m--- [0;32marchetype:3.2.1:generate[m [1m(default-cli)[m @ [36mstandalone-pom[0;1m ---[m
[INFO] Generating project in Interactive mode
[WARNING] No archetype found in remote catalog. Defaulting to internal catalog
[INFO] Archetype repository not defined. Using the one from [org.apache.maven.archetypes:maven-archetype-quickstart:1.1] found in catalog internal
[INFO] Using property: groupId = com.BaseTest
[INFO] Using property: artifactId = OHRMMaven
[INFO] Using property: version = 0.0.1-SNAPSHOT
[INFO] Using property: package = com.BaseTest.OHRMMaven
Confirm properties configuration:
groupId: com.BaseTest
artifactId: OHRMMaven
version: 0.0.1-SNAPSHOT
package: com.BaseTest.OHRMMaven
 Y: : [INFO] ----------------------------------------------------------------------------
[INFO] Using following parameters for creating project from Old (1.x) Archetype: maven-archetype-quickstart:1.1
[INFO] ----------------------------------------------------------------------------
[INFO] Parameter: basedir, Value: C:\OrangeHRMApplication\OrangeHRM_MavenProject
[INFO] Parameter: package, Value: com.BaseTest.OHRMMaven
[INFO] Parameter: groupId, Value: com.BaseTest
[INFO] Parameter: artifactId, Value: OHRMMaven
[INFO] Parameter: packageName, Value: com.BaseTest.OHRMMaven
[INFO] Parameter: version, Value: 0.0.1-SNAPSHOT
[INFO] [1m------------------------------------------------------------------------[m
[INFO] [1;31mBUILD FAILURE[m
[INFO] [1m------------------------------------------------------------------------[m
[INFO] Total time:  6.346 s
[INFO] Finished at: 2024-05-16T15:40:34+05:30
[INFO] [1m------------------------------------------------------------------------[m
[ERROR] Failed to execute goal [32morg.apache.maven.plugins:maven-archetype-plugin:3.2.1:generate[m [1m(default-cli)[m on project [36mstandalone-pom[m: [1;31mUnable to add module to the current project as it is not of packaging type 'pom'[m -> [1m[Help 1][m
[ERROR] 
[ERROR] To see the full stack trace of the errors, re-run Maven with the [1m-e[m switch.
[ERROR] Re-run Maven using the [1m-X[m switch to enable full debug logging.
[ERROR] 
[ERROR] For more information about the errors and possible solutions, please read the following articles:
[ERROR] [1m[Help 1][m http://cwiki.apache.org/confluence/display/MAVEN/MojoFailureException

"===============================================================
	at org.eclipse.m2e.internal.launch.EclipseMavenLauncher$1.lambda$4(EclipseMavenLauncher.java:120)
	at java.base/java.util.Optional.ifPresent(Optional.java:178)
	at org.eclipse.m2e.internal.launch.EclipseMavenLauncher$1.launchesTerminated(EclipseMavenLauncher.java:107)
	at org.eclipse.debug.internal.core.LaunchManager$LaunchesNotifier.run(LaunchManager.java:300)
	at org.eclipse.core.runtime.SafeRunner.run(SafeRunner.java:47)
	at org.eclipse.debug.internal.core.LaunchManager$LaunchesNotifier.notify(LaunchManager.java:257)
	at org.eclipse.debug.internal.core.LaunchManager.fireUpdate(LaunchManager.java:931)
	at org.eclipse.debug.core.Launch.fireTerminate(Launch.java:479)
	at org.eclipse.debug.core.Launch.handleDebugEvents(Launch.java:644)
	at org.eclipse.debug.core.DebugPlugin$EventNotifier.run(DebugPlugin.java:1263)
	at org.eclipse.core.runtime.SafeRunner.run(SafeRunner.java:47)
	at org.eclipse.debug.core.DebugPlugin$EventNotifier.dispatch(DebugPlugin.java:1297)
	at org.eclipse.debug.core.DebugPlugin$EventDispatchJob.run(DebugPlugin.java:498)
	... 1 more
