<?xml version="1.0" encoding="UTF-8"?>
<testng-results ignored="0" total="3" passed="2" failed="1" skipped="0">
  <reporter-output>
  </reporter-output>
  <suite started-at="2024-05-16T19:24:04 IST" name="Default suite" finished-at="2024-05-16T19:24:09 IST" duration-ms="4974">
    <groups>
    </groups>
    <test started-at="2024-05-16T19:24:04 IST" name="Default test" finished-at="2024-05-16T19:24:09 IST" duration-ms="4974">
      <class name="com.OrangeHRMApplicationWebPagesTest.LogInPageTest">
        <test-method is-config="true" signature="orangeHRMApplicationLaunch()[pri:0, instance:com.OrangeHRMApplicationWebPagesTest.LogInPageTest@6e6f2380]" started-at="2024-05-16T19:24:04 IST" name="orangeHRMApplicationLaunch" finished-at="2024-05-16T19:24:06 IST" duration-ms="1790" status="PASS">
          <reporter-output>
          </reporter-output>
        </test-method> <!-- orangeHRMApplicationLaunch -->
        <test-method signature="orangeHRMApplication_LogInPage_LogInPanelValidationTest()[pri:1, instance:com.OrangeHRMApplicationWebPagesTest.LogInPageTest@6e6f2380]" started-at="2024-05-16T19:24:06 IST" name="orangeHRMApplication_LogInPage_LogInPanelValidationTest" description="Validating OrangeHRM Application LogIn Page LogIn Panel Text" finished-at="2024-05-16T19:24:06 IST" duration-ms="64" status="PASS">
          <reporter-output>
          </reporter-output>
        </test-method> <!-- orangeHRMApplication_LogInPage_LogInPanelValidationTest -->
        <test-method is-config="true" signature="orangeHRMApplicationClose()[pri:0, instance:com.OrangeHRMApplicationWebPagesTest.LogInPageTest@6e6f2380]" started-at="2024-05-16T19:24:06 IST" name="orangeHRMApplicationClose" finished-at="2024-05-16T19:24:06 IST" duration-ms="117" status="PASS">
          <reporter-output>
          </reporter-output>
        </test-method> <!-- orangeHRMApplicationClose -->
        <test-method is-config="true" signature="orangeHRMApplicationLaunch()[pri:0, instance:com.OrangeHRMApplicationWebPagesTest.LogInPageTest@6e6f2380]" started-at="2024-05-16T19:24:06 IST" name="orangeHRMApplicationLaunch" finished-at="2024-05-16T19:24:07 IST" duration-ms="1379" status="PASS">
          <reporter-output>
          </reporter-output>
        </test-method> <!-- orangeHRMApplicationLaunch -->
        <test-method signature="orangeHRMApplication_LogInPageLogoValidationTest()[pri:2, instance:com.OrangeHRMApplicationWebPagesTest.LogInPageTest@6e6f2380]" started-at="2024-05-16T19:24:07 IST" name="orangeHRMApplication_LogInPageLogoValidationTest" description="Validating OrangeHRM Application LogIn Page Logo" finished-at="2024-05-16T19:24:07 IST" duration-ms="71" status="PASS">
          <reporter-output>
          </reporter-output>
        </test-method> <!-- orangeHRMApplication_LogInPageLogoValidationTest -->
        <test-method is-config="true" signature="orangeHRMApplicationClose()[pri:0, instance:com.OrangeHRMApplicationWebPagesTest.LogInPageTest@6e6f2380]" started-at="2024-05-16T19:24:07 IST" name="orangeHRMApplicationClose" finished-at="2024-05-16T19:24:07 IST" duration-ms="75" status="PASS">
          <reporter-output>
          </reporter-output>
        </test-method> <!-- orangeHRMApplicationClose -->
        <test-method is-config="true" signature="orangeHRMApplicationLaunch()[pri:0, instance:com.OrangeHRMApplicationWebPagesTest.LogInPageTest@6e6f2380]" started-at="2024-05-16T19:24:07 IST" name="orangeHRMApplicationLaunch" finished-at="2024-05-16T19:24:09 IST" duration-ms="1147" status="PASS">
          <reporter-output>
          </reporter-output>
        </test-method> <!-- orangeHRMApplicationLaunch -->
        <test-method signature="logInValidationTest()[pri:3, instance:com.OrangeHRMApplicationWebPagesTest.LogInPageTest@6e6f2380]" started-at="2024-05-16T19:24:09 IST" name="logInValidationTest" description="Validating OrangeHRM Application LogIn Test" finished-at="2024-05-16T19:24:09 IST" duration-ms="149" status="FAIL">
          <exception class="java.lang.StackOverflowError">
            <full-stacktrace>
              <![CDATA[java.lang.StackOverflowError
at java.base/java.util.HashMap.hash(HashMap.java:338)
at java.base/java.util.HashMap.put(HashMap.java:610)
at java.base/java.util.HashSet.add(HashSet.java:221)
at org.openqa.selenium.support.AbstractFindByBuilder.assertValidFindBy(AbstractFindByBuilder.java:100)
at org.openqa.selenium.support.FindBy$FindByBuilder.buildIt(FindBy.java:82)
at org.openqa.selenium.support.pagefactory.Annotations.buildBy(Annotations.java:77)
at org.openqa.selenium.support.pagefactory.DefaultElementLocator.<init>(DefaultElementLocator.java:58)
at org.openqa.selenium.support.pagefactory.DefaultElementLocator.<init>(DefaultElementLocator.java:46)
at org.openqa.selenium.support.pagefactory.DefaultElementLocatorFactory.createLocator(DefaultElementLocatorFactory.java:32)
at org.openqa.selenium.support.pagefactory.DefaultFieldDecorator.decorate(DefaultFieldDecorator.java:56)
at org.openqa.selenium.support.PageFactory.proxyFields(PageFactory.java:113)
at org.openqa.selenium.support.PageFactory.initElements(PageFactory.java:105)
at org.openqa.selenium.support.PageFactory.initElements(PageFactory.java:92)
at org.openqa.selenium.support.PageFactory.initElements(PageFactory.java:79)
at com.OrangeHRMApplicationWebPages.LogInPage.<init>(LogInPage.java:31)
at com.OrangeHRMApplicationWebPagesTest.LogInPageTest.<init>(LogInPageTest.java:8)
at com.OrangeHRMApplicationWebPagesTest.LogInPageTest.logInValidationTest(LogInPageTest.java:31)
at com.OrangeHRMApplicationWebPagesTest.LogInPageTest.logInValidationTest(LogInPageTest.java:32)
at com.OrangeHRMApplicationWebPagesTest.LogInPageTest.logInValidationTest(LogInPageTest.java:32)
at com.OrangeHRMApplicationWebPagesTest.LogInPageTest.logInValidationTest(LogInPageTest.java:32)
at com.OrangeHRMApplicationWebPagesTest.LogInPageTest.logInValidationTest(LogInPageTest.java:32)
at com.OrangeHRMApplicationWebPagesTest.LogInPageTest.logInValidationTest(LogInPageTest.java:32)
at com.OrangeHRMApplicationWebPagesTest.LogInPageTest.logInValidationTest(LogInPageTest.java:32)
at com.OrangeHRMApplicationWebPagesTest.LogInPageTest.logInValidationTest(LogInPageTest.java:32)
at com.OrangeHRMApplicationWebPagesTest.LogInPageTest.logInValidationTest(LogInPageTest.java:32)
at com.OrangeHRMApplicationWebPagesTest.LogInPageTest.logInValidationTest(LogInPageTest.java:32)
at com.OrangeHRMApplicationWebPagesTest.LogInPageTest.logInValidationTest(LogInPageTest.java:32)
at com.OrangeHRMApplicationWebPagesTest.LogInPageTest.logInValidationTest(LogInPageTest.java:32)
at com.OrangeHRMApplicationWebPagesTest.LogInPageTest.logInValidationTest(LogInPageTest.java:32)
at com.OrangeHRMApplicationWebPagesTest.LogInPageTest.logInValidationTest(LogInPageTest.java:32)
at com.OrangeHRMApplicationWebPagesTest.LogInPageTest.logInValidationTest(LogInPageTest.java:32)
at com.OrangeHRMApplicationWebPagesTest.LogInPageTest.logInValidationTest(LogInPageTest.java:32)
at com.OrangeHRMApplicationWebPagesTest.LogInPageTest.logInValidationTest(LogInPageTest.java:32)
at com.OrangeHRMApplicationWebPagesTest.LogInPageTest.logInValidationTest(LogInPageTest.java:32)
at com.OrangeHRMApplicationWebPagesTest.LogInPageTest.logInValidationTest(LogInPageTest.java:32)
at com.OrangeHRMApplicationWebPagesTest.LogInPageTest.logInValidationTest(LogInPageTest.java:32)
at com.OrangeHRMApplicationWebPagesTest.LogInPageTest.logInValidationTest(LogInPageTest.java:32)
at com.OrangeHRMApplicationWebPagesTest.LogInPageTest.logInValidationTest(LogInPageTest.java:32)
at com.OrangeHRMApplicationWebPagesTest.LogInPageTest.logInValidationTest(LogInPageTest.java:32)
at com.OrangeHRMApplicationWebPagesTest.LogInPageTest.logInValidationTest(LogInPageTest.java:32)
at com.OrangeHRMApplicationWebPagesTest.LogInPageTest.logInValidationTest(LogInPageTest.java:32)
at com.OrangeHRMApplicationWebPagesTest.LogInPageTest.logInValidationTest(LogInPageTest.java:32)
at com.OrangeHRMApplicationWebPagesTest.LogInPageTest.logInValidationTest(LogInPageTest.java:32)
at com.OrangeHRMApplicationWebPagesTest.LogInPageTest.logInValidationTest(LogInPageTest.java:32)
at com.OrangeHRMApplicationWebPagesTest.LogInPageTest.logInValidationTest(LogInPageTest.java:32)
at com.OrangeHRMApplicationWebPagesTest.LogInPageTest.logInValidationTest(LogInPageTest.java:32)
at com.OrangeHRMApplicationWebPagesTest.LogInPageTest.logInValidationTest(LogInPageTest.java:32)
at com.OrangeHRMApplicationWebPagesTest.LogInPageTest.logInValidationTest(LogInPageTest.java:32)
at com.OrangeHRMApplicationWebPagesTest.LogInPageTest.logInValidationTest(LogInPageTest.java:32)
at com.OrangeHRMApplicationWebPagesTest.LogInPageTest.logInValidationTest(LogInPageTest.java:32)
at com.OrangeHRMApplicationWebPagesTest.LogInPageTest.logInValidationTest(LogInPageTest.java:32)
at com.OrangeHRMApplicationWebPagesTest.LogInPageTest.logInValidationTest(LogInPageTest.java:32)
at com.OrangeHRMApplicationWebPagesTest.LogInPageTest.logInValidationTest(LogInPageTest.java:32)
at com.OrangeHRMApplicationWebPagesTest.LogInPageTest.logInValidationTest(LogInPageTest.java:32)
at com.OrangeHRMApplicationWebPagesTest.LogInPageTest.logInValidationTest(LogInPageTest.java:32)
at com.OrangeHRMApplicationWebPagesTest.LogInPageTest.logInValidationTest(LogInPageTest.java:32)
at com.OrangeHRMApplicationWebPagesTest.LogInPageTest.logInValidationTest(LogInPageTest.java:32)
at com.OrangeHRMApplicationWebPagesTest.LogInPageTest.logInValidationTest(LogInPageTest.java:32)
at com.OrangeHRMApplicationWebPagesTest.LogInPageTest.logInValidationTest(LogInPageTest.java:32)
at com.OrangeHRMApplicationWebPagesTest.LogInPageTest.logInValidationTest(LogInPageTest.java:32)
at com.OrangeHRMApplicationWebPagesTest.LogInPageTest.logInValidationTest(LogInPageTest.java:32)
at com.OrangeHRMApplicationWebPagesTest.LogInPageTest.logInValidationTest(LogInPageTest.java:32)
at com.OrangeHRMApplicationWebPagesTest.LogInPageTest.logInValidationTest(LogInPageTest.java:32)
at com.OrangeHRMApplicationWebPagesTest.LogInPageTest.logInValidationTest(LogInPageTest.java:32)
at com.OrangeHRMApplicationWebPagesTest.LogInPageTest.logInValidationTest(LogInPageTest.java:32)
at com.OrangeHRMApplicationWebPagesTest.LogInPageTest.logInValidationTest(LogInPageTest.java:32)
at com.OrangeHRMApplicationWebPagesTest.LogInPageTest.logInValidationTest(LogInPageTest.java:32)
at com.OrangeHRMApplicationWebPagesTest.LogInPageTest.logInValidationTest(LogInPageTest.java:32)
at com.OrangeHRMApplicationWebPagesTest.LogInPageTest.logInValidationTest(LogInPageTest.java:32)
at com.OrangeHRMApplicationWebPagesTest.LogInPageTest.logInValidationTest(LogInPageTest.java:32)
at com.OrangeHRMApplicationWebPagesTest.LogInPageTest.logInValidationTest(LogInPageTest.java:32)
at com.OrangeHRMApplicationWebPagesTest.LogInPageTest.logInValidationTest(LogInPageTest.java:32)
at com.OrangeHRMApplicationWebPagesTest.LogInPageTest.logInValidationTest(LogInPageTest.java:32)
at com.OrangeHRMApplicationWebPagesTest.LogInPageTest.logInValidationTest(LogInPageTest.java:32)
at com.OrangeHRMApplicationWebPagesTest.LogInPageTest.logInValidationTest(LogInPageTest.java:32)
at com.OrangeHRMApplicationWebPagesTest.LogInPageTest.logInValidationTest(LogInPageTest.java:32)
at com.OrangeHRMApplicationWebPagesTest.LogInPageTest.logInValidationTest(LogInPageTest.java:32)
at com.OrangeHRMApplicationWebPagesTest.LogInPageTest.logInValidationTest(LogInPageTest.java:32)
at com.OrangeHRMApplicationWebPagesTest.LogInPageTest.logInValidationTest(LogInPageTest.java:32)
at com.OrangeHRMApplicationWebPagesTest.LogInPageTest.logInValidationTest(LogInPageTest.java:32)
at com.OrangeHRMApplicationWebPagesTest.LogInPageTest.logInValidationTest(LogInPageTest.java:32)
at com.OrangeHRMApplicationWebPagesTest.LogInPageTest.logInValidationTest(LogInPageTest.java:32)
at com.OrangeHRMApplicationWebPagesTest.LogInPageTest.logInValidationTest(LogInPageTest.java:32)
at com.OrangeHRMApplicationWebPagesTest.LogInPageTest.logInValidationTest(LogInPageTest.java:32)
at com.OrangeHRMApplicationWebPagesTest.LogInPageTest.logInValidationTest(LogInPageTest.java:32)
at com.OrangeHRMApplicationWebPagesTest.LogInPageTest.logInValidationTest(LogInPageTest.java:32)
at com.OrangeHRMApplicationWebPagesTest.LogInPageTest.logInValidationTest(LogInPageTest.java:32)
at com.OrangeHRMApplicationWebPagesTest.LogInPageTest.logInValidationTest(LogInPageTest.java:32)
at com.OrangeHRMApplicationWebPagesTest.LogInPageTest.logInValidationTest(LogInPageTest.java:32)
at com.OrangeHRMApplicationWebPagesTest.LogInPageTest.logInValidationTest(LogInPageTest.java:32)
at com.OrangeHRMApplicationWebPagesTest.LogInPageTest.logInValidationTest(LogInPageTest.java:32)
at com.OrangeHRMApplicationWebPagesTest.LogInPageTest.logInValidationTest(LogInPageTest.java:32)
at com.OrangeHRMApplicationWebPagesTest.LogInPageTest.logInValidationTest(LogInPageTest.java:32)
at com.OrangeHRMApplicationWebPagesTest.LogInPageTest.logInValidationTest(LogInPageTest.java:32)
at com.OrangeHRMApplicationWebPagesTest.LogInPageTest.logInValidationTest(LogInPageTest.java:32)
at com.OrangeHRMApplicationWebPagesTest.LogInPageTest.logInValidationTest(LogInPageTest.java:32)
at com.OrangeHRMApplicationWebPagesTest.LogInPageTest.logInValidationTest(LogInPageTest.java:32)
at com.OrangeHRMApplicationWebPagesTest.LogInPageTest.logInValidationTest(LogInPageTest.java:32)
at com.OrangeHRMApplicationWebPagesTest.LogInPageTest.logInValidationTest(LogInPageTest.java:32)
at com.OrangeHRMApplicationWebPagesTest.LogInPageTest.logInValidationTest(LogInPageTest.java:32)
at com.OrangeHRMApplicationWebPagesTest.LogInPageTest.logInValidationTest(LogInPageTest.java:32)
at com.OrangeHRMApplicationWebPagesTest.LogInPageTest.logInValidationTest(LogInPageTest.java:32)
at com.OrangeHRMApplicationWebPagesTest.LogInPageTest.logInValidationTest(LogInPageTest.java:32)
at com.OrangeHRMApplicationWebPagesTest.LogInPageTest.logInValidationTest(LogInPageTest.java:32)
at com.OrangeHRMApplicationWebPagesTest.LogInPageTest.logInValidationTest(LogInPageTest.java:32)
at com.OrangeHRMApplicationWebPagesTest.LogInPageTest.logInValidationTest(LogInPageTest.java:32)
at com.OrangeHRMApplicationWebPagesTest.LogInPageTest.logInValidationTest(LogInPageTest.java:32)
at com.OrangeHRMApplicationWebPagesTest.LogInPageTest.logInValidationTest(LogInPageTest.java:32)
at com.OrangeHRMApplicationWebPagesTest.LogInPageTest.logInValidationTest(LogInPageTest.java:32)
at com.OrangeHRMApplicationWebPagesTest.LogInPageTest.logInValidationTest(LogInPageTest.java:32)
at com.OrangeHRMApplicationWebPagesTest.LogInPageTest.logInValidationTest(LogInPageTest.java:32)
at com.OrangeHRMApplicationWebPagesTest.LogInPageTest.logInValidationTest(LogInPageTest.java:32)
at com.OrangeHRMApplicationWebPagesTest.LogInPageTest.logInValidationTest(LogInPageTest.java:32)
at com.OrangeHRMApplicationWebPagesTest.LogInPageTest.logInValidationTest(LogInPageTest.java:32)
at com.OrangeHRMApplicationWebPagesTest.LogInPageTest.logInValidationTest(LogInPageTest.java:32)
at com.OrangeHRMApplicationWebPagesTest.LogInPageTest.logInValidationTest(LogInPageTest.java:32)
at com.OrangeHRMApplicationWebPagesTest.LogInPageTest.logInValidationTest(LogInPageTest.java:32)
at com.OrangeHRMApplicationWebPagesTest.LogInPageTest.logInValidationTest(LogInPageTest.java:32)
at com.OrangeHRMApplicationWebPagesTest.LogInPageTest.logInValidationTest(LogInPageTest.java:32)
at com.OrangeHRMApplicationWebPagesTest.LogInPageTest.logInValidationTest(LogInPageTest.java:32)
at com.OrangeHRMApplicationWebPagesTest.LogInPageTest.logInValidationTest(LogInPageTest.java:32)
at com.OrangeHRMApplicationWebPagesTest.LogInPageTest.logInValidationTest(LogInPageTest.java:32)
at com.OrangeHRMApplicationWebPagesTest.LogInPageTest.logInValidationTest(LogInPageTest.java:32)
at com.OrangeHRMApplicationWebPagesTest.LogInPageTest.logInValidationTest(LogInPageTest.java:32)
at com.OrangeHRMApplicationWebPagesTest.LogInPageTest.logInValidationTest(LogInPageTest.java:32)
at com.OrangeHRMApplicationWebPagesTest.LogInPageTest.logInValidationTest(LogInPageTest.java:32)
at com.OrangeHRMApplicationWebPagesTest.LogInPageTest.logInValidationTest(LogInPageTest.java:32)
at com.OrangeHRMApplicationWebPagesTest.LogInPageTest.logInValidationTest(LogInPageTest.java:32)
at com.OrangeHRMApplicationWebPagesTest.LogInPageTest.logInValidationTest(LogInPageTest.java:32)
at com.OrangeHRMApplicationWebPagesTest.LogInPageTest.logInValidationTest(LogInPageTest.java:32)
at com.OrangeHRMApplicationWebPagesTest.LogInPageTest.logInValidationTest(LogInPageTest.java:32)
at com.OrangeHRMApplicationWebPagesTest.LogInPageTest.logInValidationTest(LogInPageTest.java:32)
at com.OrangeHRMApplicationWebPagesTest.LogInPageTest.logInValidationTest(LogInPageTest.java:32)
at com.OrangeHRMApplicationWebPagesTest.LogInPageTest.logInValidationTest(LogInPageTest.java:32)
at com.OrangeHRMApplicationWebPagesTest.LogInPageTest.logInValidationTest(LogInPageTest.java:32)
at com.OrangeHRMApplicationWebPagesTest.LogInPageTest.logInValidationTest(LogInPageTest.java:32)
at com.OrangeHRMApplicationWebPagesTest.LogInPageTest.logInValidationTest(LogInPageTest.java:32)
at com.OrangeHRMApplicationWebPagesTest.LogInPageTest.logInValidationTest(LogInPageTest.java:32)
at com.OrangeHRMApplicationWebPagesTest.LogInPageTest.logInValidationTest(LogInPageTest.java:32)
at com.OrangeHRMApplicationWebPagesTest.LogInPageTest.logInValidationTest(LogInPageTest.java:32)
at com.OrangeHRMApplicationWebPagesTest.LogInPageTest.logInValidationTest(LogInPageTest.java:32)
at com.OrangeHRMApplicationWebPagesTest.LogInPageTest.logInValidationTest(LogInPageTest.java:32)
at com.OrangeHRMApplicationWebPagesTest.LogInPageTest.logInValidationTest(LogInPageTest.java:32)
at com.OrangeHRMApplicationWebPagesTest.LogInPageTest.logInValidationTest(LogInPageTest.java:32)
at com.OrangeHRMApplicationWebPagesTest.LogInPageTest.logInValidationTest(LogInPageTest.java:32)
at com.OrangeHRMApplicationWebPagesTest.LogInPageTest.logInValidationTest(LogInPageTest.java:32)
at com.OrangeHRMApplicationWebPagesTest.LogInPageTest.logInValidationTest(LogInPageTest.java:32)
at com.OrangeHRMApplicationWebPagesTest.LogInPageTest.logInValidationTest(LogInPageTest.java:32)
at com.OrangeHRMApplicationWebPagesTest.LogInPageTest.logInValidationTest(LogInPageTest.java:32)
at com.OrangeHRMApplicationWebPagesTest.LogInPageTest.logInValidationTest(LogInPageTest.java:32)
at com.OrangeHRMApplicationWebPagesTest.LogInPageTest.logInValidationTest(LogInPageTest.java:32)
at com.OrangeHRMApplicationWebPagesTest.LogInPageTest.logInValidationTest(LogInPageTest.java:32)
at com.OrangeHRMApplicationWebPagesTest.LogInPageTest.logInValidationTest(LogInPageTest.java:32)
at com.OrangeHRMApplicationWebPagesTest.LogInPageTest.logInValidationTest(LogInPageTest.java:32)
at com.OrangeHRMApplicationWebPagesTest.LogInPageTest.logInValidationTest(LogInPageTest.java:32)
at com.OrangeHRMApplicationWebPagesTest.LogInPageTest.logInValidationTest(LogInPageTest.java:32)
at com.OrangeHRMApplicationWebPagesTest.LogInPageTest.logInValidationTest(LogInPageTest.java:32)
at com.OrangeHRMApplicationWebPagesTest.LogInPageTest.logInValidationTest(LogInPageTest.java:32)
at com.OrangeHRMApplicationWebPagesTest.LogInPageTest.logInValidationTest(LogInPageTest.java:32)
at com.OrangeHRMApplicationWebPagesTest.LogInPageTest.logInValidationTest(LogInPageTest.java:32)
at com.OrangeHRMApplicationWebPagesTest.LogInPageTest.logInValidationTest(LogInPageTest.java:32)
at com.OrangeHRMApplicationWebPagesTest.LogInPageTest.logInValidationTest(LogInPageTest.java:32)
at com.OrangeHRMApplicationWebPagesTest.LogInPageTest.logInValidationTest(LogInPageTest.java:32)
at com.OrangeHRMApplicationWebPagesTest.LogInPageTest.logInValidationTest(LogInPageTest.java:32)
at com.OrangeHRMApplicationWebPagesTest.LogInPageTest.logInValidationTest(LogInPageTest.java:32)
at com.OrangeHRMApplicationWebPagesTest.LogInPageTest.logInValidationTest(LogInPageTest.java:32)
at com.OrangeHRMApplicationWebPagesTest.LogInPageTest.logInValidationTest(LogInPageTest.java:32)
at com.OrangeHRMApplicationWebPagesTest.LogInPageTest.logInValidationTest(LogInPageTest.java:32)
at com.OrangeHRMApplicationWebPagesTest.LogInPageTest.logInValidationTest(LogInPageTest.java:32)
at com.OrangeHRMApplicationWebPagesTest.LogInPageTest.logInValidationTest(LogInPageTest.java:32)
at com.OrangeHRMApplicationWebPagesTest.LogInPageTest.logInValidationTest(LogInPageTest.java:32)
at com.OrangeHRMApplicationWebPagesTest.LogInPageTest.logInValidationTest(LogInPageTest.java:32)
at com.OrangeHRMApplicationWebPagesTest.LogInPageTest.logInValidationTest(LogInPageTest.java:32)
at com.OrangeHRMApplicationWebPagesTest.LogInPageTest.logInValidationTest(LogInPageTest.java:32)
at com.OrangeHRMApplicationWebPagesTest.LogInPageTest.logInValidationTest(LogInPageTest.java:32)
at com.OrangeHRMApplicationWebPagesTest.LogInPageTest.logInValidationTest(LogInPageTest.java:32)
at com.OrangeHRMApplicationWebPagesTest.LogInPageTest.logInValidationTest(LogInPageTest.java:32)
at com.OrangeHRMApplicationWebPagesTest.LogInPageTest.logInValidationTest(LogInPageTest.java:32)
at com.OrangeHRMApplicationWebPagesTest.LogInPageTest.logInValidationTest(LogInPageTest.java:32)
at com.OrangeHRMApplicationWebPagesTest.LogInPageTest.logInValidationTest(LogInPageTest.java:32)
at com.OrangeHRMApplicationWebPagesTest.LogInPageTest.logInValidationTest(LogInPageTest.java:32)
at com.OrangeHRMApplicationWebPagesTest.LogInPageTest.logInValidationTest(LogInPageTest.java:32)
at com.OrangeHRMApplicationWebPagesTest.LogInPageTest.logInValidationTest(LogInPageTest.java:32)
at com.OrangeHRMApplicationWebPagesTest.LogInPageTest.logInValidationTest(LogInPageTest.java:32)
at com.OrangeHRMApplicationWebPagesTest.LogInPageTest.logInValidationTest(LogInPageTest.java:32)
at com.OrangeHRMApplicationWebPagesTest.LogInPageTest.logInValidationTest(LogInPageTest.java:32)
at com.OrangeHRMApplicationWebPagesTest.LogInPageTest.logInValidationTest(LogInPageTest.java:32)
at com.OrangeHRMApplicationWebPagesTest.LogInPageTest.logInValidationTest(LogInPageTest.java:32)
at com.OrangeHRMApplicationWebPagesTest.LogInPageTest.logInValidationTest(LogInPageTest.java:32)
at com.OrangeHRMApplicationWebPagesTest.LogInPageTest.logInValidationTest(LogInPageTest.java:32)
at com.OrangeHRMApplicationWebPagesTest.LogInPageTest.logInValidationTest(LogInPageTest.java:32)
at com.OrangeHRMApplicationWebPagesTest.LogInPageTest.logInValidationTest(LogInPageTest.java:32)
at com.OrangeHRMApplicationWebPagesTest.LogInPageTest.logInValidationTest(LogInPageTest.java:32)
at com.OrangeHRMApplicationWebPagesTest.LogInPageTest.logInValidationTest(LogInPageTest.java:32)
at com.OrangeHRMApplicationWebPagesTest.LogInPageTest.logInValidationTest(LogInPageTest.java:32)
at com.OrangeHRMApplicationWebPagesTest.LogInPageTest.logInValidationTest(LogInPageTest.java:32)
at com.OrangeHRMApplicationWebPagesTest.LogInPageTest.logInValidationTest(LogInPageTest.java:32)
at com.OrangeHRMApplicationWebPagesTest.LogInPageTest.logInValidationTest(LogInPageTest.java:32)
at com.OrangeHRMApplicationWebPagesTest.LogInPageTest.logInValidationTest(LogInPageTest.java:32)
at com.OrangeHRMApplicationWebPagesTest.LogInPageTest.logInValidationTest(LogInPageTest.java:32)
at com.OrangeHRMApplicationWebPagesTest.LogInPageTest.logInValidationTest(LogInPageTest.java:32)
at com.OrangeHRMApplicationWebPagesTest.LogInPageTest.logInValidationTest(LogInPageTest.java:32)
at com.OrangeHRMApplicationWebPagesTest.LogInPageTest.logInValidationTest(LogInPageTest.java:32)
at com.OrangeHRMApplicationWebPagesTest.LogInPageTest.logInValidationTest(LogInPageTest.java:32)
at com.OrangeHRMApplicationWebPagesTest.LogInPageTest.logInValidationTest(LogInPageTest.java:32)
at com.OrangeHRMApplicationWebPagesTest.LogInPageTest.logInValidationTest(LogInPageTest.java:32)
at com.OrangeHRMApplicationWebPagesTest.LogInPageTest.logInValidationTest(LogInPageTest.java:32)
at com.OrangeHRMApplicationWebPagesTest.LogInPageTest.logInValidationTest(LogInPageTest.java:32)
at com.OrangeHRMApplicationWebPagesTest.LogInPageTest.logInValidationTest(LogInPageTest.java:32)
at com.OrangeHRMApplicationWebPagesTest.LogInPageTest.logInValidationTest(LogInPageTest.java:32)
at com.OrangeHRMApplicationWebPagesTest.LogInPageTest.logInValidationTest(LogInPageTest.java:32)
at com.OrangeHRMApplicationWebPagesTest.LogInPageTest.logInValidationTest(LogInPageTest.java:32)
at com.OrangeHRMApplicationWebPagesTest.LogInPageTest.logInValidationTest(LogInPageTest.java:32)
at com.OrangeHRMApplicationWebPagesTest.LogInPageTest.logInValidationTest(LogInPageTest.java:32)
at com.OrangeHRMApplicationWebPagesTest.LogInPageTest.logInValidationTest(LogInPageTest.java:32)
at com.OrangeHRMApplicationWebPagesTest.LogInPageTest.logInValidationTest(LogInPageTest.java:32)
at com.OrangeHRMApplicationWebPagesTest.LogInPageTest.logInValidationTest(LogInPageTest.java:32)
at com.OrangeHRMApplicationWebPagesTest.LogInPageTest.logInValidationTest(LogInPageTest.java:32)
at com.OrangeHRMApplicationWebPagesTest.LogInPageTest.logInValidationTest(LogInPageTest.java:32)
at com.OrangeHRMApplicationWebPagesTest.LogInPageTest.logInValidationTest(LogInPageTest.java:32)
at com.OrangeHRMApplicationWebPagesTest.LogInPageTest.logInValidationTest(LogInPageTest.java:32)
at com.OrangeHRMApplicationWebPagesTest.LogInPageTest.logInValidationTest(LogInPageTest.java:32)
at com.OrangeHRMApplicationWebPagesTest.LogInPageTest.logInValidationTest(LogInPageTest.java:32)
at com.OrangeHRMApplicationWebPagesTest.LogInPageTest.logInValidationTest(LogInPageTest.java:32)
at com.OrangeHRMApplicationWebPagesTest.LogInPageTest.logInValidationTest(LogInPageTest.java:32)
at com.OrangeHRMApplicationWebPagesTest.LogInPageTest.logInValidationTest(LogInPageTest.java:32)
at com.OrangeHRMApplicationWebPagesTest.LogInPageTest.logInValidationTest(LogInPageTest.java:32)
at com.OrangeHRMApplicationWebPagesTest.LogInPageTest.logInValidationTest(LogInPageTest.java:32)
at com.OrangeHRMApplicationWebPagesTest.LogInPageTest.logInValidationTest(LogInPageTest.java:32)
at com.OrangeHRMApplicationWebPagesTest.LogInPageTest.logInValidationTest(LogInPageTest.java:32)
at com.OrangeHRMApplicationWebPagesTest.LogInPageTest.logInValidationTest(LogInPageTest.java:32)
at com.OrangeHRMApplicationWebPagesTest.LogInPageTest.logInValidationTest(LogInPageTest.java:32)
at com.OrangeHRMApplicationWebPagesTest.LogInPageTest.logInValidationTest(LogInPageTest.java:32)
at com.OrangeHRMApplicationWebPagesTest.LogInPageTest.logInValidationTest(LogInPageTest.java:32)
at com.OrangeHRMApplicationWebPagesTest.LogInPageTest.logInValidationTest(LogInPageTest.java:32)
at com.OrangeHRMApplicationWebPagesTest.LogInPageTest.logInValidationTest(LogInPageTest.java:32)
at com.OrangeHRMApplicationWebPagesTest.LogInPageTest.logInValidationTest(LogInPageTest.java:32)
at com.OrangeHRMApplicationWebPagesTest.LogInPageTest.logInValidationTest(LogInPageTest.java:32)
at com.OrangeHRMApplicationWebPagesTest.LogInPageTest.logInValidationTest(LogInPageTest.java:32)
at com.OrangeHRMApplicationWebPagesTest.LogInPageTest.logInValidationTest(LogInPageTest.java:32)
at com.OrangeHRMApplicationWebPagesTest.LogInPageTest.logInValidationTest(LogInPageTest.java:32)
at com.OrangeHRMApplicationWebPagesTest.LogInPageTest.logInValidationTest(LogInPageTest.java:32)
at com.OrangeHRMApplicationWebPagesTest.LogInPageTest.logInValidationTest(LogInPageTest.java:32)
at com.OrangeHRMApplicationWebPagesTest.LogInPageTest.logInValidationTest(LogInPageTest.java:32)
at com.OrangeHRMApplicationWebPagesTest.LogInPageTest.logInValidationTest(LogInPageTest.java:32)
at com.OrangeHRMApplicationWebPagesTest.LogInPageTest.logInValidationTest(LogInPageTest.java:32)
at com.OrangeHRMApplicationWebPagesTest.LogInPageTest.logInValidationTest(LogInPageTest.java:32)
at com.OrangeHRMApplicationWebPagesTest.LogInPageTest.logInValidationTest(LogInPageTest.java:32)
at com.OrangeHRMApplicationWebPagesTest.LogInPageTest.logInValidationTest(LogInPageTest.java:32)
at com.OrangeHRMApplicationWebPagesTest.LogInPageTest.logInValidationTest(LogInPageTest.java:32)
at com.OrangeHRMApplicationWebPagesTest.LogInPageTest.logInValidationTest(LogInPageTest.java:32)
at com.OrangeHRMApplicationWebPagesTest.LogInPageTest.logInValidationTest(LogInPageTest.java:32)
at com.OrangeHRMApplicationWebPagesTest.LogInPageTest.logInValidationTest(LogInPageTest.java:32)
at com.OrangeHRMApplicationWebPagesTest.LogInPageTest.logInValidationTest(LogInPageTest.java:32)
at com.OrangeHRMApplicationWebPagesTest.LogInPageTest.logInValidationTest(LogInPageTest.java:32)
at com.OrangeHRMApplicationWebPagesTest.LogInPageTest.logInValidationTest(LogInPageTest.java:32)
at com.OrangeHRMApplicationWebPagesTest.LogInPageTest.logInValidationTest(LogInPageTest.java:32)
at com.OrangeHRMApplicationWebPagesTest.LogInPageTest.logInValidationTest(LogInPageTest.java:32)
at com.OrangeHRMApplicationWebPagesTest.LogInPageTest.logInValidationTest(LogInPageTest.java:32)
at com.OrangeHRMApplicationWebPagesTest.LogInPageTest.logInValidationTest(LogInPageTest.java:32)
at com.OrangeHRMApplicationWebPagesTest.LogInPageTest.logInValidationTest(LogInPageTest.java:32)
at com.OrangeHRMApplicationWebPagesTest.LogInPageTest.logInValidationTest(LogInPageTest.java:32)
at com.OrangeHRMApplicationWebPagesTest.LogInPageTest.logInValidationTest(LogInPageTest.java:32)
at com.OrangeHRMApplicationWebPagesTest.LogInPageTest.logInValidationTest(LogInPageTest.java:32)
at com.OrangeHRMApplicationWebPagesTest.LogInPageTest.logInValidationTest(LogInPageTest.java:32)
at com.OrangeHRMApplicationWebPagesTest.LogInPageTest.logInValidationTest(LogInPageTest.java:32)
at com.OrangeHRMApplicationWebPagesTest.LogInPageTest.logInValidationTest(LogInPageTest.java:32)
at com.OrangeHRMApplicationWebPagesTest.LogInPageTest.logInValidationTest(LogInPageTest.java:32)
at com.OrangeHRMApplicationWebPagesTest.LogInPageTest.logInValidationTest(LogInPageTest.java:32)
at com.OrangeHRMApplicationWebPagesTest.LogInPageTest.logInValidationTest(LogInPageTest.java:32)
at com.OrangeHRMApplicationWebPagesTest.LogInPageTest.logInValidationTest(LogInPageTest.java:32)
at com.OrangeHRMApplicationWebPagesTest.LogInPageTest.logInValidationTest(LogInPageTest.java:32)
at com.OrangeHRMApplicationWebPagesTest.LogInPageTest.logInValidationTest(LogInPageTest.java:32)
at com.OrangeHRMApplicationWebPagesTest.LogInPageTest.logInValidationTest(LogInPageTest.java:32)
at com.OrangeHRMApplicationWebPagesTest.LogInPageTest.logInValidationTest(LogInPageTest.java:32)
at com.OrangeHRMApplicationWebPagesTest.LogInPageTest.logInValidationTest(LogInPageTest.java:32)
at com.OrangeHRMApplicationWebPagesTest.LogInPageTest.logInValidationTest(LogInPageTest.java:32)
at com.OrangeHRMApplicationWebPagesTest.LogInPageTest.logInValidationTest(LogInPageTest.java:32)
at com.OrangeHRMApplicationWebPagesTest.LogInPageTest.logInValidationTest(LogInPageTest.java:32)
at com.OrangeHRMApplicationWebPagesTest.LogInPageTest.logInValidationTest(LogInPageTest.java:32)
at com.OrangeHRMApplicationWebPagesTest.LogInPageTest.logInValidationTest(LogInPageTest.java:32)
at com.OrangeHRMApplicationWebPagesTest.LogInPageTest.logInValidationTest(LogInPageTest.java:32)
at com.OrangeHRMApplicationWebPagesTest.LogInPageTest.logInValidationTest(LogInPageTest.java:32)
at com.OrangeHRMApplicationWebPagesTest.LogInPageTest.logInValidationTest(LogInPageTest.java:32)
at com.OrangeHRMApplicationWebPagesTest.LogInPageTest.logInValidationTest(LogInPageTest.java:32)
at com.OrangeHRMApplicationWebPagesTest.LogInPageTest.logInValidationTest(LogInPageTest.java:32)
at com.OrangeHRMApplicationWebPagesTest.LogInPageTest.logInValidationTest(LogInPageTest.java:32)
at com.OrangeHRMApplicationWebPagesTest.LogInPageTest.logInValidationTest(LogInPageTest.java:32)
at com.OrangeHRMApplicationWebPagesTest.LogInPageTest.logInValidationTest(LogInPageTest.java:32)
at com.OrangeHRMApplicationWebPagesTest.LogInPageTest.logInValidationTest(LogInPageTest.java:32)
at com.OrangeHRMApplicationWebPagesTest.LogInPageTest.logInValidationTest(LogInPageTest.java:32)
at com.OrangeHRMApplicationWebPagesTest.LogInPageTest.logInValidationTest(LogInPageTest.java:32)
at com.OrangeHRMApplicationWebPagesTest.LogInPageTest.logInValidationTest(LogInPageTest.java:32)
at com.OrangeHRMApplicationWebPagesTest.LogInPageTest.logInValidationTest(LogInPageTest.java:32)
at com.OrangeHRMApplicationWebPagesTest.LogInPageTest.logInValidationTest(LogInPageTest.java:32)
at com.OrangeHRMApplicationWebPagesTest.LogInPageTest.logInValidationTest(LogInPageTest.java:32)
at com.OrangeHRMApplicationWebPagesTest.LogInPageTest.logInValidationTest(LogInPageTest.java:32)
at com.OrangeHRMApplicationWebPagesTest.LogInPageTest.logInValidationTest(LogInPageTest.java:32)
at com.OrangeHRMApplicationWebPagesTest.LogInPageTest.logInValidationTest(LogInPageTest.java:32)
at com.OrangeHRMApplicationWebPagesTest.LogInPageTest.logInValidationTest(LogInPageTest.java:32)
at com.OrangeHRMApplicationWebPagesTest.LogInPageTest.logInValidationTest(LogInPageTest.java:32)
at com.OrangeHRMApplicationWebPagesTest.LogInPageTest.logInValidationTest(LogInPageTest.java:32)
at com.OrangeHRMApplicationWebPagesTest.LogInPageTest.logInValidationTest(LogInPageTest.java:32)
at com.OrangeHRMApplicationWebPagesTest.LogInPageTest.logInValidationTest(LogInPageTest.java:32)
at com.OrangeHRMApplicationWebPagesTest.LogInPageTest.logInValidationTest(LogInPageTest.java:32)
at com.OrangeHRMApplicationWebPagesTest.LogInPageTest.logInValidationTest(LogInPageTest.java:32)
at com.OrangeHRMApplicationWebPagesTest.LogInPageTest.logInValidationTest(LogInPageTest.java:32)
at com.OrangeHRMApplicationWebPagesTest.LogInPageTest.logInValidationTest(LogInPageTest.java:32)
at com.OrangeHRMApplicationWebPagesTest.LogInPageTest.logInValidationTest(LogInPageTest.java:32)
at com.OrangeHRMApplicationWebPagesTest.LogInPageTest.logInValidationTest(LogInPageTest.java:32)
at com.OrangeHRMApplicationWebPagesTest.LogInPageTest.logInValidationTest(LogInPageTest.java:32)
at com.OrangeHRMApplicationWebPagesTest.LogInPageTest.logInValidationTest(LogInPageTest.java:32)
at com.OrangeHRMApplicationWebPagesTest.LogInPageTest.logInValidationTest(LogInPageTest.java:32)
at com.OrangeHRMApplicationWebPagesTest.LogInPageTest.logInValidationTest(LogInPageTest.java:32)
at com.OrangeHRMApplicationWebPagesTest.LogInPageTest.logInValidationTest(LogInPageTest.java:32)
at com.OrangeHRMApplicationWebPagesTest.LogInPageTest.logInValidationTest(LogInPageTest.java:32)
at com.OrangeHRMApplicationWebPagesTest.LogInPageTest.logInValidationTest(LogInPageTest.java:32)
at com.OrangeHRMApplicationWebPagesTest.LogInPageTest.logInValidationTest(LogInPageTest.java:32)
at com.OrangeHRMApplicationWebPagesTest.LogInPageTest.logInValidationTest(LogInPageTest.java:32)
at com.OrangeHRMApplicationWebPagesTest.LogInPageTest.logInValidationTest(LogInPageTest.java:32)
at com.OrangeHRMApplicationWebPagesTest.LogInPageTest.logInValidationTest(LogInPageTest.java:32)
at com.OrangeHRMApplicationWebPagesTest.LogInPageTest.logInValidationTest(LogInPageTest.java:32)
at com.OrangeHRMApplicationWebPagesTest.LogInPageTest.logInValidationTest(LogInPageTest.java:32)
at com.OrangeHRMApplicationWebPagesTest.LogInPageTest.logInValidationTest(LogInPageTest.java:32)
at com.OrangeHRMApplicationWebPagesTest.LogInPageTest.logInValidationTest(LogInPageTest.java:32)
at com.OrangeHRMApplicationWebPagesTest.LogInPageTest.logInValidationTest(LogInPageTest.java:32)
at com.OrangeHRMApplicationWebPagesTest.LogInPageTest.logInValidationTest(LogInPageTest.java:32)
at com.OrangeHRMApplicationWebPagesTest.LogInPageTest.logInValidationTest(LogInPageTest.java:32)
at com.OrangeHRMApplicationWebPagesTest.LogInPageTest.logInValidationTest(LogInPageTest.java:32)
at com.OrangeHRMApplicationWebPagesTest.LogInPageTest.logInValidationTest(LogInPageTest.java:32)
at com.OrangeHRMApplicationWebPagesTest.LogInPageTest.logInValidationTest(LogInPageTest.java:32)
at com.OrangeHRMApplicationWebPagesTest.LogInPageTest.logInValidationTest(LogInPageTest.java:32)
at com.OrangeHRMApplicationWebPagesTest.LogInPageTest.logInValidationTest(LogInPageTest.java:32)
at com.OrangeHRMApplicationWebPagesTest.LogInPageTest.logInValidationTest(LogInPageTest.java:32)
at com.OrangeHRMApplicationWebPagesTest.LogInPageTest.logInValidationTest(LogInPageTest.java:32)
at com.OrangeHRMApplicationWebPagesTest.LogInPageTest.logInValidationTest(LogInPageTest.java:32)
at com.OrangeHRMApplicationWebPagesTest.LogInPageTest.logInValidationTest(LogInPageTest.java:32)
at com.OrangeHRMApplicationWebPagesTest.LogInPageTest.logInValidationTest(LogInPageTest.java:32)
at com.OrangeHRMApplicationWebPagesTest.LogInPageTest.logInValidationTest(LogInPageTest.java:32)
at com.OrangeHRMApplicationWebPagesTest.LogInPageTest.logInValidationTest(LogInPageTest.java:32)
at com.OrangeHRMApplicationWebPagesTest.LogInPageTest.logInValidationTest(LogInPageTest.java:32)
at com.OrangeHRMApplicationWebPagesTest.LogInPageTest.logInValidationTest(LogInPageTest.java:32)
at com.OrangeHRMApplicationWebPagesTest.LogInPageTest.logInValidationTest(LogInPageTest.java:32)
at com.OrangeHRMApplicationWebPagesTest.LogInPageTest.logInValidationTest(LogInPageTest.java:32)
at com.OrangeHRMApplicationWebPagesTest.LogInPageTest.logInValidationTest(LogInPageTest.java:32)
at com.OrangeHRMApplicationWebPagesTest.LogInPageTest.logInValidationTest(LogInPageTest.java:32)
at com.OrangeHRMApplicationWebPagesTest.LogInPageTest.logInValidationTest(LogInPageTest.java:32)
at com.OrangeHRMApplicationWebPagesTest.LogInPageTest.logInValidationTest(LogInPageTest.java:32)
at com.OrangeHRMApplicationWebPagesTest.LogInPageTest.logInValidationTest(LogInPageTest.java:32)
at com.OrangeHRMApplicationWebPagesTest.LogInPageTest.logInValidationTest(LogInPageTest.java:32)
at com.OrangeHRMApplicationWebPagesTest.LogInPageTest.logInValidationTest(LogInPageTest.java:32)
at com.OrangeHRMApplicationWebPagesTest.LogInPageTest.logInValidationTest(LogInPageTest.java:32)
at com.OrangeHRMApplicationWebPagesTest.LogInPageTest.logInValidationTest(LogInPageTest.java:32)
at com.OrangeHRMApplicationWebPagesTest.LogInPageTest.logInValidationTest(LogInPageTest.java:32)
at com.OrangeHRMApplicationWebPagesTest.LogInPageTest.logInValidationTest(LogInPageTest.java:32)
at com.OrangeHRMApplicationWebPagesTest.LogInPageTest.logInValidationTest(LogInPageTest.java:32)
at com.OrangeHRMApplicationWebPagesTest.LogInPageTest.logInValidationTest(LogInPageTest.java:32)
at com.OrangeHRMApplicationWebPagesTest.LogInPageTest.logInValidationTest(LogInPageTest.java:32)
at com.OrangeHRMApplicationWebPagesTest.LogInPageTest.logInValidationTest(LogInPageTest.java:32)
at com.OrangeHRMApplicationWebPagesTest.LogInPageTest.logInValidationTest(LogInPageTest.java:32)
at com.OrangeHRMApplicationWebPagesTest.LogInPageTest.logInValidationTest(LogInPageTest.java:32)
at com.OrangeHRMApplicationWebPagesTest.LogInPageTest.logInValidationTest(LogInPageTest.java:32)
at com.OrangeHRMApplicationWebPagesTest.LogInPageTest.logInValidationTest(LogInPageTest.java:32)
at com.OrangeHRMApplicationWebPagesTest.LogInPageTest.logInValidationTest(LogInPageTest.java:32)
at com.OrangeHRMApplicationWebPagesTest.LogInPageTest.logInValidationTest(LogInPageTest.java:32)
at com.OrangeHRMApplicationWebPagesTest.LogInPageTest.logInValidationTest(LogInPageTest.java:32)
at com.OrangeHRMApplicationWebPagesTest.LogInPageTest.logInValidationTest(LogInPageTest.java:32)
at com.OrangeHRMApplicationWebPagesTest.LogInPageTest.logInValidationTest(LogInPageTest.java:32)
at com.OrangeHRMApplicationWebPagesTest.LogInPageTest.logInValidationTest(LogInPageTest.java:32)
at com.OrangeHRMApplicationWebPagesTest.LogInPageTest.logInValidationTest(LogInPageTest.java:32)
at com.OrangeHRMApplicationWebPagesTest.LogInPageTest.logInValidationTest(LogInPageTest.java:32)
at com.OrangeHRMApplicationWebPagesTest.LogInPageTest.logInValidationTest(LogInPageTest.java:32)
at com.OrangeHRMApplicationWebPagesTest.LogInPageTest.logInValidationTest(LogInPageTest.java:32)
at com.OrangeHRMApplicationWebPagesTest.LogInPageTest.logInValidationTest(LogInPageTest.java:32)
at com.OrangeHRMApplicationWebPagesTest.LogInPageTest.logInValidationTest(LogInPageTest.java:32)
at com.OrangeHRMApplicationWebPagesTest.LogInPageTest.logInValidationTest(LogInPageTest.java:32)
at com.OrangeHRMApplicationWebPagesTest.LogInPageTest.logInValidationTest(LogInPageTest.java:32)
at com.OrangeHRMApplicationWebPagesTest.LogInPageTest.logInValidationTest(LogInPageTest.java:32)
at com.OrangeHRMApplicationWebPagesTest.LogInPageTest.logInValidationTest(LogInPageTest.java:32)
at com.OrangeHRMApplicationWebPagesTest.LogInPageTest.logInValidationTest(LogInPageTest.java:32)
at com.OrangeHRMApplicationWebPagesTest.LogInPageTest.logInValidationTest(LogInPageTest.java:32)
at com.OrangeHRMApplicationWebPagesTest.LogInPageTest.logInValidationTest(LogInPageTest.java:32)
at com.OrangeHRMApplicationWebPagesTest.LogInPageTest.logInValidationTest(LogInPageTest.java:32)
at com.OrangeHRMApplicationWebPagesTest.LogInPageTest.logInValidationTest(LogInPageTest.java:32)
at com.OrangeHRMApplicationWebPagesTest.LogInPageTest.logInValidationTest(LogInPageTest.java:32)
at com.OrangeHRMApplicationWebPagesTest.LogInPageTest.logInValidationTest(LogInPageTest.java:32)
at com.OrangeHRMApplicationWebPagesTest.LogInPageTest.logInValidationTest(LogInPageTest.java:32)
at com.OrangeHRMApplicationWebPagesTest.LogInPageTest.logInValidationTest(LogInPageTest.java:32)
at com.OrangeHRMApplicationWebPagesTest.LogInPageTest.logInValidationTest(LogInPageTest.java:32)
at com.OrangeHRMApplicationWebPagesTest.LogInPageTest.logInValidationTest(LogInPageTest.java:32)
at com.OrangeHRMApplicationWebPagesTest.LogInPageTest.logInValidationTest(LogInPageTest.java:32)
at com.OrangeHRMApplicationWebPagesTest.LogInPageTest.logInValidationTest(LogInPageTest.java:32)
at com.OrangeHRMApplicationWebPagesTest.LogInPageTest.logInValidationTest(LogInPageTest.java:32)
at com.OrangeHRMApplicationWebPagesTest.LogInPageTest.logInValidationTest(LogInPageTest.java:32)
at com.OrangeHRMApplicationWebPagesTest.LogInPageTest.logInValidationTest(LogInPageTest.java:32)
at com.OrangeHRMApplicationWebPagesTest.LogInPageTest.logInValidationTest(LogInPageTest.java:32)
at com.OrangeHRMApplicationWebPagesTest.LogInPageTest.logInValidationTest(LogInPageTest.java:32)
at com.OrangeHRMApplicationWebPagesTest.LogInPageTest.logInValidationTest(LogInPageTest.java:32)
at com.OrangeHRMApplicationWebPagesTest.LogInPageTest.logInValidationTest(LogInPageTest.java:32)
at com.OrangeHRMApplicationWebPagesTest.LogInPageTest.logInValidationTest(LogInPageTest.java:32)
at com.OrangeHRMApplicationWebPagesTest.LogInPageTest.logInValidationTest(LogInPageTest.java:32)
at com.OrangeHRMApplicationWebPagesTest.LogInPageTest.logInValidationTest(LogInPageTest.java:32)
at com.OrangeHRMApplicationWebPagesTest.LogInPageTest.logInValidationTest(LogInPageTest.java:32)
at com.OrangeHRMApplicationWebPagesTest.LogInPageTest.logInValidationTest(LogInPageTest.java:32)
at com.OrangeHRMApplicationWebPagesTest.LogInPageTest.logInValidationTest(LogInPageTest.java:32)
at com.OrangeHRMApplicationWebPagesTest.LogInPageTest.logInValidationTest(LogInPageTest.java:32)
at com.OrangeHRMApplicationWebPagesTest.LogInPageTest.logInValidationTest(LogInPageTest.java:32)
at com.OrangeHRMApplicationWebPagesTest.LogInPageTest.logInValidationTest(LogInPageTest.java:32)
at com.OrangeHRMApplicationWebPagesTest.LogInPageTest.logInValidationTest(LogInPageTest.java:32)
at com.OrangeHRMApplicationWebPagesTest.LogInPageTest.logInValidationTest(LogInPageTest.java:32)
at com.OrangeHRMApplicationWebPagesTest.LogInPageTest.logInValidationTest(LogInPageTest.java:32)
at com.OrangeHRMApplicationWebPagesTest.LogInPageTest.logInValidationTest(LogInPageTest.java:32)
at com.OrangeHRMApplicationWebPagesTest.LogInPageTest.logInValidationTest(LogInPageTest.java:32)
at com.OrangeHRMApplicationWebPagesTest.LogInPageTest.logInValidationTest(LogInPageTest.java:32)
at com.OrangeHRMApplicationWebPagesTest.LogInPageTest.logInValidationTest(LogInPageTest.java:32)
at com.OrangeHRMApplicationWebPagesTest.LogInPageTest.logInValidationTest(LogInPageTest.java:32)
at com.OrangeHRMApplicationWebPagesTest.LogInPageTest.logInValidationTest(LogInPageTest.java:32)
at com.OrangeHRMApplicationWebPagesTest.LogInPageTest.logInValidationTest(LogInPageTest.java:32)
at com.OrangeHRMApplicationWebPagesTest.LogInPageTest.logInValidationTest(LogInPageTest.java:32)
at com.OrangeHRMApplicationWebPagesTest.LogInPageTest.logInValidationTest(LogInPageTest.java:32)
at com.OrangeHRMApplicationWebPagesTest.LogInPageTest.logInValidationTest(LogInPageTest.java:32)
at com.OrangeHRMApplicationWebPagesTest.LogInPageTest.logInValidationTest(LogInPageTest.java:32)
at com.OrangeHRMApplicationWebPagesTest.LogInPageTest.logInValidationTest(LogInPageTest.java:32)
at com.OrangeHRMApplicationWebPagesTest.LogInPageTest.logInValidationTest(LogInPageTest.java:32)
at com.OrangeHRMApplicationWebPagesTest.LogInPageTest.logInValidationTest(LogInPageTest.java:32)
at com.OrangeHRMApplicationWebPagesTest.LogInPageTest.logInValidationTest(LogInPageTest.java:32)
at com.OrangeHRMApplicationWebPagesTest.LogInPageTest.logInValidationTest(LogInPageTest.java:32)
at com.OrangeHRMApplicationWebPagesTest.LogInPageTest.logInValidationTest(LogInPageTest.java:32)
at com.OrangeHRMApplicationWebPagesTest.LogInPageTest.logInValidationTest(LogInPageTest.java:32)
at com.OrangeHRMApplicationWebPagesTest.LogInPageTest.logInValidationTest(LogInPageTest.java:32)
at com.OrangeHRMApplicationWebPagesTest.LogInPageTest.logInValidationTest(LogInPageTest.java:32)
at com.OrangeHRMApplicationWebPagesTest.LogInPageTest.logInValidationTest(LogInPageTest.java:32)
at com.OrangeHRMApplicationWebPagesTest.LogInPageTest.logInValidationTest(LogInPageTest.java:32)
at com.OrangeHRMApplicationWebPagesTest.LogInPageTest.logInValidationTest(LogInPageTest.java:32)
at com.OrangeHRMApplicationWebPagesTest.LogInPageTest.logInValidationTest(LogInPageTest.java:32)
at com.OrangeHRMApplicationWebPagesTest.LogInPageTest.logInValidationTest(LogInPageTest.java:32)
at com.OrangeHRMApplicationWebPagesTest.LogInPageTest.logInValidationTest(LogInPageTest.java:32)
at com.OrangeHRMApplicationWebPagesTest.LogInPageTest.logInValidationTest(LogInPageTest.java:32)
at com.OrangeHRMApplicationWebPagesTest.LogInPageTest.logInValidationTest(LogInPageTest.java:32)
at com.OrangeHRMApplicationWebPagesTest.LogInPageTest.logInValidationTest(LogInPageTest.java:32)
at com.OrangeHRMApplicationWebPagesTest.LogInPageTest.logInValidationTest(LogInPageTest.java:32)
at com.OrangeHRMApplicationWebPagesTest.LogInPageTest.logInValidationTest(LogInPageTest.java:32)
at com.OrangeHRMApplicationWebPagesTest.LogInPageTest.logInValidationTest(LogInPageTest.java:32)
at com.OrangeHRMApplicationWebPagesTest.LogInPageTest.logInValidationTest(LogInPageTest.java:32)
at com.OrangeHRMApplicationWebPagesTest.LogInPageTest.logInValidationTest(LogInPageTest.java:32)
at com.OrangeHRMApplicationWebPagesTest.LogInPageTest.logInValidationTest(LogInPageTest.java:32)
at com.OrangeHRMApplicationWebPagesTest.LogInPageTest.logInValidationTest(LogInPageTest.java:32)
at com.OrangeHRMApplicationWebPagesTest.LogInPageTest.logInValidationTest(LogInPageTest.java:32)
at com.OrangeHRMApplicationWebPagesTest.LogInPageTest.logInValidationTest(LogInPageTest.java:32)
at com.OrangeHRMApplicationWebPagesTest.LogInPageTest.logInValidationTest(LogInPageTest.java:32)
at com.OrangeHRMApplicationWebPagesTest.LogInPageTest.logInValidationTest(LogInPageTest.java:32)
at com.OrangeHRMApplicationWebPagesTest.LogInPageTest.logInValidationTest(LogInPageTest.java:32)
at com.OrangeHRMApplicationWebPagesTest.LogInPageTest.logInValidationTest(LogInPageTest.java:32)
at com.OrangeHRMApplicationWebPagesTest.LogInPageTest.logInValidationTest(LogInPageTest.java:32)
at com.OrangeHRMApplicationWebPagesTest.LogInPageTest.logInValidationTest(LogInPageTest.java:32)
at com.OrangeHRMApplicationWebPagesTest.LogInPageTest.logInValidationTest(LogInPageTest.java:32)
at com.OrangeHRMApplicationWebPagesTest.LogInPageTest.logInValidationTest(LogInPageTest.java:32)
at com.OrangeHRMApplicationWebPagesTest.LogInPageTest.logInValidationTest(LogInPageTest.java:32)
at com.OrangeHRMApplicationWebPagesTest.LogInPageTest.logInValidationTest(LogInPageTest.java:32)
at com.OrangeHRMApplicationWebPagesTest.LogInPageTest.logInValidationTest(LogInPageTest.java:32)
at com.OrangeHRMApplicationWebPagesTest.LogInPageTest.logInValidationTest(LogInPageTest.java:32)
at com.OrangeHRMApplicationWebPagesTest.LogInPageTest.logInValidationTest(LogInPageTest.java:32)
at com.OrangeHRMApplicationWebPagesTest.LogInPageTest.logInValidationTest(LogInPageTest.java:32)
at com.OrangeHRMApplicationWebPagesTest.LogInPageTest.logInValidationTest(LogInPageTest.java:32)
at com.OrangeHRMApplicationWebPagesTest.LogInPageTest.logInValidationTest(LogInPageTest.java:32)
at com.OrangeHRMApplicationWebPagesTest.LogInPageTest.logInValidationTest(LogInPageTest.java:32)
at com.OrangeHRMApplicationWebPagesTest.LogInPageTest.logInValidationTest(LogInPageTest.java:32)
at com.OrangeHRMApplicationWebPagesTest.LogInPageTest.logInValidationTest(LogInPageTest.java:32)
at com.OrangeHRMApplicationWebPagesTest.LogInPageTest.logInValidationTest(LogInPageTest.java:32)
at com.OrangeHRMApplicationWebPagesTest.LogInPageTest.logInValidationTest(LogInPageTest.java:32)
at com.OrangeHRMApplicationWebPagesTest.LogInPageTest.logInValidationTest(LogInPageTest.java:32)
at com.OrangeHRMApplicationWebPagesTest.LogInPageTest.logInValidationTest(LogInPageTest.java:32)
at com.OrangeHRMApplicationWebPagesTest.LogInPageTest.logInValidationTest(LogInPageTest.java:32)
at com.OrangeHRMApplicationWebPagesTest.LogInPageTest.logInValidationTest(LogInPageTest.java:32)
at com.OrangeHRMApplicationWebPagesTest.LogInPageTest.logInValidationTest(LogInPageTest.java:32)
at com.OrangeHRMApplicationWebPagesTest.LogInPageTest.logInValidationTest(LogInPageTest.java:32)
at com.OrangeHRMApplicationWebPagesTest.LogInPageTest.logInValidationTest(LogInPageTest.java:32)
at com.OrangeHRMApplicationWebPagesTest.LogInPageTest.logInValidationTest(LogInPageTest.java:32)
at com.OrangeHRMApplicationWebPagesTest.LogInPageTest.logInValidationTest(LogInPageTest.java:32)
at com.OrangeHRMApplicationWebPagesTest.LogInPageTest.logInValidationTest(LogInPageTest.java:32)
at com.OrangeHRMApplicationWebPagesTest.LogInPageTest.logInValidationTest(LogInPageTest.java:32)
at com.OrangeHRMApplicationWebPagesTest.LogInPageTest.logInValidationTest(LogInPageTest.java:32)
at com.OrangeHRMApplicationWebPagesTest.LogInPageTest.logInValidationTest(LogInPageTest.java:32)
at com.OrangeHRMApplicationWebPagesTest.LogInPageTest.logInValidationTest(LogInPageTest.java:32)
at com.OrangeHRMApplicationWebPagesTest.LogInPageTest.logInValidationTest(LogInPageTest.java:32)
at com.OrangeHRMApplicationWebPagesTest.LogInPageTest.logInValidationTest(LogInPageTest.java:32)
at com.OrangeHRMApplicationWebPagesTest.LogInPageTest.logInValidationTest(LogInPageTest.java:32)
at com.OrangeHRMApplicationWebPagesTest.LogInPageTest.logInValidationTest(LogInPageTest.java:32)
at com.OrangeHRMApplicationWebPagesTest.LogInPageTest.logInValidationTest(LogInPageTest.java:32)
at com.OrangeHRMApplicationWebPagesTest.LogInPageTest.logInValidationTest(LogInPageTest.java:32)
at com.OrangeHRMApplicationWebPagesTest.LogInPageTest.logInValidationTest(LogInPageTest.java:32)
at com.OrangeHRMApplicationWebPagesTest.LogInPageTest.logInValidationTest(LogInPageTest.java:32)
at com.OrangeHRMApplicationWebPagesTest.LogInPageTest.logInValidationTest(LogInPageTest.java:32)
at com.OrangeHRMApplicationWebPagesTest.LogInPageTest.logInValidationTest(LogInPageTest.java:32)
at com.OrangeHRMApplicationWebPagesTest.LogInPageTest.logInValidationTest(LogInPageTest.java:32)
at com.OrangeHRMApplicationWebPagesTest.LogInPageTest.logInValidationTest(LogInPageTest.java:32)
at com.OrangeHRMApplicationWebPagesTest.LogInPageTest.logInValidationTest(LogInPageTest.java:32)
at com.OrangeHRMApplicationWebPagesTest.LogInPageTest.logInValidationTest(LogInPageTest.java:32)
at com.OrangeHRMApplicationWebPagesTest.LogInPageTest.logInValidationTest(LogInPageTest.java:32)
at com.OrangeHRMApplicationWebPagesTest.LogInPageTest.logInValidationTest(LogInPageTest.java:32)
at com.OrangeHRMApplicationWebPagesTest.LogInPageTest.logInValidationTest(LogInPageTest.java:32)
at com.OrangeHRMApplicationWebPagesTest.LogInPageTest.logInValidationTest(LogInPageTest.java:32)
at com.OrangeHRMApplicationWebPagesTest.LogInPageTest.logInValidationTest(LogInPageTest.java:32)
at com.OrangeHRMApplicationWebPagesTest.LogInPageTest.logInValidationTest(LogInPageTest.java:32)
at com.OrangeHRMApplicationWebPagesTest.LogInPageTest.logInValidationTest(LogInPageTest.java:32)
at com.OrangeHRMApplicationWebPagesTest.LogInPageTest.logInValidationTest(LogInPageTest.java:32)
at com.OrangeHRMApplicationWebPagesTest.LogInPageTest.logInValidationTest(LogInPageTest.java:32)
at com.OrangeHRMApplicationWebPagesTest.LogInPageTest.logInValidationTest(LogInPageTest.java:32)
at com.OrangeHRMApplicationWebPagesTest.LogInPageTest.logInValidationTest(LogInPageTest.java:32)
at com.OrangeHRMApplicationWebPagesTest.LogInPageTest.logInValidationTest(LogInPageTest.java:32)
at com.OrangeHRMApplicationWebPagesTest.LogInPageTest.logInValidationTest(LogInPageTest.java:32)
at com.OrangeHRMApplicationWebPagesTest.LogInPageTest.logInValidationTest(LogInPageTest.java:32)
at com.OrangeHRMApplicationWebPagesTest.LogInPageTest.logInValidationTest(LogInPageTest.java:32)
at com.OrangeHRMApplicationWebPagesTest.LogInPageTest.logInValidationTest(LogInPageTest.java:32)
at com.OrangeHRMApplicationWebPagesTest.LogInPageTest.logInValidationTest(LogInPageTest.java:32)
at com.OrangeHRMApplicationWebPagesTest.LogInPageTest.logInValidationTest(LogInPageTest.java:32)
at com.OrangeHRMApplicationWebPagesTest.LogInPageTest.logInValidationTest(LogInPageTest.java:32)
at com.OrangeHRMApplicationWebPagesTest.LogInPageTest.logInValidationTest(LogInPageTest.java:32)
at com.OrangeHRMApplicationWebPagesTest.LogInPageTest.logInValidationTest(LogInPageTest.java:32)
at com.OrangeHRMApplicationWebPagesTest.LogInPageTest.logInValidationTest(LogInPageTest.java:32)
at com.OrangeHRMApplicationWebPagesTest.LogInPageTest.logInValidationTest(LogInPageTest.java:32)
at com.OrangeHRMApplicationWebPagesTest.LogInPageTest.logInValidationTest(LogInPageTest.java:32)
at com.OrangeHRMApplicationWebPagesTest.LogInPageTest.logInValidationTest(LogInPageTest.java:32)
at com.OrangeHRMApplicationWebPagesTest.LogInPageTest.logInValidationTest(LogInPageTest.java:32)
at com.OrangeHRMApplicationWebPagesTest.LogInPageTest.logInValidationTest(LogInPageTest.java:32)
at com.OrangeHRMApplicationWebPagesTest.LogInPageTest.logInValidationTest(LogInPageTest.java:32)
at com.OrangeHRMApplicationWebPagesTest.LogInPageTest.logInValidationTest(LogInPageTest.java:32)
at com.OrangeHRMApplicationWebPagesTest.LogInPageTest.logInValidationTest(LogInPageTest.java:32)
at com.OrangeHRMApplicationWebPagesTest.LogInPageTest.logInValidationTest(LogInPageTest.java:32)
at com.OrangeHRMApplicationWebPagesTest.LogInPageTest.logInValidationTest(LogInPageTest.java:32)
at com.OrangeHRMApplicationWebPagesTest.LogInPageTest.logInValidationTest(LogInPageTest.java:32)
at com.OrangeHRMApplicationWebPagesTest.LogInPageTest.logInValidationTest(LogInPageTest.java:32)
at com.OrangeHRMApplicationWebPagesTest.LogInPageTest.logInValidationTest(LogInPageTest.java:32)
at com.OrangeHRMApplicationWebPagesTest.LogInPageTest.logInValidationTest(LogInPageTest.java:32)
at com.OrangeHRMApplicationWebPagesTest.LogInPageTest.logInValidationTest(LogInPageTest.java:32)
at com.OrangeHRMApplicationWebPagesTest.LogInPageTest.logInValidationTest(LogInPageTest.java:32)
at com.OrangeHRMApplicationWebPagesTest.LogInPageTest.logInValidationTest(LogInPageTest.java:32)
at com.OrangeHRMApplicationWebPagesTest.LogInPageTest.logInValidationTest(LogInPageTest.java:32)
at com.OrangeHRMApplicationWebPagesTest.LogInPageTest.logInValidationTest(LogInPageTest.java:32)
at com.OrangeHRMApplicationWebPagesTest.LogInPageTest.logInValidationTest(LogInPageTest.java:32)
at com.OrangeHRMApplicationWebPagesTest.LogInPageTest.logInValidationTest(LogInPageTest.java:32)
at com.OrangeHRMApplicationWebPagesTest.LogInPageTest.logInValidationTest(LogInPageTest.java:32)
at com.OrangeHRMApplicationWebPagesTest.LogInPageTest.logInValidationTest(LogInPageTest.java:32)
at com.OrangeHRMApplicationWebPagesTest.LogInPageTest.logInValidationTest(LogInPageTest.java:32)
at com.OrangeHRMApplicationWebPagesTest.LogInPageTest.logInValidationTest(LogInPageTest.java:32)
at com.OrangeHRMApplicationWebPagesTest.LogInPageTest.logInValidationTest(LogInPageTest.java:32)
at com.OrangeHRMApplicationWebPagesTest.LogInPageTest.logInValidationTest(LogInPageTest.java:32)
at com.OrangeHRMApplicationWebPagesTest.LogInPageTest.logInValidationTest(LogInPageTest.java:32)
at com.OrangeHRMApplicationWebPagesTest.LogInPageTest.logInValidationTest(LogInPageTest.java:32)
at com.OrangeHRMApplicationWebPagesTest.LogInPageTest.logInValidationTest(LogInPageTest.java:32)
at com.OrangeHRMApplicationWebPagesTest.LogInPageTest.logInValidationTest(LogInPageTest.java:32)
at com.OrangeHRMApplicationWebPagesTest.LogInPageTest.logInValidationTest(LogInPageTest.java:32)
at com.OrangeHRMApplicationWebPagesTest.LogInPageTest.logInValidationTest(LogInPageTest.java:32)
at com.OrangeHRMApplicationWebPagesTest.LogInPageTest.logInValidationTest(LogInPageTest.java:32)
at com.OrangeHRMApplicationWebPagesTest.LogInPageTest.logInValidationTest(LogInPageTest.java:32)
at com.OrangeHRMApplicationWebPagesTest.LogInPageTest.logInValidationTest(LogInPageTest.java:32)
at com.OrangeHRMApplicationWebPagesTest.LogInPageTest.logInValidationTest(LogInPageTest.java:32)
at com.OrangeHRMApplicationWebPagesTest.LogInPageTest.logInValidationTest(LogInPageTest.java:32)
at com.OrangeHRMApplicationWebPagesTest.LogInPageTest.logInValidationTest(LogInPageTest.java:32)
at com.OrangeHRMApplicationWebPagesTest.LogInPageTest.logInValidationTest(LogInPageTest.java:32)
at com.OrangeHRMApplicationWebPagesTest.LogInPageTest.logInValidationTest(LogInPageTest.java:32)
at com.OrangeHRMApplicationWebPagesTest.LogInPageTest.logInValidationTest(LogInPageTest.java:32)
at com.OrangeHRMApplicationWebPagesTest.LogInPageTest.logInValidationTest(LogInPageTest.java:32)
at com.OrangeHRMApplicationWebPagesTest.LogInPageTest.logInValidationTest(LogInPageTest.java:32)
at com.OrangeHRMApplicationWebPagesTest.LogInPageTest.logInValidationTest(LogInPageTest.java:32)
at com.OrangeHRMApplicationWebPagesTest.LogInPageTest.logInValidationTest(LogInPageTest.java:32)
at com.OrangeHRMApplicationWebPagesTest.LogInPageTest.logInValidationTest(LogInPageTest.java:32)
at com.OrangeHRMApplicationWebPagesTest.LogInPageTest.logInValidationTest(LogInPageTest.java:32)
at com.OrangeHRMApplicationWebPagesTest.LogInPageTest.logInValidationTest(LogInPageTest.java:32)
at com.OrangeHRMApplicationWebPagesTest.LogInPageTest.logInValidationTest(LogInPageTest.java:32)
at com.OrangeHRMApplicationWebPagesTest.LogInPageTest.logInValidationTest(LogInPageTest.java:32)
at com.OrangeHRMApplicationWebPagesTest.LogInPageTest.logInValidationTest(LogInPageTest.java:32)
at com.OrangeHRMApplicationWebPagesTest.LogInPageTest.logInValidationTest(LogInPageTest.java:32)
at com.OrangeHRMApplicationWebPagesTest.LogInPageTest.logInValidationTest(LogInPageTest.java:32)
at com.OrangeHRMApplicationWebPagesTest.LogInPageTest.logInValidationTest(LogInPageTest.java:32)
at com.OrangeHRMApplicationWebPagesTest.LogInPageTest.logInValidationTest(LogInPageTest.java:32)
at com.OrangeHRMApplicationWebPagesTest.LogInPageTest.logInValidationTest(LogInPageTest.java:32)
at com.OrangeHRMApplicationWebPagesTest.LogInPageTest.logInValidationTest(LogInPageTest.java:32)
at com.OrangeHRMApplicationWebPagesTest.LogInPageTest.logInValidationTest(LogInPageTest.java:32)
at com.OrangeHRMApplicationWebPagesTest.LogInPageTest.logInValidationTest(LogInPageTest.java:32)
at com.OrangeHRMApplicationWebPagesTest.LogInPageTest.logInValidationTest(LogInPageTest.java:32)
at com.OrangeHRMApplicationWebPagesTest.LogInPageTest.logInValidationTest(LogInPageTest.java:32)
at com.OrangeHRMApplicationWebPagesTest.LogInPageTest.logInValidationTest(LogInPageTest.java:32)
at com.OrangeHRMApplicationWebPagesTest.LogInPageTest.logInValidationTest(LogInPageTest.java:32)
at com.OrangeHRMApplicationWebPagesTest.LogInPageTest.logInValidationTest(LogInPageTest.java:32)
at com.OrangeHRMApplicationWebPagesTest.LogInPageTest.logInValidationTest(LogInPageTest.java:32)
at com.OrangeHRMApplicationWebPagesTest.LogInPageTest.logInValidationTest(LogInPageTest.java:32)
at com.OrangeHRMApplicationWebPagesTest.LogInPageTest.logInValidationTest(LogInPageTest.java:32)
at com.OrangeHRMApplicationWebPagesTest.LogInPageTest.logInValidationTest(LogInPageTest.java:32)
at com.OrangeHRMApplicationWebPagesTest.LogInPageTest.logInValidationTest(LogInPageTest.java:32)
at com.OrangeHRMApplicationWebPagesTest.LogInPageTest.logInValidationTest(LogInPageTest.java:32)
at com.OrangeHRMApplicationWebPagesTest.LogInPageTest.logInValidationTest(LogInPageTest.java:32)
at com.OrangeHRMApplicationWebPagesTest.LogInPageTest.logInValidationTest(LogInPageTest.java:32)
at com.OrangeHRMApplicationWebPagesTest.LogInPageTest.logInValidationTest(LogInPageTest.java:32)
at com.OrangeHRMApplicationWebPagesTest.LogInPageTest.logInValidationTest(LogInPageTest.java:32)
at com.OrangeHRMApplicationWebPagesTest.LogInPageTest.logInValidationTest(LogInPageTest.java:32)
at com.OrangeHRMApplicationWebPagesTest.LogInPageTest.logInValidationTest(LogInPageTest.java:32)
at com.OrangeHRMApplicationWebPagesTest.LogInPageTest.logInValidationTest(LogInPageTest.java:32)
at com.OrangeHRMApplicationWebPagesTest.LogInPageTest.logInValidationTest(LogInPageTest.java:32)
at com.OrangeHRMApplicationWebPagesTest.LogInPageTest.logInValidationTest(LogInPageTest.java:32)
at com.OrangeHRMApplicationWebPagesTest.LogInPageTest.logInValidationTest(LogInPageTest.java:32)
at com.OrangeHRMApplicationWebPagesTest.LogInPageTest.logInValidationTest(LogInPageTest.java:32)
at com.OrangeHRMApplicationWebPagesTest.LogInPageTest.logInValidationTest(LogInPageTest.java:32)
at com.OrangeHRMApplicationWebPagesTest.LogInPageTest.logInValidationTest(LogInPageTest.java:32)
at com.OrangeHRMApplicationWebPagesTest.LogInPageTest.logInValidationTest(LogInPageTest.java:32)
at com.OrangeHRMApplicationWebPagesTest.LogInPageTest.logInValidationTest(LogInPageTest.java:32)
at com.OrangeHRMApplicationWebPagesTest.LogInPageTest.logInValidationTest(LogInPageTest.java:32)
at com.OrangeHRMApplicationWebPagesTest.LogInPageTest.logInValidationTest(LogInPageTest.java:32)
at com.OrangeHRMApplicationWebPagesTest.LogInPageTest.logInValidationTest(LogInPageTest.java:32)
at com.OrangeHRMApplicationWebPagesTest.LogInPageTest.logInValidationTest(LogInPageTest.java:32)
at com.OrangeHRMApplicationWebPagesTest.LogInPageTest.logInValidationTest(LogInPageTest.java:32)
at com.OrangeHRMApplicationWebPagesTest.LogInPageTest.logInValidationTest(LogInPageTest.java:32)
at com.OrangeHRMApplicationWebPagesTest.LogInPageTest.logInValidationTest(LogInPageTest.java:32)
at com.OrangeHRMApplicationWebPagesTest.LogInPageTest.logInValidationTest(LogInPageTest.java:32)
at com.OrangeHRMApplicationWebPagesTest.LogInPageTest.logInValidationTest(LogInPageTest.java:32)
at com.OrangeHRMApplicationWebPagesTest.LogInPageTest.logInValidationTest(LogInPageTest.java:32)
at com.OrangeHRMApplicationWebPagesTest.LogInPageTest.logInValidationTest(LogInPageTest.java:32)
at com.OrangeHRMApplicationWebPagesTest.LogInPageTest.logInValidationTest(LogInPageTest.java:32)
at com.OrangeHRMApplicationWebPagesTest.LogInPageTest.logInValidationTest(LogInPageTest.java:32)
at com.OrangeHRMApplicationWebPagesTest.LogInPageTest.logInValidationTest(LogInPageTest.java:32)
at com.OrangeHRMApplicationWebPagesTest.LogInPageTest.logInValidationTest(LogInPageTest.java:32)
at com.OrangeHRMApplicationWebPagesTest.LogInPageTest.logInValidationTest(LogInPageTest.java:32)
at com.OrangeHRMApplicationWebPagesTest.LogInPageTest.logInValidationTest(LogInPageTest.java:32)
at com.OrangeHRMApplicationWebPagesTest.LogInPageTest.logInValidationTest(LogInPageTest.java:32)
at com.OrangeHRMApplicationWebPagesTest.LogInPageTest.logInValidationTest(LogInPageTest.java:32)
at com.OrangeHRMApplicationWebPagesTest.LogInPageTest.logInValidationTest(LogInPageTest.java:32)
at com.OrangeHRMApplicationWebPagesTest.LogInPageTest.logInValidationTest(LogInPageTest.java:32)
at com.OrangeHRMApplicationWebPagesTest.LogInPageTest.logInValidationTest(LogInPageTest.java:32)
at com.OrangeHRMApplicationWebPagesTest.LogInPageTest.logInValidationTest(LogInPageTest.java:32)
at com.OrangeHRMApplicationWebPagesTest.LogInPageTest.logInValidationTest(LogInPageTest.java:32)
at com.OrangeHRMApplicationWebPagesTest.LogInPageTest.logInValidationTest(LogInPageTest.java:32)
at com.OrangeHRMApplicationWebPagesTest.LogInPageTest.logInValidationTest(LogInPageTest.java:32)
at com.OrangeHRMApplicationWebPagesTest.LogInPageTest.logInValidationTest(LogInPageTest.java:32)
at com.OrangeHRMApplicationWebPagesTest.LogInPageTest.logInValidationTest(LogInPageTest.java:32)
at com.OrangeHRMApplicationWebPagesTest.LogInPageTest.logInValidationTest(LogInPageTest.java:32)
at com.OrangeHRMApplicationWebPagesTest.LogInPageTest.logInValidationTest(LogInPageTest.java:32)
at com.OrangeHRMApplicationWebPagesTest.LogInPageTest.logInValidationTest(LogInPageTest.java:32)
at com.OrangeHRMApplicationWebPagesTest.LogInPageTest.logInValidationTest(LogInPageTest.java:32)
at com.OrangeHRMApplicationWebPagesTest.LogInPageTest.logInValidationTest(LogInPageTest.java:32)
at com.OrangeHRMApplicationWebPagesTest.LogInPageTest.logInValidationTest(LogInPageTest.java:32)
at com.OrangeHRMApplicationWebPagesTest.LogInPageTest.logInValidationTest(LogInPageTest.java:32)
at com.OrangeHRMApplicationWebPagesTest.LogInPageTest.logInValidationTest(LogInPageTest.java:32)
at com.OrangeHRMApplicationWebPagesTest.LogInPageTest.logInValidationTest(LogInPageTest.java:32)
at com.OrangeHRMApplicationWebPagesTest.LogInPageTest.logInValidationTest(LogInPageTest.java:32)
at com.OrangeHRMApplicationWebPagesTest.LogInPageTest.logInValidationTest(LogInPageTest.java:32)
at com.OrangeHRMApplicationWebPagesTest.LogInPageTest.logInValidationTest(LogInPageTest.java:32)
at com.OrangeHRMApplicationWebPagesTest.LogInPageTest.logInValidationTest(LogInPageTest.java:32)
at com.OrangeHRMApplicationWebPagesTest.LogInPageTest.logInValidationTest(LogInPageTest.java:32)
at com.OrangeHRMApplicationWebPagesTest.LogInPageTest.logInValidationTest(LogInPageTest.java:32)
at com.OrangeHRMApplicationWebPagesTest.LogInPageTest.logInValidationTest(LogInPageTest.java:32)
at com.OrangeHRMApplicationWebPagesTest.LogInPageTest.logInValidationTest(LogInPageTest.java:32)
at com.OrangeHRMApplicationWebPagesTest.LogInPageTest.logInValidationTest(LogInPageTest.java:32)
at com.OrangeHRMApplicationWebPagesTest.LogInPageTest.logInValidationTest(LogInPageTest.java:32)
at com.OrangeHRMApplicationWebPagesTest.LogInPageTest.logInValidationTest(LogInPageTest.java:32)
at com.OrangeHRMApplicationWebPagesTest.LogInPageTest.logInValidationTest(LogInPageTest.java:32)
at com.OrangeHRMApplicationWebPagesTest.LogInPageTest.logInValidationTest(LogInPageTest.java:32)
at com.OrangeHRMApplicationWebPagesTest.LogInPageTest.logInValidationTest(LogInPageTest.java:32)
at com.OrangeHRMApplicationWebPagesTest.LogInPageTest.logInValidationTest(LogInPageTest.java:32)
at com.OrangeHRMApplicationWebPagesTest.LogInPageTest.logInValidationTest(LogInPageTest.java:32)
at com.OrangeHRMApplicationWebPagesTest.LogInPageTest.logInValidationTest(LogInPageTest.java:32)
at com.OrangeHRMApplicationWebPagesTest.LogInPageTest.logInValidationTest(LogInPageTest.java:32)
at com.OrangeHRMApplicationWebPagesTest.LogInPageTest.logInValidationTest(LogInPageTest.java:32)
at com.OrangeHRMApplicationWebPagesTest.LogInPageTest.logInValidationTest(LogInPageTest.java:32)
at com.OrangeHRMApplicationWebPagesTest.LogInPageTest.logInValidationTest(LogInPageTest.java:32)
at com.OrangeHRMApplicationWebPagesTest.LogInPageTest.logInValidationTest(LogInPageTest.java:32)
at com.OrangeHRMApplicationWebPagesTest.LogInPageTest.logInValidationTest(LogInPageTest.java:32)
at com.OrangeHRMApplicationWebPagesTest.LogInPageTest.logInValidationTest(LogInPageTest.java:32)
at com.OrangeHRMApplicationWebPagesTest.LogInPageTest.logInValidationTest(LogInPageTest.java:32)
at com.OrangeHRMApplicationWebPagesTest.LogInPageTest.logInValidationTest(LogInPageTest.java:32)
at com.OrangeHRMApplicationWebPagesTest.LogInPageTest.logInValidationTest(LogInPageTest.java:32)
at com.OrangeHRMApplicationWebPagesTest.LogInPageTest.logInValidationTest(LogInPageTest.java:32)
at com.OrangeHRMApplicationWebPagesTest.LogInPageTest.logInValidationTest(LogInPageTest.java:32)
at com.OrangeHRMApplicationWebPagesTest.LogInPageTest.logInValidationTest(LogInPageTest.java:32)
at com.OrangeHRMApplicationWebPagesTest.LogInPageTest.logInValidationTest(LogInPageTest.java:32)
at com.OrangeHRMApplicationWebPagesTest.LogInPageTest.logInValidationTest(LogInPageTest.java:32)
at com.OrangeHRMApplicationWebPagesTest.LogInPageTest.logInValidationTest(LogInPageTest.java:32)
at com.OrangeHRMApplicationWebPagesTest.LogInPageTest.logInValidationTest(LogInPageTest.java:32)
at com.OrangeHRMApplicationWebPagesTest.LogInPageTest.logInValidationTest(LogInPageTest.java:32)
at com.OrangeHRMApplicationWebPagesTest.LogInPageTest.logInValidationTest(LogInPageTest.java:32)
at com.OrangeHRMApplicationWebPagesTest.LogInPageTest.logInValidationTest(LogInPageTest.java:32)
at com.OrangeHRMApplicationWebPagesTest.LogInPageTest.logInValidationTest(LogInPageTest.java:32)
at com.OrangeHRMApplicationWebPagesTest.LogInPageTest.logInValidationTest(LogInPageTest.java:32)
at com.OrangeHRMApplicationWebPagesTest.LogInPageTest.logInValidationTest(LogInPageTest.java:32)
at com.OrangeHRMApplicationWebPagesTest.LogInPageTest.logInValidationTest(LogInPageTest.java:32)
at com.OrangeHRMApplicationWebPagesTest.LogInPageTest.logInValidationTest(LogInPageTest.java:32)
at com.OrangeHRMApplicationWebPagesTest.LogInPageTest.logInValidationTest(LogInPageTest.java:32)
at com.OrangeHRMApplicationWebPagesTest.LogInPageTest.logInValidationTest(LogInPageTest.java:32)
at com.OrangeHRMApplicationWebPagesTest.LogInPageTest.logInValidationTest(LogInPageTest.java:32)
at com.OrangeHRMApplicationWebPagesTest.LogInPageTest.logInValidationTest(LogInPageTest.java:32)
at com.OrangeHRMApplicationWebPagesTest.LogInPageTest.logInValidationTest(LogInPageTest.java:32)
at com.OrangeHRMApplicationWebPagesTest.LogInPageTest.logInValidationTest(LogInPageTest.java:32)
at com.OrangeHRMApplicationWebPagesTest.LogInPageTest.logInValidationTest(LogInPageTest.java:32)
at com.OrangeHRMApplicationWebPagesTest.LogInPageTest.logInValidationTest(LogInPageTest.java:32)
at com.OrangeHRMApplicationWebPagesTest.LogInPageTest.logInValidationTest(LogInPageTest.java:32)
at com.OrangeHRMApplicationWebPagesTest.LogInPageTest.logInValidationTest(LogInPageTest.java:32)
at com.OrangeHRMApplicationWebPagesTest.LogInPageTest.logInValidationTest(LogInPageTest.java:32)
at com.OrangeHRMApplicationWebPagesTest.LogInPageTest.logInValidationTest(LogInPageTest.java:32)
at com.OrangeHRMApplicationWebPagesTest.LogInPageTest.logInValidationTest(LogInPageTest.java:32)
at com.OrangeHRMApplicationWebPagesTest.LogInPageTest.logInValidationTest(LogInPageTest.java:32)
at com.OrangeHRMApplicationWebPagesTest.LogInPageTest.logInValidationTest(LogInPageTest.java:32)
at com.OrangeHRMApplicationWebPagesTest.LogInPageTest.logInValidationTest(LogInPageTest.java:32)
at com.OrangeHRMApplicationWebPagesTest.LogInPageTest.logInValidationTest(LogInPageTest.java:32)
at com.OrangeHRMApplicationWebPagesTest.LogInPageTest.logInValidationTest(LogInPageTest.java:32)
at com.OrangeHRMApplicationWebPagesTest.LogInPageTest.logInValidationTest(LogInPageTest.java:32)
at com.OrangeHRMApplicationWebPagesTest.LogInPageTest.logInValidationTest(LogInPageTest.java:32)
at com.OrangeHRMApplicationWebPagesTest.LogInPageTest.logInValidationTest(LogInPageTest.java:32)
at com.OrangeHRMApplicationWebPagesTest.LogInPageTest.logInValidationTest(LogInPageTest.java:32)
at com.OrangeHRMApplicationWebPagesTest.LogInPageTest.logInValidationTest(LogInPageTest.java:32)
at com.OrangeHRMApplicationWebPagesTest.LogInPageTest.logInValidationTest(LogInPageTest.java:32)
at com.OrangeHRMApplicationWebPagesTest.LogInPageTest.logInValidationTest(LogInPageTest.java:32)
at com.OrangeHRMApplicationWebPagesTest.LogInPageTest.logInValidationTest(LogInPageTest.java:32)
at com.OrangeHRMApplicationWebPagesTest.LogInPageTest.logInValidationTest(LogInPageTest.java:32)
at com.OrangeHRMApplicationWebPagesTest.LogInPageTest.logInValidationTest(LogInPageTest.java:32)
at com.OrangeHRMApplicationWebPagesTest.LogInPageTest.logInValidationTest(LogInPageTest.java:32)
at com.OrangeHRMApplicationWebPagesTest.LogInPageTest.logInValidationTest(LogInPageTest.java:32)
at com.OrangeHRMApplicationWebPagesTest.LogInPageTest.logInValidationTest(LogInPageTest.java:32)
at com.OrangeHRMApplicationWebPagesTest.LogInPageTest.logInValidationTest(LogInPageTest.java:32)
at com.OrangeHRMApplicationWebPagesTest.LogInPageTest.logInValidationTest(LogInPageTest.java:32)
at com.OrangeHRMApplicationWebPagesTest.LogInPageTest.logInValidationTest(LogInPageTest.java:32)
at com.OrangeHRMApplicationWebPagesTest.LogInPageTest.logInValidationTest(LogInPageTest.java:32)
at com.OrangeHRMApplicationWebPagesTest.LogInPageTest.logInValidationTest(LogInPageTest.java:32)
at com.OrangeHRMApplicationWebPagesTest.LogInPageTest.logInValidationTest(LogInPageTest.java:32)
at com.OrangeHRMApplicationWebPagesTest.LogInPageTest.logInValidationTest(LogInPageTest.java:32)
at com.OrangeHRMApplicationWebPagesTest.LogInPageTest.logInValidationTest(LogInPageTest.java:32)
at com.OrangeHRMApplicationWebPagesTest.LogInPageTest.logInValidationTest(LogInPageTest.java:32)
at com.OrangeHRMApplicationWebPagesTest.LogInPageTest.logInValidationTest(LogInPageTest.java:32)
at com.OrangeHRMApplicationWebPagesTest.LogInPageTest.logInValidationTest(LogInPageTest.java:32)
at com.OrangeHRMApplicationWebPagesTest.LogInPageTest.logInValidationTest(LogInPageTest.java:32)
at com.OrangeHRMApplicationWebPagesTest.LogInPageTest.logInValidationTest(LogInPageTest.java:32)
at com.OrangeHRMApplicationWebPagesTest.LogInPageTest.logInValidationTest(LogInPageTest.java:32)
at com.OrangeHRMApplicationWebPagesTest.LogInPageTest.logInValidationTest(LogInPageTest.java:32)
at com.OrangeHRMApplicationWebPagesTest.LogInPageTest.logInValidationTest(LogInPageTest.java:32)
at com.OrangeHRMApplicationWebPagesTest.LogInPageTest.logInValidationTest(LogInPageTest.java:32)
at com.OrangeHRMApplicationWebPagesTest.LogInPageTest.logInValidationTest(LogInPageTest.java:32)
at com.OrangeHRMApplicationWebPagesTest.LogInPageTest.logInValidationTest(LogInPageTest.java:32)
at com.OrangeHRMApplicationWebPagesTest.LogInPageTest.logInValidationTest(LogInPageTest.java:32)
at com.OrangeHRMApplicationWebPagesTest.LogInPageTest.logInValidationTest(LogInPageTest.java:32)
at com.OrangeHRMApplicationWebPagesTest.LogInPageTest.logInValidationTest(LogInPageTest.java:32)
at com.OrangeHRMApplicationWebPagesTest.LogInPageTest.logInValidationTest(LogInPageTest.java:32)
at com.OrangeHRMApplicationWebPagesTest.LogInPageTest.logInValidationTest(LogInPageTest.java:32)
at com.OrangeHRMApplicationWebPagesTest.LogInPageTest.logInValidationTest(LogInPageTest.java:32)
at com.OrangeHRMApplicationWebPagesTest.LogInPageTest.logInValidationTest(LogInPageTest.java:32)
at com.OrangeHRMApplicationWebPagesTest.LogInPageTest.logInValidationTest(LogInPageTest.java:32)
at com.OrangeHRMApplicationWebPagesTest.LogInPageTest.logInValidationTest(LogInPageTest.java:32)
at com.OrangeHRMApplicationWebPagesTest.LogInPageTest.logInValidationTest(LogInPageTest.java:32)
at com.OrangeHRMApplicationWebPagesTest.LogInPageTest.logInValidationTest(LogInPageTest.java:32)
at com.OrangeHRMApplicationWebPagesTest.LogInPageTest.logInValidationTest(LogInPageTest.java:32)
at com.OrangeHRMApplicationWebPagesTest.LogInPageTest.logInValidationTest(LogInPageTest.java:32)
at com.OrangeHRMApplicationWebPagesTest.LogInPageTest.logInValidationTest(LogInPageTest.java:32)
at com.OrangeHRMApplicationWebPagesTest.LogInPageTest.logInValidationTest(LogInPageTest.java:32)
at com.OrangeHRMApplicationWebPagesTest.LogInPageTest.logInValidationTest(LogInPageTest.java:32)
at com.OrangeHRMApplicationWebPagesTest.LogInPageTest.logInValidationTest(LogInPageTest.java:32)
at com.OrangeHRMApplicationWebPagesTest.LogInPageTest.logInValidationTest(LogInPageTest.java:32)
at com.OrangeHRMApplicationWebPagesTest.LogInPageTest.logInValidationTest(LogInPageTest.java:32)
at com.OrangeHRMApplicationWebPagesTest.LogInPageTest.logInValidationTest(LogInPageTest.java:32)
at com.OrangeHRMApplicationWebPagesTest.LogInPageTest.logInValidationTest(LogInPageTest.java:32)
at com.OrangeHRMApplicationWebPagesTest.LogInPageTest.logInValidationTest(LogInPageTest.java:32)
at com.OrangeHRMApplicationWebPagesTest.LogInPageTest.logInValidationTest(LogInPageTest.java:32)
at com.OrangeHRMApplicationWebPagesTest.LogInPageTest.logInValidationTest(LogInPageTest.java:32)
at com.OrangeHRMApplicationWebPagesTest.LogInPageTest.logInValidationTest(LogInPageTest.java:32)
at com.OrangeHRMApplicationWebPagesTest.LogInPageTest.logInValidationTest(LogInPageTest.java:32)
at com.OrangeHRMApplicationWebPagesTest.LogInPageTest.logInValidationTest(LogInPageTest.java:32)
at com.OrangeHRMApplicationWebPagesTest.LogInPageTest.logInValidationTest(LogInPageTest.java:32)
at com.OrangeHRMApplicationWebPagesTest.LogInPageTest.logInValidationTest(LogInPageTest.java:32)
at com.OrangeHRMApplicationWebPagesTest.LogInPageTest.logInValidationTest(LogInPageTest.java:32)
at com.OrangeHRMApplicationWebPagesTest.LogInPageTest.logInValidationTest(LogInPageTest.java:32)
at com.OrangeHRMApplicationWebPagesTest.LogInPageTest.logInValidationTest(LogInPageTest.java:32)
at com.OrangeHRMApplicationWebPagesTest.LogInPageTest.logInValidationTest(LogInPageTest.java:32)
at com.OrangeHRMApplicationWebPagesTest.LogInPageTest.logInValidationTest(LogInPageTest.java:32)
at com.OrangeHRMApplicationWebPagesTest.LogInPageTest.logInValidationTest(LogInPageTest.java:32)
at com.OrangeHRMApplicationWebPagesTest.LogInPageTest.logInValidationTest(LogInPageTest.java:32)
at com.OrangeHRMApplicationWebPagesTest.LogInPageTest.logInValidationTest(LogInPageTest.java:32)
at com.OrangeHRMApplicationWebPagesTest.LogInPageTest.logInValidationTest(LogInPageTest.java:32)
at com.OrangeHRMApplicationWebPagesTest.LogInPageTest.logInValidationTest(LogInPageTest.java:32)
at com.OrangeHRMApplicationWebPagesTest.LogInPageTest.logInValidationTest(LogInPageTest.java:32)
at com.OrangeHRMApplicationWebPagesTest.LogInPageTest.logInValidationTest(LogInPageTest.java:32)
at com.OrangeHRMApplicationWebPagesTest.LogInPageTest.logInValidationTest(LogInPageTest.java:32)
at com.OrangeHRMApplicationWebPagesTest.LogInPageTest.logInValidationTest(LogInPageTest.java:32)
at com.OrangeHRMApplicationWebPagesTest.LogInPageTest.logInValidationTest(LogInPageTest.java:32)
at com.OrangeHRMApplicationWebPagesTest.LogInPageTest.logInValidationTest(LogInPageTest.java:32)
at com.OrangeHRMApplicationWebPagesTest.LogInPageTest.logInValidationTest(LogInPageTest.java:32)
at com.OrangeHRMApplicationWebPagesTest.LogInPageTest.logInValidationTest(LogInPageTest.java:32)
at com.OrangeHRMApplicationWebPagesTest.LogInPageTest.logInValidationTest(LogInPageTest.java:32)
at com.OrangeHRMApplicationWebPagesTest.LogInPageTest.logInValidationTest(LogInPageTest.java:32)
[...]
at com.OrangeHRMApplicationWebPagesTest.LogInPageTest.logInValidationTest(LogInPageTest.java:32)
at com.OrangeHRMApplicationWebPagesTest.LogInPageTest.logInValidationTest(LogInPageTest.java:32)
at com.OrangeHRMApplicationWebPagesTest.LogInPageTest.logInValidationTest(LogInPageTest.java:32)
at com.OrangeHRMApplicationWebPagesTest.LogInPageTest.logInValidationTest(LogInPageTest.java:32)
at com.OrangeHRMApplicationWebPagesTest.LogInPageTest.logInValidationTest(LogInPageTest.java:32)
at com.OrangeHRMApplicationWebPagesTest.LogInPageTest.logInValidationTest(LogInPageTest.java:32)
at com.OrangeHRMApplicationWebPagesTest.LogInPageTest.logInValidationTest(LogInPageTest.java:32)
at com.OrangeHRMApplicationWebPagesTest.LogInPageTest.logInValidationTest(LogInPageTest.java:32)
at com.OrangeHRMApplicationWebPagesTest.LogInPageTest.logInValidationTest(LogInPageTest.java:32)
at com.OrangeHRMApplicationWebPagesTest.LogInPageTest.logInValidationTest(LogInPageTest.java:32)
at com.OrangeHRMApplicationWebPagesTest.LogInPageTest.logInValidationTest(LogInPageTest.java:32)
at com.OrangeHRMApplicationWebPagesTest.LogInPageTest.logInValidationTest(LogInPageTest.java:32)
at com.OrangeHRMApplicationWebPagesTest.LogInPageTest.logInValidationTest(LogInPageTest.java:32)
at com.OrangeHRMApplicationWebPagesTest.LogInPageTest.logInValidationTest(LogInPageTest.java:32)
at com.OrangeHRMApplicationWebPagesTest.LogInPageTest.logInValidationTest(LogInPageTest.java:32)
at com.OrangeHRMApplicationWebPagesTest.LogInPageTest.logInValidationTest(LogInPageTest.java:32)
at com.OrangeHRMApplicationWebPagesTest.LogInPageTest.logInValidationTest(LogInPageTest.java:32)
at com.OrangeHRMApplicationWebPagesTest.LogInPageTest.logInValidationTest(LogInPageTest.java:32)
at com.OrangeHRMApplicationWebPagesTest.LogInPageTest.logInValidationTest(LogInPageTest.java:32)
at com.OrangeHRMApplicationWebPagesTest.LogInPageTest.logInValidationTest(LogInPageTest.java:32)
at com.OrangeHRMApplicationWebPagesTest.LogInPageTest.logInValidationTest(LogInPageTest.java:32)
at com.OrangeHRMApplicationWebPagesTest.LogInPageTest.logInValidationTest(LogInPageTest.java:32)
at com.OrangeHRMApplicationWebPagesTest.LogInPageTest.logInValidationTest(LogInPageTest.java:32)
at com.OrangeHRMApplicationWebPagesTest.LogInPageTest.logInValidationTest(LogInPageTest.java:32)
at com.OrangeHRMApplicationWebPagesTest.LogInPageTest.logInValidationTest(LogInPageTest.java:32)
at com.OrangeHRMApplicationWebPagesTest.LogInPageTest.logInValidationTest(LogInPageTest.java:32)
at com.OrangeHRMApplicationWebPagesTest.LogInPageTest.logInValidationTest(LogInPageTest.java:32)
at com.OrangeHRMApplicationWebPagesTest.LogInPageTest.logInValidationTest(LogInPageTest.java:32)
at com.OrangeHRMApplicationWebPagesTest.LogInPageTest.logInValidationTest(LogInPageTest.java:32)
at com.OrangeHRMApplicationWebPagesTest.LogInPageTest.logInValidationTest(LogInPageTest.java:32)
at com.OrangeHRMApplicationWebPagesTest.LogInPageTest.logInValidationTest(LogInPageTest.java:32)
at com.OrangeHRMApplicationWebPagesTest.LogInPageTest.logInValidationTest(LogInPageTest.java:32)
at com.OrangeHRMApplicationWebPagesTest.LogInPageTest.logInValidationTest(LogInPageTest.java:32)
at com.OrangeHRMApplicationWebPagesTest.LogInPageTest.logInValidationTest(LogInPageTest.java:32)
at com.OrangeHRMApplicationWebPagesTest.LogInPageTest.logInValidationTest(LogInPageTest.java:32)
at com.OrangeHRMApplicationWebPagesTest.LogInPageTest.logInValidationTest(LogInPageTest.java:32)
at com.OrangeHRMApplicationWebPagesTest.LogInPageTest.logInValidationTest(LogInPageTest.java:32)
at com.OrangeHRMApplicationWebPagesTest.LogInPageTest.logInValidationTest(LogInPageTest.java:32)
at com.OrangeHRMApplicationWebPagesTest.LogInPageTest.logInValidationTest(LogInPageTest.java:32)
at com.OrangeHRMApplicationWebPagesTest.LogInPageTest.logInValidationTest(LogInPageTest.java:32)
at com.OrangeHRMApplicationWebPagesTest.LogInPageTest.logInValidationTest(LogInPageTest.java:32)
at com.OrangeHRMApplicationWebPagesTest.LogInPageTest.logInValidationTest(LogInPageTest.java:32)
at com.OrangeHRMApplicationWebPagesTest.LogInPageTest.logInValidationTest(LogInPageTest.java:32)
at com.OrangeHRMApplicationWebPagesTest.LogInPageTest.logInValidationTest(LogInPageTest.java:32)
at com.OrangeHRMApplicationWebPagesTest.LogInPageTest.logInValidationTest(LogInPageTest.java:32)
at com.OrangeHRMApplicationWebPagesTest.LogInPageTest.logInValidationTest(LogInPageTest.java:32)
at com.OrangeHRMApplicationWebPagesTest.LogInPageTest.logInValidationTest(LogInPageTest.java:32)
at com.OrangeHRMApplicationWebPagesTest.LogInPageTest.logInValidationTest(LogInPageTest.java:32)
at com.OrangeHRMApplicationWebPagesTest.LogInPageTest.logInValidationTest(LogInPageTest.java:32)
at com.OrangeHRMApplicationWebPagesTest.LogInPageTest.logInValidationTest(LogInPageTest.java:32)
at com.OrangeHRMApplicationWebPagesTest.LogInPageTest.logInValidationTest(LogInPageTest.java:32)
at com.OrangeHRMApplicationWebPagesTest.LogInPageTest.logInValidationTest(LogInPageTest.java:32)
at com.OrangeHRMApplicationWebPagesTest.LogInPageTest.logInValidationTest(LogInPageTest.java:32)
at com.OrangeHRMApplicationWebPagesTest.LogInPageTest.logInValidationTest(LogInPageTest.java:32)
at com.OrangeHRMApplicationWebPagesTest.LogInPageTest.logInValidationTest(LogInPageTest.java:32)
at com.OrangeHRMApplicationWebPagesTest.LogInPageTest.logInValidationTest(LogInPageTest.java:32)
at com.OrangeHRMApplicationWebPagesTest.LogInPageTest.logInValidationTest(LogInPageTest.java:32)
at com.OrangeHRMApplicationWebPagesTest.LogInPageTest.logInValidationTest(LogInPageTest.java:32)
at com.OrangeHRMApplicationWebPagesTest.LogInPageTest.logInValidationTest(LogInPageTest.java:32)
at com.OrangeHRMApplicationWebPagesTest.LogInPageTest.logInValidationTest(LogInPageTest.java:32)
at com.OrangeHRMApplicationWebPagesTest.LogInPageTest.logInValidationTest(LogInPageTest.java:32)
at com.OrangeHRMApplicationWebPagesTest.LogInPageTest.logInValidationTest(LogInPageTest.java:32)
at com.OrangeHRMApplicationWebPagesTest.LogInPageTest.logInValidationTest(LogInPageTest.java:32)
at com.OrangeHRMApplicationWebPagesTest.LogInPageTest.logInValidationTest(LogInPageTest.java:32)
at com.OrangeHRMApplicationWebPagesTest.LogInPageTest.logInValidationTest(LogInPageTest.java:32)
at com.OrangeHRMApplicationWebPagesTest.LogInPageTest.logInValidationTest(LogInPageTest.java:32)
at com.OrangeHRMApplicationWebPagesTest.LogInPageTest.logInValidationTest(LogInPageTest.java:32)
at com.OrangeHRMApplicationWebPagesTest.LogInPageTest.logInValidationTest(LogInPageTest.java:32)
at com.OrangeHRMApplicationWebPagesTest.LogInPageTest.logInValidationTest(LogInPageTest.java:32)
at com.OrangeHRMApplicationWebPagesTest.LogInPageTest.logInValidationTest(LogInPageTest.java:32)
at com.OrangeHRMApplicationWebPagesTest.LogInPageTest.logInValidationTest(LogInPageTest.java:32)
at com.OrangeHRMApplicationWebPagesTest.LogInPageTest.logInValidationTest(LogInPageTest.java:32)
at com.OrangeHRMApplicationWebPagesTest.LogInPageTest.logInValidationTest(LogInPageTest.java:32)
at com.OrangeHRMApplicationWebPagesTest.LogInPageTest.logInValidationTest(LogInPageTest.java:32)
at com.OrangeHRMApplicationWebPagesTest.LogInPageTest.logInValidationTest(LogInPageTest.java:32)
at com.OrangeHRMApplicationWebPagesTest.LogInPageTest.logInValidationTest(LogInPageTest.java:32)
at com.OrangeHRMApplicationWebPagesTest.LogInPageTest.logInValidationTest(LogInPageTest.java:32)
at com.OrangeHRMApplicationWebPagesTest.LogInPageTest.logInValidationTest(LogInPageTest.java:32)
at com.OrangeHRMApplicationWebPagesTest.LogInPageTest.logInValidationTest(LogInPageTest.java:32)
at com.OrangeHRMApplicationWebPagesTest.LogInPageTest.logInValidationTest(LogInPageTest.java:32)
at com.OrangeHRMApplicationWebPagesTest.LogInPageTest.logInValidationTest(LogInPageTest.java:32)
at com.OrangeHRMApplicationWebPagesTest.LogInPageTest.logInValidationTest(LogInPageTest.java:32)
at com.OrangeHRMApplicationWebPagesTest.LogInPageTest.logInValidationTest(LogInPageTest.java:32)
at com.OrangeHRMApplicationWebPagesTest.LogInPageTest.logInValidationTest(LogInPageTest.java:32)
at com.OrangeHRMApplicationWebPagesTest.LogInPageTest.logInValidationTest(LogInPageTest.java:32)
at com.OrangeHRMApplicationWebPagesTest.LogInPageTest.logInValidationTest(LogInPageTest.java:32)
at com.OrangeHRMApplicationWebPagesTest.LogInPageTest.logInValidationTest(LogInPageTest.java:32)
at com.OrangeHRMApplicationWebPagesTest.LogInPageTest.logInValidationTest(LogInPageTest.java:32)
at com.OrangeHRMApplicationWebPagesTest.LogInPageTest.logInValidationTest(LogInPageTest.java:32)
at com.OrangeHRMApplicationWebPagesTest.LogInPageTest.logInValidationTest(LogInPageTest.java:32)
at com.OrangeHRMApplicationWebPagesTest.LogInPageTest.logInValidationTest(LogInPageTest.java:32)
at com.OrangeHRMApplicationWebPagesTest.LogInPageTest.logInValidationTest(LogInPageTest.java:32)
at com.OrangeHRMApplicationWebPagesTest.LogInPageTest.logInValidationTest(LogInPageTest.java:32)
at com.OrangeHRMApplicationWebPagesTest.LogInPageTest.logInValidationTest(LogInPageTest.java:32)
at com.OrangeHRMApplicationWebPagesTest.LogInPageTest.logInValidationTest(LogInPageTest.java:32)
at com.OrangeHRMApplicationWebPagesTest.LogInPageTest.logInValidationTest(LogInPageTest.java:32)
at com.OrangeHRMApplicationWebPagesTest.LogInPageTest.logInValidationTest(LogInPageTest.java:32)
at com.OrangeHRMApplicationWebPagesTest.LogInPageTest.logInValidationTest(LogInPageTest.java:32)
at com.OrangeHRMApplicationWebPagesTest.LogInPageTest.logInValidationTest(LogInPageTest.java:32)
at com.OrangeHRMApplicationWebPagesTest.LogInPageTest.logInValidationTest(LogInPageTest.java:32)
at com.OrangeHRMApplicationWebPagesTest.LogInPageTest.logInValidationTest(LogInPageTest.java:32)
at com.OrangeHRMApplicationWebPagesTest.LogInPageTest.logInValidationTest(LogInPageTest.java:32)
at com.OrangeHRMApplicationWebPagesTest.LogInPageTest.logInValidationTest(LogInPageTest.java:32)
at com.OrangeHRMApplicationWebPagesTest.LogInPageTest.logInValidationTest(LogInPageTest.java:32)
at com.OrangeHRMApplicationWebPagesTest.LogInPageTest.logInValidationTest(LogInPageTest.java:32)
at com.OrangeHRMApplicationWebPagesTest.LogInPageTest.logInValidationTest(LogInPageTest.java:32)
at com.OrangeHRMApplicationWebPagesTest.LogInPageTest.logInValidationTest(LogInPageTest.java:32)
at com.OrangeHRMApplicationWebPagesTest.LogInPageTest.logInValidationTest(LogInPageTest.java:32)
at com.OrangeHRMApplicationWebPagesTest.LogInPageTest.logInValidationTest(LogInPageTest.java:32)
at com.OrangeHRMApplicationWebPagesTest.LogInPageTest.logInValidationTest(LogInPageTest.java:32)
at com.OrangeHRMApplicationWebPagesTest.LogInPageTest.logInValidationTest(LogInPageTest.java:32)
at com.OrangeHRMApplicationWebPagesTest.LogInPageTest.logInValidationTest(LogInPageTest.java:32)
at com.OrangeHRMApplicationWebPagesTest.LogInPageTest.logInValidationTest(LogInPageTest.java:32)
at com.OrangeHRMApplicationWebPagesTest.LogInPageTest.logInValidationTest(LogInPageTest.java:32)
at com.OrangeHRMApplicationWebPagesTest.LogInPageTest.logInValidationTest(LogInPageTest.java:32)
at com.OrangeHRMApplicationWebPagesTest.LogInPageTest.logInValidationTest(LogInPageTest.java:32)
at com.OrangeHRMApplicationWebPagesTest.LogInPageTest.logInValidationTest(LogInPageTest.java:32)
at com.OrangeHRMApplicationWebPagesTest.LogInPageTest.logInValidationTest(LogInPageTest.java:32)
at com.OrangeHRMApplicationWebPagesTest.LogInPageTest.logInValidationTest(LogInPageTest.java:32)
at com.OrangeHRMApplicationWebPagesTest.LogInPageTest.logInValidationTest(LogInPageTest.java:32)
at com.OrangeHRMApplicationWebPagesTest.LogInPageTest.logInValidationTest(LogInPageTest.java:32)
at com.OrangeHRMApplicationWebPagesTest.LogInPageTest.logInValidationTest(LogInPageTest.java:32)
at com.OrangeHRMApplicationWebPagesTest.LogInPageTest.logInValidationTest(LogInPageTest.java:32)
at com.OrangeHRMApplicationWebPagesTest.LogInPageTest.logInValidationTest(LogInPageTest.java:32)
at com.OrangeHRMApplicationWebPagesTest.LogInPageTest.logInValidationTest(LogInPageTest.java:32)
at com.OrangeHRMApplicationWebPagesTest.LogInPageTest.logInValidationTest(LogInPageTest.java:32)
at com.OrangeHRMApplicationWebPagesTest.LogInPageTest.logInValidationTest(LogInPageTest.java:32)
at com.OrangeHRMApplicationWebPagesTest.LogInPageTest.logInValidationTest(LogInPageTest.java:32)
at com.OrangeHRMApplicationWebPagesTest.LogInPageTest.logInValidationTest(LogInPageTest.java:32)
at com.OrangeHRMApplicationWebPagesTest.LogInPageTest.logInValidationTest(LogInPageTest.java:32)
at com.OrangeHRMApplicationWebPagesTest.LogInPageTest.logInValidationTest(LogInPageTest.java:32)
at com.OrangeHRMApplicationWebPagesTest.LogInPageTest.logInValidationTest(LogInPageTest.java:32)
at com.OrangeHRMApplicationWebPagesTest.LogInPageTest.logInValidationTest(LogInPageTest.java:32)
at com.OrangeHRMApplicationWebPagesTest.LogInPageTest.logInValidationTest(LogInPageTest.java:32)
at com.OrangeHRMApplicationWebPagesTest.LogInPageTest.logInValidationTest(LogInPageTest.java:32)
at com.OrangeHRMApplicationWebPagesTest.LogInPageTest.logInValidationTest(LogInPageTest.java:32)
at com.OrangeHRMApplicationWebPagesTest.LogInPageTest.logInValidationTest(LogInPageTest.java:32)
at com.OrangeHRMApplicationWebPagesTest.LogInPageTest.logInValidationTest(LogInPageTest.java:32)
at com.OrangeHRMApplicationWebPagesTest.LogInPageTest.logInValidationTest(LogInPageTest.java:32)
at com.OrangeHRMApplicationWebPagesTest.LogInPageTest.logInValidationTest(LogInPageTest.java:32)
at com.OrangeHRMApplicationWebPagesTest.LogInPageTest.logInValidationTest(LogInPageTest.java:32)
at com.OrangeHRMApplicationWebPagesTest.LogInPageTest.logInValidationTest(LogInPageTest.java:32)
at com.OrangeHRMApplicationWebPagesTest.LogInPageTest.logInValidationTest(LogInPageTest.java:32)
at com.OrangeHRMApplicationWebPagesTest.LogInPageTest.logInValidationTest(LogInPageTest.java:32)
at com.OrangeHRMApplicationWebPagesTest.LogInPageTest.logInValidationTest(LogInPageTest.java:32)
at com.OrangeHRMApplicationWebPagesTest.LogInPageTest.logInValidationTest(LogInPageTest.java:32)
at com.OrangeHRMApplicationWebPagesTest.LogInPageTest.logInValidationTest(LogInPageTest.java:32)
at com.OrangeHRMApplicationWebPagesTest.LogInPageTest.logInValidationTest(LogInPageTest.java:32)
at com.OrangeHRMApplicationWebPagesTest.LogInPageTest.logInValidationTest(LogInPageTest.java:32)
at com.OrangeHRMApplicationWebPagesTest.LogInPageTest.logInValidationTest(LogInPageTest.java:32)
at com.OrangeHRMApplicationWebPagesTest.LogInPageTest.logInValidationTest(LogInPageTest.java:32)
at com.OrangeHRMApplicationWebPagesTest.LogInPageTest.logInValidationTest(LogInPageTest.java:32)
at com.OrangeHRMApplicationWebPagesTest.LogInPageTest.logInValidationTest(LogInPageTest.java:32)
at com.OrangeHRMApplicationWebPagesTest.LogInPageTest.logInValidationTest(LogInPageTest.java:32)
at com.OrangeHRMApplicationWebPagesTest.LogInPageTest.logInValidationTest(LogInPageTest.java:32)
at com.OrangeHRMApplicationWebPagesTest.LogInPageTest.logInValidationTest(LogInPageTest.java:32)
at com.OrangeHRMApplicationWebPagesTest.LogInPageTest.logInValidationTest(LogInPageTest.java:32)
at com.OrangeHRMApplicationWebPagesTest.LogInPageTest.logInValidationTest(LogInPageTest.java:32)
at com.OrangeHRMApplicationWebPagesTest.LogInPageTest.logInValidationTest(LogInPageTest.java:32)
at com.OrangeHRMApplicationWebPagesTest.LogInPageTest.logInValidationTest(LogInPageTest.java:32)
at com.OrangeHRMApplicationWebPagesTest.LogInPageTest.logInValidationTest(LogInPageTest.java:32)
at com.OrangeHRMApplicationWebPagesTest.LogInPageTest.logInValidationTest(LogInPageTest.java:32)
at com.OrangeHRMApplicationWebPagesTest.LogInPageTest.logInValidationTest(LogInPageTest.java:32)
at com.OrangeHRMApplicationWebPagesTest.LogInPageTest.logInValidationTest(LogInPageTest.java:32)
at com.OrangeHRMApplicationWebPagesTest.LogInPageTest.logInValidationTest(LogInPageTest.java:32)
at com.OrangeHRMApplicationWebPagesTest.LogInPageTest.logInValidationTest(LogInPageTest.java:32)
at com.OrangeHRMApplicationWebPagesTest.LogInPageTest.logInValidationTest(LogInPageTest.java:32)
at com.OrangeHRMApplicationWebPagesTest.LogInPageTest.logInValidationTest(LogInPageTest.java:32)
at com.OrangeHRMApplicationWebPagesTest.LogInPageTest.logInValidationTest(LogInPageTest.java:32)
at com.OrangeHRMApplicationWebPagesTest.LogInPageTest.logInValidationTest(LogInPageTest.java:32)
at com.OrangeHRMApplicationWebPagesTest.LogInPageTest.logInValidationTest(LogInPageTest.java:32)
at com.OrangeHRMApplicationWebPagesTest.LogInPageTest.logInValidationTest(LogInPageTest.java:32)
at com.OrangeHRMApplicationWebPagesTest.LogInPageTest.logInValidationTest(LogInPageTest.java:32)
at com.OrangeHRMApplicationWebPagesTest.LogInPageTest.logInValidationTest(LogInPageTest.java:32)
at com.OrangeHRMApplicationWebPagesTest.LogInPageTest.logInValidationTest(LogInPageTest.java:32)
at com.OrangeHRMApplicationWebPagesTest.LogInPageTest.logInValidationTest(LogInPageTest.java:32)
at com.OrangeHRMApplicationWebPagesTest.LogInPageTest.logInValidationTest(LogInPageTest.java:32)
at com.OrangeHRMApplicationWebPagesTest.LogInPageTest.logInValidationTest(LogInPageTest.java:32)
at com.OrangeHRMApplicationWebPagesTest.LogInPageTest.logInValidationTest(LogInPageTest.java:32)
at com.OrangeHRMApplicationWebPagesTest.LogInPageTest.logInValidationTest(LogInPageTest.java:32)
at com.OrangeHRMApplicationWebPagesTest.LogInPageTest.logInValidationTest(LogInPageTest.java:32)
at com.OrangeHRMApplicationWebPagesTest.LogInPageTest.logInValidationTest(LogInPageTest.java:32)
at com.OrangeHRMApplicationWebPagesTest.LogInPageTest.logInValidationTest(LogInPageTest.java:32)
at com.OrangeHRMApplicationWebPagesTest.LogInPageTest.logInValidationTest(LogInPageTest.java:32)
at com.OrangeHRMApplicationWebPagesTest.LogInPageTest.logInValidationTest(LogInPageTest.java:32)
at com.OrangeHRMApplicationWebPagesTest.LogInPageTest.logInValidationTest(LogInPageTest.java:32)
at com.OrangeHRMApplicationWebPagesTest.LogInPageTest.logInValidationTest(LogInPageTest.java:32)
at com.OrangeHRMApplicationWebPagesTest.LogInPageTest.logInValidationTest(LogInPageTest.java:32)
at com.OrangeHRMApplicationWebPagesTest.LogInPageTest.logInValidationTest(LogInPageTest.java:32)
at com.OrangeHRMApplicationWebPagesTest.LogInPageTest.logInValidationTest(LogInPageTest.java:32)
at com.OrangeHRMApplicationWebPagesTest.LogInPageTest.logInValidationTest(LogInPageTest.java:32)
at com.OrangeHRMApplicationWebPagesTest.LogInPageTest.logInValidationTest(LogInPageTest.java:32)
at com.OrangeHRMApplicationWebPagesTest.LogInPageTest.logInValidationTest(LogInPageTest.java:32)
at com.OrangeHRMApplicationWebPagesTest.LogInPageTest.logInValidationTest(LogInPageTest.java:32)
at com.OrangeHRMApplicationWebPagesTest.LogInPageTest.logInValidationTest(LogInPageTest.java:32)
at com.OrangeHRMApplicationWebPagesTest.LogInPageTest.logInValidationTest(LogInPageTest.java:32)
at com.OrangeHRMApplicationWebPagesTest.LogInPageTest.logInValidationTest(LogInPageTest.java:32)
at com.OrangeHRMApplicationWebPagesTest.LogInPageTest.logInValidationTest(LogInPageTest.java:32)
]]>
            </full-stacktrace>
          </exception> <!-- java.lang.StackOverflowError -->
          <reporter-output>
          </reporter-output>
        </test-method> <!-- logInValidationTest -->
        <test-method is-config="true" signature="orangeHRMApplicationClose()[pri:0, instance:com.OrangeHRMApplicationWebPagesTest.LogInPageTest@6e6f2380]" started-at="2024-05-16T19:24:09 IST" name="orangeHRMApplicationClose" finished-at="2024-05-16T19:24:09 IST" duration-ms="129" status="PASS">
          <reporter-output>
          </reporter-output>
        </test-method> <!-- orangeHRMApplicationClose -->
      </class> <!-- com.OrangeHRMApplicationWebPagesTest.LogInPageTest -->
    </test> <!-- Default test -->
  </suite> <!-- Default suite -->
</testng-results>
